#
# There is insufficient memory for the Java Runtime Environment to continue.
# Native memory allocation (malloc) failed to allocate 1501296 bytes for Chunk::new
# Possible reasons:
#   The system is out of physical RAM or swap space
#   The process is running with CompressedOops enabled, and the Java Heap may be blocking the growth of the native heap
# Possible solutions:
#   Reduce memory load on the system
#   Increase physical memory or swap space
#   Check if swap backing store is full
#   Decrease Java heap size (-Xmx/-Xms)
#   Decrease number of Java threads
#   Decrease Java thread stack sizes (-Xss)
#   Set larger code cache with -XX:ReservedCodeCacheSize=
#   JVM is running with Unscaled Compressed Oops mode in which the Java heap is
#     placed in the first 4GB address space. The Java Heap base address is the
#     maximum limit for the native heap growth. Please use -XX:HeapBaseMinAddress
#     to set the Java Heap base and to place the Java Heap above 4GB virtual address.
# This output file may be truncated or incomplete.
#
#  Out of Memory Error (arena.cpp:166), pid=10712, tid=4564
#
# JRE version: OpenJDK Runtime Environment (21.0+35) (build 21+35-2513)
# Java VM: OpenJDK 64-Bit Server VM (21+35-2513, mixed mode, sharing, tiered, compressed oops, compressed class ptrs, g1 gc, windows-amd64)
# No core dump will be written. Minidumps are not enabled by default on client versions of Windows
#

---------------  S U M M A R Y ------------

Command Line: --add-opens=java.base/java.util=ALL-UNNAMED --add-opens=java.base/java.lang=ALL-UNNAMED --add-opens=java.base/java.lang.invoke=ALL-UNNAMED --add-opens=java.prefs/java.util.prefs=ALL-UNNAMED --add-opens=java.base/java.nio.charset=ALL-UNNAMED --add-opens=java.base/java.net=ALL-UNNAMED --add-opens=java.base/java.util.concurrent.atomic=ALL-UNNAMED -XX:MaxMetaspaceSize=384m -XX:+HeapDumpOnOutOfMemoryError -Xms256m -Xmx512m -Dfile.encoding=windows-1252 -Duser.country=US -Duser.language=en -Duser.variant -javaagent:C:\Users\TU\.gradle\wrapper\dists\gradle-8.5-bin\5t9huq95ubn472n8rpzujfbqh\gradle-8.5\lib\agents\gradle-instrumentation-agent-8.5.jar org.gradle.launcher.daemon.bootstrap.GradleDaemon 8.5

Host: Intel(R) Core(TM) i7-9750H CPU @ 2.60GHz, 12 cores, 15G,  Windows 10 , 64 bit Build 17763 (10.0.17763.4720)
Time: Mon Apr  1 21:22:30 2024 SE Asia Standard Time elapsed time: 3.599174 seconds (0d 0h 0m 3s)

---------------  T H R E A D  ---------------

Current thread (0x0000019c166d1910):  JavaThread "C2 CompilerThread2" daemon [_thread_in_native, id=4564, stack(0x00000043cdd00000,0x00000043cde00000) (1024K)]


Current CompileTask:
C2:   3599 2625       4       java.net.URLClassLoader$1::run (5 bytes)

Stack: [0x00000043cdd00000,0x00000043cde00000]
Native frames: (J=compiled Java code, j=interpreted, Vv=VM code, C=native code)
V  [jvm.dll+0x6c8d39]
V  [jvm.dll+0x854091]
V  [jvm.dll+0x85630e]
V  [jvm.dll+0x8569e3]
V  [jvm.dll+0x2809a6]
V  [jvm.dll+0xc3e6d]
V  [jvm.dll+0xc4383]
V  [jvm.dll+0x3b551c]
V  [jvm.dll+0x1e1db3]
V  [jvm.dll+0x249952]
V  [jvm.dll+0x248de1]
V  [jvm.dll+0x1c9b91]
V  [jvm.dll+0x2583e9]
V  [jvm.dll+0x2569ca]
V  [jvm.dll+0x3eef66]
V  [jvm.dll+0x7fd2c8]
V  [jvm.dll+0x6c748d]
C  [ucrtbase.dll+0x2268a]
C  [KERNEL32.DLL+0x17ac4]
C  [ntdll.dll+0x5a351]


---------------  P R O C E S S  ---------------

Threads class SMR info:
_java_thread_list=0x0000019c7e093820, length=27, elements={
0x0000019c5cb86b30, 0x0000019c79d959d0, 0x0000019c79d98800, 0x0000019c79d9abf0,
0x0000019c79d9c660, 0x0000019c79d9d4d0, 0x0000019c79d9df30, 0x0000019c79da1870,
0x0000019c79da2310, 0x0000019c7e0fbe60, 0x0000019c7e2f9b50, 0x0000019c7faaeee0,
0x0000019c7edf4710, 0x0000019c7f8d98d0, 0x0000019c7fb0f610, 0x0000019c7fb0fca0,
0x0000019c7fb0dbd0, 0x0000019c7fb0e8f0, 0x0000019c7fb10330, 0x0000019c7fb0ceb0,
0x0000019c7fb0ef80, 0x0000019c157ca6b0, 0x0000019c157c9300, 0x0000019c157c46e0,
0x0000019c157ca020, 0x0000019c166d1910, 0x0000019c157cad40
}

Java Threads: ( => current thread )
  0x0000019c5cb86b30 JavaThread "main"                              [_thread_blocked, id=18644, stack(0x00000043cb800000,0x00000043cb900000) (1024K)]
  0x0000019c79d959d0 JavaThread "Reference Handler"          daemon [_thread_blocked, id=19528, stack(0x00000043cc000000,0x00000043cc100000) (1024K)]
  0x0000019c79d98800 JavaThread "Finalizer"                  daemon [_thread_blocked, id=16500, stack(0x00000043cc100000,0x00000043cc200000) (1024K)]
  0x0000019c79d9abf0 JavaThread "Signal Dispatcher"          daemon [_thread_blocked, id=3368, stack(0x00000043cc200000,0x00000043cc300000) (1024K)]
  0x0000019c79d9c660 JavaThread "Attach Listener"            daemon [_thread_blocked, id=15384, stack(0x00000043cc300000,0x00000043cc400000) (1024K)]
  0x0000019c79d9d4d0 JavaThread "Service Thread"             daemon [_thread_blocked, id=10732, stack(0x00000043cc400000,0x00000043cc500000) (1024K)]
  0x0000019c79d9df30 JavaThread "Monitor Deflation Thread"   daemon [_thread_blocked, id=10832, stack(0x00000043cc500000,0x00000043cc600000) (1024K)]
  0x0000019c79da1870 JavaThread "C2 CompilerThread0"         daemon [_thread_in_native, id=13360, stack(0x00000043cc600000,0x00000043cc700000) (1024K)]
  0x0000019c79da2310 JavaThread "C1 CompilerThread0"         daemon [_thread_blocked, id=15628, stack(0x00000043cc700000,0x00000043cc800000) (1024K)]
  0x0000019c7e0fbe60 JavaThread "Common-Cleaner"             daemon [_thread_blocked, id=12760, stack(0x00000043cc800000,0x00000043cc900000) (1024K)]
  0x0000019c7e2f9b50 JavaThread "Notification Thread"        daemon [_thread_blocked, id=18416, stack(0x00000043cc900000,0x00000043cca00000) (1024K)]
  0x0000019c7faaeee0 JavaThread "Daemon health stats"               [_thread_blocked, id=7592, stack(0x00000043cd100000,0x00000043cd200000) (1024K)]
  0x0000019c7edf4710 JavaThread "Incoming local TCP Connector on port 49606"        [_thread_in_native, id=12424, stack(0x00000043cd200000,0x00000043cd300000) (1024K)]
  0x0000019c7f8d98d0 JavaThread "Daemon periodic checks"            [_thread_blocked, id=1356, stack(0x00000043cd300000,0x00000043cd400000) (1024K)]
  0x0000019c7fb0f610 JavaThread "Daemon"                            [_thread_blocked, id=14908, stack(0x00000043cd400000,0x00000043cd500000) (1024K)]
  0x0000019c7fb0fca0 JavaThread "Handler for socket connection from /127.0.0.1:49606 to /127.0.0.1:49607"        [_thread_in_native, id=5868, stack(0x00000043cd500000,0x00000043cd600000) (1024K)]
  0x0000019c7fb0dbd0 JavaThread "Cancel handler"                    [_thread_blocked, id=18680, stack(0x00000043cd600000,0x00000043cd700000) (1024K)]
  0x0000019c7fb0e8f0 JavaThread "Daemon worker"                     [_thread_in_Java, id=16444, stack(0x00000043cd700000,0x00000043cd800000) (1024K)]
  0x0000019c7fb10330 JavaThread "Asynchronous log dispatcher for DefaultDaemonConnection: socket connection from /127.0.0.1:49606 to /127.0.0.1:49607"        [_thread_blocked, id=13192, stack(0x00000043cd800000,0x00000043cd900000) (1024K)]
  0x0000019c7fb0ceb0 JavaThread "Stdin handler"                     [_thread_blocked, id=20400, stack(0x00000043cd900000,0x00000043cda00000) (1024K)]
  0x0000019c7fb0ef80 JavaThread "Daemon client event forwarder"        [_thread_blocked, id=21428, stack(0x00000043cda00000,0x00000043cdb00000) (1024K)]
  0x0000019c157ca6b0 JavaThread "Cache worker for journal cache (C:\Users\TU\.gradle\caches\journal-1)"        [_thread_blocked, id=20308, stack(0x00000043cdb00000,0x00000043cdc00000) (1024K)]
  0x0000019c157c9300 JavaThread "File lock request listener"        [_thread_in_native, id=18712, stack(0x00000043cdc00000,0x00000043cdd00000) (1024K)]
  0x0000019c157c46e0 JavaThread "C2 CompilerThread1"         daemon [_thread_in_native, id=14700, stack(0x00000043cca00000,0x00000043ccb00000) (1024K)]
  0x0000019c157ca020 JavaThread "Cache worker for file hash cache (C:\Users\TU\.gradle\caches\8.5\fileHashes)"        [_thread_blocked, id=20092, stack(0x00000043ccb00000,0x00000043ccc00000) (1024K)]
=>0x0000019c166d1910 JavaThread "C2 CompilerThread2"         daemon [_thread_in_native, id=4564, stack(0x00000043cdd00000,0x00000043cde00000) (1024K)]
  0x0000019c157cad40 JavaThread "File lock release action executor"        [_thread_blocked, id=13620, stack(0x00000043cde00000,0x00000043cdf00000) (1024K)]
Total: 27

Other Threads:
  0x0000019c79d790b0 VMThread "VM Thread"                           [id=19188, stack(0x00000043cbf00000,0x00000043cc000000) (1024K)]
  0x0000019c79d5fba0 WatcherThread "VM Periodic Task Thread"        [id=7600, stack(0x00000043cbe00000,0x00000043cbf00000) (1024K)]
  0x0000019c5ed818f0 WorkerThread "GC Thread#0"                     [id=17416, stack(0x00000043cb900000,0x00000043cba00000) (1024K)]
  0x0000019c7e68f7a0 WorkerThread "GC Thread#1"                     [id=2976, stack(0x00000043ccc00000,0x00000043ccd00000) (1024K)]
  0x0000019c7e68fb40 WorkerThread "GC Thread#2"                     [id=18528, stack(0x00000043ccd00000,0x00000043cce00000) (1024K)]
  0x0000019c7eac2890 WorkerThread "GC Thread#3"                     [id=17544, stack(0x00000043cce00000,0x00000043ccf00000) (1024K)]
  0x0000019c7eb9f0c0 WorkerThread "GC Thread#4"                     [id=19608, stack(0x00000043ccf00000,0x00000043cd000000) (1024K)]
  0x0000019c7eb9f460 WorkerThread "GC Thread#5"                     [id=15608, stack(0x00000043cd000000,0x00000043cd100000) (1024K)]
  0x0000019c5ed86990 ConcurrentGCThread "G1 Main Marker"            [id=14028, stack(0x00000043cba00000,0x00000043cbb00000) (1024K)]
  0x0000019c5ed87f60 WorkerThread "G1 Conc#0"                       [id=21040, stack(0x00000043cbb00000,0x00000043cbc00000) (1024K)]
  0x0000019c5ee1e7d0 ConcurrentGCThread "G1 Refine#0"               [id=21412, stack(0x00000043cbc00000,0x00000043cbd00000) (1024K)]
  0x0000019c79c2f950 ConcurrentGCThread "G1 Service"                [id=3252, stack(0x00000043cbd00000,0x00000043cbe00000) (1024K)]
Total: 12

Threads with active compile tasks:
C2 CompilerThread0     3639 2713       4       java.lang.invoke.MethodType::makeImpl (109 bytes)
C1 CompilerThread0     3639 2837       3       java.lang.invoke.InvokerBytecodeGenerator::emitConst (333 bytes)
C2 CompilerThread1     3639 2621   !   4       java.lang.ClassLoader::loadClass (121 bytes)
C2 CompilerThread2     3639 2625       4       java.net.URLClassLoader$1::run (5 bytes)
Total: 4

VM state: not at safepoint (normal execution)

VM Mutex/Monitor currently owned by a thread: None

Heap address: 0x00000000e0000000, size: 512 MB, Compressed Oops mode: 32-bit

CDS archive(s) mapped at: [0x0000019c00000000-0x0000019c00c90000-0x0000019c00c90000), size 13172736, SharedBaseAddress: 0x0000019c00000000, ArchiveRelocationMode: 1.
Compressed class space mapped at: 0x0000019c01000000-0x0000019c15000000, reserved size: 335544320
Narrow klass base: 0x0000019c00000000, Narrow klass shift: 0, Narrow klass range: 0x100000000

GC Precious Log:
 CardTable entry size: 512
 Card Set container configuration: InlinePtr #cards 5 size 8 Array Of Cards #cards 12 size 40 Howl #buckets 4 coarsen threshold 1843 Howl Bitmap #cards 512 size 80 coarsen threshold 460 Card regions per heap region 1 cards per card region 2048
 CPUs: 12 total, 12 available
 Memory: 16225M
 Large Page Support: Disabled
 NUMA Support: Disabled
 Compressed Oops: Enabled (32-bit)
 Heap Region Size: 1M
 Heap Min Capacity: 256M
 Heap Initial Capacity: 256M
 Heap Max Capacity: 512M
 Pre-touch: Disabled
 Parallel Workers: 10
 Concurrent Workers: 3
 Concurrent Refinement Workers: 10
 Periodic GC: Disabled

Heap:
 garbage-first heap   total 262144K, used 105428K [0x00000000e0000000, 0x0000000100000000)
  region size 1024K, 94 young (96256K), 1 survivors (1024K)
 Metaspace       used 19343K, committed 19968K, reserved 393216K
  class space    used 2803K, committed 3072K, reserved 327680K

Heap Regions: E=young(eden), S=young(survivor), O=old, HS=humongous(starts), HC=humongous(continues), CS=collection set, F=free, TAMS=top-at-mark-start, PB=parsable bottom
|   0|0x00000000e0000000, 0x00000000e0100000, 0x00000000e0100000|100%|HS|  |TAMS 0x00000000e0000000| PB 0x00000000e0000000| Complete 
|   1|0x00000000e0100000, 0x00000000e0200000, 0x00000000e0200000|100%|HC|  |TAMS 0x00000000e0100000| PB 0x00000000e0100000| Complete 
|   2|0x00000000e0200000, 0x00000000e0300000, 0x00000000e0300000|100%|HC|  |TAMS 0x00000000e0200000| PB 0x00000000e0200000| Complete 
|   3|0x00000000e0300000, 0x00000000e0400000, 0x00000000e0400000|100%|HC|  |TAMS 0x00000000e0300000| PB 0x00000000e0300000| Complete 
|   4|0x00000000e0400000, 0x00000000e0500000, 0x00000000e0500000|100%| O|  |TAMS 0x00000000e0400000| PB 0x00000000e0400000| Untracked 
|   5|0x00000000e0500000, 0x00000000e0600000, 0x00000000e0600000|100%| O|  |TAMS 0x00000000e0500000| PB 0x00000000e0500000| Untracked 
|   6|0x00000000e0600000, 0x00000000e0700000, 0x00000000e0700000|100%| O|  |TAMS 0x00000000e0600000| PB 0x00000000e0600000| Untracked 
|   7|0x00000000e0700000, 0x00000000e0800000, 0x00000000e0800000|100%| O|  |TAMS 0x00000000e0700000| PB 0x00000000e0700000| Untracked 
|   8|0x00000000e0800000, 0x00000000e0900000, 0x00000000e0900000|100%| O|  |TAMS 0x00000000e0800000| PB 0x00000000e0800000| Untracked 
|   9|0x00000000e0900000, 0x00000000e0a00000, 0x00000000e0a00000|100%| O|  |TAMS 0x00000000e0900000| PB 0x00000000e0900000| Untracked 
|  10|0x00000000e0a00000, 0x00000000e0a39810, 0x00000000e0b00000| 22%| O|  |TAMS 0x00000000e0a00000| PB 0x00000000e0a00000| Untracked 
|  11|0x00000000e0b00000, 0x00000000e0c00000, 0x00000000e0c00000|100%|HS|  |TAMS 0x00000000e0b00000| PB 0x00000000e0b00000| Complete 
|  12|0x00000000e0c00000, 0x00000000e0c00000, 0x00000000e0d00000|  0%| F|  |TAMS 0x00000000e0c00000| PB 0x00000000e0c00000| Untracked 
|  13|0x00000000e0d00000, 0x00000000e0d00000, 0x00000000e0e00000|  0%| F|  |TAMS 0x00000000e0d00000| PB 0x00000000e0d00000| Untracked 
|  14|0x00000000e0e00000, 0x00000000e0e00000, 0x00000000e0f00000|  0%| F|  |TAMS 0x00000000e0e00000| PB 0x00000000e0e00000| Untracked 
|  15|0x00000000e0f00000, 0x00000000e0f00000, 0x00000000e1000000|  0%| F|  |TAMS 0x00000000e0f00000| PB 0x00000000e0f00000| Untracked 
|  16|0x00000000e1000000, 0x00000000e1000000, 0x00000000e1100000|  0%| F|  |TAMS 0x00000000e1000000| PB 0x00000000e1000000| Untracked 
|  17|0x00000000e1100000, 0x00000000e1100000, 0x00000000e1200000|  0%| F|  |TAMS 0x00000000e1100000| PB 0x00000000e1100000| Untracked 
|  18|0x00000000e1200000, 0x00000000e1200000, 0x00000000e1300000|  0%| F|  |TAMS 0x00000000e1200000| PB 0x00000000e1200000| Untracked 
|  19|0x00000000e1300000, 0x00000000e1300000, 0x00000000e1400000|  0%| F|  |TAMS 0x00000000e1300000| PB 0x00000000e1300000| Untracked 
|  20|0x00000000e1400000, 0x00000000e1400000, 0x00000000e1500000|  0%| F|  |TAMS 0x00000000e1400000| PB 0x00000000e1400000| Untracked 
|  21|0x00000000e1500000, 0x00000000e1500000, 0x00000000e1600000|  0%| F|  |TAMS 0x00000000e1500000| PB 0x00000000e1500000| Untracked 
|  22|0x00000000e1600000, 0x00000000e1600000, 0x00000000e1700000|  0%| F|  |TAMS 0x00000000e1600000| PB 0x00000000e1600000| Untracked 
|  23|0x00000000e1700000, 0x00000000e1700000, 0x00000000e1800000|  0%| F|  |TAMS 0x00000000e1700000| PB 0x00000000e1700000| Untracked 
|  24|0x00000000e1800000, 0x00000000e1800000, 0x00000000e1900000|  0%| F|  |TAMS 0x00000000e1800000| PB 0x00000000e1800000| Untracked 
|  25|0x00000000e1900000, 0x00000000e1900000, 0x00000000e1a00000|  0%| F|  |TAMS 0x00000000e1900000| PB 0x00000000e1900000| Untracked 
|  26|0x00000000e1a00000, 0x00000000e1a00000, 0x00000000e1b00000|  0%| F|  |TAMS 0x00000000e1a00000| PB 0x00000000e1a00000| Untracked 
|  27|0x00000000e1b00000, 0x00000000e1b00000, 0x00000000e1c00000|  0%| F|  |TAMS 0x00000000e1b00000| PB 0x00000000e1b00000| Untracked 
|  28|0x00000000e1c00000, 0x00000000e1c00000, 0x00000000e1d00000|  0%| F|  |TAMS 0x00000000e1c00000| PB 0x00000000e1c00000| Untracked 
|  29|0x00000000e1d00000, 0x00000000e1d00000, 0x00000000e1e00000|  0%| F|  |TAMS 0x00000000e1d00000| PB 0x00000000e1d00000| Untracked 
|  30|0x00000000e1e00000, 0x00000000e1e00000, 0x00000000e1f00000|  0%| F|  |TAMS 0x00000000e1e00000| PB 0x00000000e1e00000| Untracked 
|  31|0x00000000e1f00000, 0x00000000e1f00000, 0x00000000e2000000|  0%| F|  |TAMS 0x00000000e1f00000| PB 0x00000000e1f00000| Untracked 
|  32|0x00000000e2000000, 0x00000000e2000000, 0x00000000e2100000|  0%| F|  |TAMS 0x00000000e2000000| PB 0x00000000e2000000| Untracked 
|  33|0x00000000e2100000, 0x00000000e2100000, 0x00000000e2200000|  0%| F|  |TAMS 0x00000000e2100000| PB 0x00000000e2100000| Untracked 
|  34|0x00000000e2200000, 0x00000000e2200000, 0x00000000e2300000|  0%| F|  |TAMS 0x00000000e2200000| PB 0x00000000e2200000| Untracked 
|  35|0x00000000e2300000, 0x00000000e2300000, 0x00000000e2400000|  0%| F|  |TAMS 0x00000000e2300000| PB 0x00000000e2300000| Untracked 
|  36|0x00000000e2400000, 0x00000000e2400000, 0x00000000e2500000|  0%| F|  |TAMS 0x00000000e2400000| PB 0x00000000e2400000| Untracked 
|  37|0x00000000e2500000, 0x00000000e2500000, 0x00000000e2600000|  0%| F|  |TAMS 0x00000000e2500000| PB 0x00000000e2500000| Untracked 
|  38|0x00000000e2600000, 0x00000000e2600000, 0x00000000e2700000|  0%| F|  |TAMS 0x00000000e2600000| PB 0x00000000e2600000| Untracked 
|  39|0x00000000e2700000, 0x00000000e2700000, 0x00000000e2800000|  0%| F|  |TAMS 0x00000000e2700000| PB 0x00000000e2700000| Untracked 
|  40|0x00000000e2800000, 0x00000000e2800000, 0x00000000e2900000|  0%| F|  |TAMS 0x00000000e2800000| PB 0x00000000e2800000| Untracked 
|  41|0x00000000e2900000, 0x00000000e2900000, 0x00000000e2a00000|  0%| F|  |TAMS 0x00000000e2900000| PB 0x00000000e2900000| Untracked 
|  42|0x00000000e2a00000, 0x00000000e2a00000, 0x00000000e2b00000|  0%| F|  |TAMS 0x00000000e2a00000| PB 0x00000000e2a00000| Untracked 
|  43|0x00000000e2b00000, 0x00000000e2b00000, 0x00000000e2c00000|  0%| F|  |TAMS 0x00000000e2b00000| PB 0x00000000e2b00000| Untracked 
|  44|0x00000000e2c00000, 0x00000000e2c00000, 0x00000000e2d00000|  0%| F|  |TAMS 0x00000000e2c00000| PB 0x00000000e2c00000| Untracked 
|  45|0x00000000e2d00000, 0x00000000e2d00000, 0x00000000e2e00000|  0%| F|  |TAMS 0x00000000e2d00000| PB 0x00000000e2d00000| Untracked 
|  46|0x00000000e2e00000, 0x00000000e2e00000, 0x00000000e2f00000|  0%| F|  |TAMS 0x00000000e2e00000| PB 0x00000000e2e00000| Untracked 
|  47|0x00000000e2f00000, 0x00000000e2f00000, 0x00000000e3000000|  0%| F|  |TAMS 0x00000000e2f00000| PB 0x00000000e2f00000| Untracked 
|  48|0x00000000e3000000, 0x00000000e3000000, 0x00000000e3100000|  0%| F|  |TAMS 0x00000000e3000000| PB 0x00000000e3000000| Untracked 
|  49|0x00000000e3100000, 0x00000000e3100000, 0x00000000e3200000|  0%| F|  |TAMS 0x00000000e3100000| PB 0x00000000e3100000| Untracked 
|  50|0x00000000e3200000, 0x00000000e3200000, 0x00000000e3300000|  0%| F|  |TAMS 0x00000000e3200000| PB 0x00000000e3200000| Untracked 
|  51|0x00000000e3300000, 0x00000000e3300000, 0x00000000e3400000|  0%| F|  |TAMS 0x00000000e3300000| PB 0x00000000e3300000| Untracked 
|  52|0x00000000e3400000, 0x00000000e3400000, 0x00000000e3500000|  0%| F|  |TAMS 0x00000000e3400000| PB 0x00000000e3400000| Untracked 
|  53|0x00000000e3500000, 0x00000000e3500000, 0x00000000e3600000|  0%| F|  |TAMS 0x00000000e3500000| PB 0x00000000e3500000| Untracked 
|  54|0x00000000e3600000, 0x00000000e3600000, 0x00000000e3700000|  0%| F|  |TAMS 0x00000000e3600000| PB 0x00000000e3600000| Untracked 
|  55|0x00000000e3700000, 0x00000000e3700000, 0x00000000e3800000|  0%| F|  |TAMS 0x00000000e3700000| PB 0x00000000e3700000| Untracked 
|  56|0x00000000e3800000, 0x00000000e3800000, 0x00000000e3900000|  0%| F|  |TAMS 0x00000000e3800000| PB 0x00000000e3800000| Untracked 
|  57|0x00000000e3900000, 0x00000000e3900000, 0x00000000e3a00000|  0%| F|  |TAMS 0x00000000e3900000| PB 0x00000000e3900000| Untracked 
|  58|0x00000000e3a00000, 0x00000000e3a00000, 0x00000000e3b00000|  0%| F|  |TAMS 0x00000000e3a00000| PB 0x00000000e3a00000| Untracked 
|  59|0x00000000e3b00000, 0x00000000e3b00000, 0x00000000e3c00000|  0%| F|  |TAMS 0x00000000e3b00000| PB 0x00000000e3b00000| Untracked 
|  60|0x00000000e3c00000, 0x00000000e3c00000, 0x00000000e3d00000|  0%| F|  |TAMS 0x00000000e3c00000| PB 0x00000000e3c00000| Untracked 
|  61|0x00000000e3d00000, 0x00000000e3d00000, 0x00000000e3e00000|  0%| F|  |TAMS 0x00000000e3d00000| PB 0x00000000e3d00000| Untracked 
|  62|0x00000000e3e00000, 0x00000000e3e00000, 0x00000000e3f00000|  0%| F|  |TAMS 0x00000000e3e00000| PB 0x00000000e3e00000| Untracked 
|  63|0x00000000e3f00000, 0x00000000e3f00000, 0x00000000e4000000|  0%| F|  |TAMS 0x00000000e3f00000| PB 0x00000000e3f00000| Untracked 
|  64|0x00000000e4000000, 0x00000000e4000000, 0x00000000e4100000|  0%| F|  |TAMS 0x00000000e4000000| PB 0x00000000e4000000| Untracked 
|  65|0x00000000e4100000, 0x00000000e4100000, 0x00000000e4200000|  0%| F|  |TAMS 0x00000000e4100000| PB 0x00000000e4100000| Untracked 
|  66|0x00000000e4200000, 0x00000000e4200000, 0x00000000e4300000|  0%| F|  |TAMS 0x00000000e4200000| PB 0x00000000e4200000| Untracked 
|  67|0x00000000e4300000, 0x00000000e4300000, 0x00000000e4400000|  0%| F|  |TAMS 0x00000000e4300000| PB 0x00000000e4300000| Untracked 
|  68|0x00000000e4400000, 0x00000000e4400000, 0x00000000e4500000|  0%| F|  |TAMS 0x00000000e4400000| PB 0x00000000e4400000| Untracked 
|  69|0x00000000e4500000, 0x00000000e4500000, 0x00000000e4600000|  0%| F|  |TAMS 0x00000000e4500000| PB 0x00000000e4500000| Untracked 
|  70|0x00000000e4600000, 0x00000000e4600000, 0x00000000e4700000|  0%| F|  |TAMS 0x00000000e4600000| PB 0x00000000e4600000| Untracked 
|  71|0x00000000e4700000, 0x00000000e4700000, 0x00000000e4800000|  0%| F|  |TAMS 0x00000000e4700000| PB 0x00000000e4700000| Untracked 
|  72|0x00000000e4800000, 0x00000000e4800000, 0x00000000e4900000|  0%| F|  |TAMS 0x00000000e4800000| PB 0x00000000e4800000| Untracked 
|  73|0x00000000e4900000, 0x00000000e4900000, 0x00000000e4a00000|  0%| F|  |TAMS 0x00000000e4900000| PB 0x00000000e4900000| Untracked 
|  74|0x00000000e4a00000, 0x00000000e4a00000, 0x00000000e4b00000|  0%| F|  |TAMS 0x00000000e4a00000| PB 0x00000000e4a00000| Untracked 
|  75|0x00000000e4b00000, 0x00000000e4b00000, 0x00000000e4c00000|  0%| F|  |TAMS 0x00000000e4b00000| PB 0x00000000e4b00000| Untracked 
|  76|0x00000000e4c00000, 0x00000000e4c00000, 0x00000000e4d00000|  0%| F|  |TAMS 0x00000000e4c00000| PB 0x00000000e4c00000| Untracked 
|  77|0x00000000e4d00000, 0x00000000e4d00000, 0x00000000e4e00000|  0%| F|  |TAMS 0x00000000e4d00000| PB 0x00000000e4d00000| Untracked 
|  78|0x00000000e4e00000, 0x00000000e4e00000, 0x00000000e4f00000|  0%| F|  |TAMS 0x00000000e4e00000| PB 0x00000000e4e00000| Untracked 
|  79|0x00000000e4f00000, 0x00000000e4f00000, 0x00000000e5000000|  0%| F|  |TAMS 0x00000000e4f00000| PB 0x00000000e4f00000| Untracked 
|  80|0x00000000e5000000, 0x00000000e5000000, 0x00000000e5100000|  0%| F|  |TAMS 0x00000000e5000000| PB 0x00000000e5000000| Untracked 
|  81|0x00000000e5100000, 0x00000000e5100000, 0x00000000e5200000|  0%| F|  |TAMS 0x00000000e5100000| PB 0x00000000e5100000| Untracked 
|  82|0x00000000e5200000, 0x00000000e5200000, 0x00000000e5300000|  0%| F|  |TAMS 0x00000000e5200000| PB 0x00000000e5200000| Untracked 
|  83|0x00000000e5300000, 0x00000000e5300000, 0x00000000e5400000|  0%| F|  |TAMS 0x00000000e5300000| PB 0x00000000e5300000| Untracked 
|  84|0x00000000e5400000, 0x00000000e5400000, 0x00000000e5500000|  0%| F|  |TAMS 0x00000000e5400000| PB 0x00000000e5400000| Untracked 
|  85|0x00000000e5500000, 0x00000000e5500000, 0x00000000e5600000|  0%| F|  |TAMS 0x00000000e5500000| PB 0x00000000e5500000| Untracked 
|  86|0x00000000e5600000, 0x00000000e5600000, 0x00000000e5700000|  0%| F|  |TAMS 0x00000000e5600000| PB 0x00000000e5600000| Untracked 
|  87|0x00000000e5700000, 0x00000000e5700000, 0x00000000e5800000|  0%| F|  |TAMS 0x00000000e5700000| PB 0x00000000e5700000| Untracked 
|  88|0x00000000e5800000, 0x00000000e5800000, 0x00000000e5900000|  0%| F|  |TAMS 0x00000000e5800000| PB 0x00000000e5800000| Untracked 
|  89|0x00000000e5900000, 0x00000000e5900000, 0x00000000e5a00000|  0%| F|  |TAMS 0x00000000e5900000| PB 0x00000000e5900000| Untracked 
|  90|0x00000000e5a00000, 0x00000000e5a00000, 0x00000000e5b00000|  0%| F|  |TAMS 0x00000000e5a00000| PB 0x00000000e5a00000| Untracked 
|  91|0x00000000e5b00000, 0x00000000e5b00000, 0x00000000e5c00000|  0%| F|  |TAMS 0x00000000e5b00000| PB 0x00000000e5b00000| Untracked 
|  92|0x00000000e5c00000, 0x00000000e5c00000, 0x00000000e5d00000|  0%| F|  |TAMS 0x00000000e5c00000| PB 0x00000000e5c00000| Untracked 
|  93|0x00000000e5d00000, 0x00000000e5d00000, 0x00000000e5e00000|  0%| F|  |TAMS 0x00000000e5d00000| PB 0x00000000e5d00000| Untracked 
|  94|0x00000000e5e00000, 0x00000000e5e00000, 0x00000000e5f00000|  0%| F|  |TAMS 0x00000000e5e00000| PB 0x00000000e5e00000| Untracked 
|  95|0x00000000e5f00000, 0x00000000e5f00000, 0x00000000e6000000|  0%| F|  |TAMS 0x00000000e5f00000| PB 0x00000000e5f00000| Untracked 
|  96|0x00000000e6000000, 0x00000000e6000000, 0x00000000e6100000|  0%| F|  |TAMS 0x00000000e6000000| PB 0x00000000e6000000| Untracked 
|  97|0x00000000e6100000, 0x00000000e6100000, 0x00000000e6200000|  0%| F|  |TAMS 0x00000000e6100000| PB 0x00000000e6100000| Untracked 
|  98|0x00000000e6200000, 0x00000000e6200000, 0x00000000e6300000|  0%| F|  |TAMS 0x00000000e6200000| PB 0x00000000e6200000| Untracked 
|  99|0x00000000e6300000, 0x00000000e6300000, 0x00000000e6400000|  0%| F|  |TAMS 0x00000000e6300000| PB 0x00000000e6300000| Untracked 
| 100|0x00000000e6400000, 0x00000000e6400000, 0x00000000e6500000|  0%| F|  |TAMS 0x00000000e6400000| PB 0x00000000e6400000| Untracked 
| 101|0x00000000e6500000, 0x00000000e6500000, 0x00000000e6600000|  0%| F|  |TAMS 0x00000000e6500000| PB 0x00000000e6500000| Untracked 
| 102|0x00000000e6600000, 0x00000000e6600000, 0x00000000e6700000|  0%| F|  |TAMS 0x00000000e6600000| PB 0x00000000e6600000| Untracked 
| 103|0x00000000e6700000, 0x00000000e6700000, 0x00000000e6800000|  0%| F|  |TAMS 0x00000000e6700000| PB 0x00000000e6700000| Untracked 
| 104|0x00000000e6800000, 0x00000000e6800000, 0x00000000e6900000|  0%| F|  |TAMS 0x00000000e6800000| PB 0x00000000e6800000| Untracked 
| 105|0x00000000e6900000, 0x00000000e6900000, 0x00000000e6a00000|  0%| F|  |TAMS 0x00000000e6900000| PB 0x00000000e6900000| Untracked 
| 106|0x00000000e6a00000, 0x00000000e6a00000, 0x00000000e6b00000|  0%| F|  |TAMS 0x00000000e6a00000| PB 0x00000000e6a00000| Untracked 
| 107|0x00000000e6b00000, 0x00000000e6b00000, 0x00000000e6c00000|  0%| F|  |TAMS 0x00000000e6b00000| PB 0x00000000e6b00000| Untracked 
| 108|0x00000000e6c00000, 0x00000000e6c00000, 0x00000000e6d00000|  0%| F|  |TAMS 0x00000000e6c00000| PB 0x00000000e6c00000| Untracked 
| 109|0x00000000e6d00000, 0x00000000e6d00000, 0x00000000e6e00000|  0%| F|  |TAMS 0x00000000e6d00000| PB 0x00000000e6d00000| Untracked 
| 110|0x00000000e6e00000, 0x00000000e6e00000, 0x00000000e6f00000|  0%| F|  |TAMS 0x00000000e6e00000| PB 0x00000000e6e00000| Untracked 
| 111|0x00000000e6f00000, 0x00000000e6f00000, 0x00000000e7000000|  0%| F|  |TAMS 0x00000000e6f00000| PB 0x00000000e6f00000| Untracked 
| 112|0x00000000e7000000, 0x00000000e7000000, 0x00000000e7100000|  0%| F|  |TAMS 0x00000000e7000000| PB 0x00000000e7000000| Untracked 
| 113|0x00000000e7100000, 0x00000000e7100000, 0x00000000e7200000|  0%| F|  |TAMS 0x00000000e7100000| PB 0x00000000e7100000| Untracked 
| 114|0x00000000e7200000, 0x00000000e7200000, 0x00000000e7300000|  0%| F|  |TAMS 0x00000000e7200000| PB 0x00000000e7200000| Untracked 
| 115|0x00000000e7300000, 0x00000000e7300000, 0x00000000e7400000|  0%| F|  |TAMS 0x00000000e7300000| PB 0x00000000e7300000| Untracked 
| 116|0x00000000e7400000, 0x00000000e7400000, 0x00000000e7500000|  0%| F|  |TAMS 0x00000000e7400000| PB 0x00000000e7400000| Untracked 
| 117|0x00000000e7500000, 0x00000000e7500000, 0x00000000e7600000|  0%| F|  |TAMS 0x00000000e7500000| PB 0x00000000e7500000| Untracked 
| 118|0x00000000e7600000, 0x00000000e7600000, 0x00000000e7700000|  0%| F|  |TAMS 0x00000000e7600000| PB 0x00000000e7600000| Untracked 
| 119|0x00000000e7700000, 0x00000000e7700000, 0x00000000e7800000|  0%| F|  |TAMS 0x00000000e7700000| PB 0x00000000e7700000| Untracked 
| 120|0x00000000e7800000, 0x00000000e7800000, 0x00000000e7900000|  0%| F|  |TAMS 0x00000000e7800000| PB 0x00000000e7800000| Untracked 
| 121|0x00000000e7900000, 0x00000000e7900000, 0x00000000e7a00000|  0%| F|  |TAMS 0x00000000e7900000| PB 0x00000000e7900000| Untracked 
| 122|0x00000000e7a00000, 0x00000000e7a00000, 0x00000000e7b00000|  0%| F|  |TAMS 0x00000000e7a00000| PB 0x00000000e7a00000| Untracked 
| 123|0x00000000e7b00000, 0x00000000e7b00000, 0x00000000e7c00000|  0%| F|  |TAMS 0x00000000e7b00000| PB 0x00000000e7b00000| Untracked 
| 124|0x00000000e7c00000, 0x00000000e7c00000, 0x00000000e7d00000|  0%| F|  |TAMS 0x00000000e7c00000| PB 0x00000000e7c00000| Untracked 
| 125|0x00000000e7d00000, 0x00000000e7d00000, 0x00000000e7e00000|  0%| F|  |TAMS 0x00000000e7d00000| PB 0x00000000e7d00000| Untracked 
| 126|0x00000000e7e00000, 0x00000000e7e00000, 0x00000000e7f00000|  0%| F|  |TAMS 0x00000000e7e00000| PB 0x00000000e7e00000| Untracked 
| 127|0x00000000e7f00000, 0x00000000e7f00000, 0x00000000e8000000|  0%| F|  |TAMS 0x00000000e7f00000| PB 0x00000000e7f00000| Untracked 
| 128|0x00000000e8000000, 0x00000000e8000000, 0x00000000e8100000|  0%| F|  |TAMS 0x00000000e8000000| PB 0x00000000e8000000| Untracked 
| 129|0x00000000e8100000, 0x00000000e8100000, 0x00000000e8200000|  0%| F|  |TAMS 0x00000000e8100000| PB 0x00000000e8100000| Untracked 
| 130|0x00000000e8200000, 0x00000000e8200000, 0x00000000e8300000|  0%| F|  |TAMS 0x00000000e8200000| PB 0x00000000e8200000| Untracked 
| 131|0x00000000e8300000, 0x00000000e8300000, 0x00000000e8400000|  0%| F|  |TAMS 0x00000000e8300000| PB 0x00000000e8300000| Untracked 
| 132|0x00000000e8400000, 0x00000000e8400000, 0x00000000e8500000|  0%| F|  |TAMS 0x00000000e8400000| PB 0x00000000e8400000| Untracked 
| 133|0x00000000e8500000, 0x00000000e8500000, 0x00000000e8600000|  0%| F|  |TAMS 0x00000000e8500000| PB 0x00000000e8500000| Untracked 
| 134|0x00000000e8600000, 0x00000000e8600000, 0x00000000e8700000|  0%| F|  |TAMS 0x00000000e8600000| PB 0x00000000e8600000| Untracked 
| 135|0x00000000e8700000, 0x00000000e8700000, 0x00000000e8800000|  0%| F|  |TAMS 0x00000000e8700000| PB 0x00000000e8700000| Untracked 
| 136|0x00000000e8800000, 0x00000000e8800000, 0x00000000e8900000|  0%| F|  |TAMS 0x00000000e8800000| PB 0x00000000e8800000| Untracked 
| 137|0x00000000e8900000, 0x00000000e8900000, 0x00000000e8a00000|  0%| F|  |TAMS 0x00000000e8900000| PB 0x00000000e8900000| Untracked 
| 138|0x00000000e8a00000, 0x00000000e8a00000, 0x00000000e8b00000|  0%| F|  |TAMS 0x00000000e8a00000| PB 0x00000000e8a00000| Untracked 
| 139|0x00000000e8b00000, 0x00000000e8b00000, 0x00000000e8c00000|  0%| F|  |TAMS 0x00000000e8b00000| PB 0x00000000e8b00000| Untracked 
| 140|0x00000000e8c00000, 0x00000000e8c00000, 0x00000000e8d00000|  0%| F|  |TAMS 0x00000000e8c00000| PB 0x00000000e8c00000| Untracked 
| 141|0x00000000e8d00000, 0x00000000e8d00000, 0x00000000e8e00000|  0%| F|  |TAMS 0x00000000e8d00000| PB 0x00000000e8d00000| Untracked 
| 142|0x00000000e8e00000, 0x00000000e8e00000, 0x00000000e8f00000|  0%| F|  |TAMS 0x00000000e8e00000| PB 0x00000000e8e00000| Untracked 
| 143|0x00000000e8f00000, 0x00000000e8f00000, 0x00000000e9000000|  0%| F|  |TAMS 0x00000000e8f00000| PB 0x00000000e8f00000| Untracked 
| 144|0x00000000e9000000, 0x00000000e9000000, 0x00000000e9100000|  0%| F|  |TAMS 0x00000000e9000000| PB 0x00000000e9000000| Untracked 
| 145|0x00000000e9100000, 0x00000000e9100000, 0x00000000e9200000|  0%| F|  |TAMS 0x00000000e9100000| PB 0x00000000e9100000| Untracked 
| 146|0x00000000e9200000, 0x00000000e9200000, 0x00000000e9300000|  0%| F|  |TAMS 0x00000000e9200000| PB 0x00000000e9200000| Untracked 
| 147|0x00000000e9300000, 0x00000000e9300000, 0x00000000e9400000|  0%| F|  |TAMS 0x00000000e9300000| PB 0x00000000e9300000| Untracked 
| 148|0x00000000e9400000, 0x00000000e9400000, 0x00000000e9500000|  0%| F|  |TAMS 0x00000000e9400000| PB 0x00000000e9400000| Untracked 
| 149|0x00000000e9500000, 0x00000000e9500000, 0x00000000e9600000|  0%| F|  |TAMS 0x00000000e9500000| PB 0x00000000e9500000| Untracked 
| 150|0x00000000e9600000, 0x00000000e9600000, 0x00000000e9700000|  0%| F|  |TAMS 0x00000000e9600000| PB 0x00000000e9600000| Untracked 
| 151|0x00000000e9700000, 0x00000000e9700000, 0x00000000e9800000|  0%| F|  |TAMS 0x00000000e9700000| PB 0x00000000e9700000| Untracked 
| 152|0x00000000e9800000, 0x00000000e9800000, 0x00000000e9900000|  0%| F|  |TAMS 0x00000000e9800000| PB 0x00000000e9800000| Untracked 
| 153|0x00000000e9900000, 0x00000000e9900000, 0x00000000e9a00000|  0%| F|  |TAMS 0x00000000e9900000| PB 0x00000000e9900000| Untracked 
| 154|0x00000000e9a00000, 0x00000000e9a00000, 0x00000000e9b00000|  0%| F|  |TAMS 0x00000000e9a00000| PB 0x00000000e9a00000| Untracked 
| 155|0x00000000e9b00000, 0x00000000e9b00000, 0x00000000e9c00000|  0%| F|  |TAMS 0x00000000e9b00000| PB 0x00000000e9b00000| Untracked 
| 156|0x00000000e9c00000, 0x00000000e9c00000, 0x00000000e9d00000|  0%| F|  |TAMS 0x00000000e9c00000| PB 0x00000000e9c00000| Untracked 
| 157|0x00000000e9d00000, 0x00000000e9d00000, 0x00000000e9e00000|  0%| F|  |TAMS 0x00000000e9d00000| PB 0x00000000e9d00000| Untracked 
| 158|0x00000000e9e00000, 0x00000000e9e00000, 0x00000000e9f00000|  0%| F|  |TAMS 0x00000000e9e00000| PB 0x00000000e9e00000| Untracked 
| 159|0x00000000e9f00000, 0x00000000e9f00000, 0x00000000ea000000|  0%| F|  |TAMS 0x00000000e9f00000| PB 0x00000000e9f00000| Untracked 
| 160|0x00000000ea000000, 0x00000000ea000000, 0x00000000ea100000|  0%| F|  |TAMS 0x00000000ea000000| PB 0x00000000ea000000| Untracked 
| 161|0x00000000ea100000, 0x00000000ea100000, 0x00000000ea200000|  0%| F|  |TAMS 0x00000000ea100000| PB 0x00000000ea100000| Untracked 
| 162|0x00000000ea200000, 0x00000000ea300000, 0x00000000ea300000|100%| E|  |TAMS 0x00000000ea200000| PB 0x00000000ea200000| Complete 
| 163|0x00000000ea300000, 0x00000000ea400000, 0x00000000ea400000|100%| E|CS|TAMS 0x00000000ea300000| PB 0x00000000ea300000| Complete 
| 164|0x00000000ea400000, 0x00000000ea500000, 0x00000000ea500000|100%| E|CS|TAMS 0x00000000ea400000| PB 0x00000000ea400000| Complete 
| 165|0x00000000ea500000, 0x00000000ea600000, 0x00000000ea600000|100%| E|CS|TAMS 0x00000000ea500000| PB 0x00000000ea500000| Complete 
| 166|0x00000000ea600000, 0x00000000ea700000, 0x00000000ea700000|100%| E|CS|TAMS 0x00000000ea600000| PB 0x00000000ea600000| Complete 
| 167|0x00000000ea700000, 0x00000000ea800000, 0x00000000ea800000|100%| E|CS|TAMS 0x00000000ea700000| PB 0x00000000ea700000| Complete 
| 168|0x00000000ea800000, 0x00000000ea900000, 0x00000000ea900000|100%| E|CS|TAMS 0x00000000ea800000| PB 0x00000000ea800000| Complete 
| 169|0x00000000ea900000, 0x00000000eaa00000, 0x00000000eaa00000|100%| E|CS|TAMS 0x00000000ea900000| PB 0x00000000ea900000| Complete 
| 170|0x00000000eaa00000, 0x00000000eab00000, 0x00000000eab00000|100%| E|CS|TAMS 0x00000000eaa00000| PB 0x00000000eaa00000| Complete 
| 171|0x00000000eab00000, 0x00000000eac00000, 0x00000000eac00000|100%| E|CS|TAMS 0x00000000eab00000| PB 0x00000000eab00000| Complete 
| 172|0x00000000eac00000, 0x00000000ead00000, 0x00000000ead00000|100%| E|CS|TAMS 0x00000000eac00000| PB 0x00000000eac00000| Complete 
| 173|0x00000000ead00000, 0x00000000eae00000, 0x00000000eae00000|100%| E|CS|TAMS 0x00000000ead00000| PB 0x00000000ead00000| Complete 
| 174|0x00000000eae00000, 0x00000000eaf00000, 0x00000000eaf00000|100%| E|CS|TAMS 0x00000000eae00000| PB 0x00000000eae00000| Complete 
| 175|0x00000000eaf00000, 0x00000000eb000000, 0x00000000eb000000|100%| E|CS|TAMS 0x00000000eaf00000| PB 0x00000000eaf00000| Complete 
| 176|0x00000000eb000000, 0x00000000eb100000, 0x00000000eb100000|100%| E|CS|TAMS 0x00000000eb000000| PB 0x00000000eb000000| Complete 
| 177|0x00000000eb100000, 0x00000000eb200000, 0x00000000eb200000|100%| E|CS|TAMS 0x00000000eb100000| PB 0x00000000eb100000| Complete 
| 178|0x00000000eb200000, 0x00000000eb300000, 0x00000000eb300000|100%| E|CS|TAMS 0x00000000eb200000| PB 0x00000000eb200000| Complete 
| 179|0x00000000eb300000, 0x00000000eb400000, 0x00000000eb400000|100%| E|CS|TAMS 0x00000000eb300000| PB 0x00000000eb300000| Complete 
| 180|0x00000000eb400000, 0x00000000eb500000, 0x00000000eb500000|100%| E|CS|TAMS 0x00000000eb400000| PB 0x00000000eb400000| Complete 
| 181|0x00000000eb500000, 0x00000000eb600000, 0x00000000eb600000|100%| E|CS|TAMS 0x00000000eb500000| PB 0x00000000eb500000| Complete 
| 182|0x00000000eb600000, 0x00000000eb700000, 0x00000000eb700000|100%| E|CS|TAMS 0x00000000eb600000| PB 0x00000000eb600000| Complete 
| 183|0x00000000eb700000, 0x00000000eb800000, 0x00000000eb800000|100%| E|CS|TAMS 0x00000000eb700000| PB 0x00000000eb700000| Complete 
| 184|0x00000000eb800000, 0x00000000eb900000, 0x00000000eb900000|100%| E|CS|TAMS 0x00000000eb800000| PB 0x00000000eb800000| Complete 
| 185|0x00000000eb900000, 0x00000000eba00000, 0x00000000eba00000|100%| E|CS|TAMS 0x00000000eb900000| PB 0x00000000eb900000| Complete 
| 186|0x00000000eba00000, 0x00000000ebb00000, 0x00000000ebb00000|100%| E|CS|TAMS 0x00000000eba00000| PB 0x00000000eba00000| Complete 
| 187|0x00000000ebb00000, 0x00000000ebc00000, 0x00000000ebc00000|100%| E|CS|TAMS 0x00000000ebb00000| PB 0x00000000ebb00000| Complete 
| 188|0x00000000ebc00000, 0x00000000ebd00000, 0x00000000ebd00000|100%| E|CS|TAMS 0x00000000ebc00000| PB 0x00000000ebc00000| Complete 
| 189|0x00000000ebd00000, 0x00000000ebe00000, 0x00000000ebe00000|100%| E|CS|TAMS 0x00000000ebd00000| PB 0x00000000ebd00000| Complete 
| 190|0x00000000ebe00000, 0x00000000ebf00000, 0x00000000ebf00000|100%| E|CS|TAMS 0x00000000ebe00000| PB 0x00000000ebe00000| Complete 
| 191|0x00000000ebf00000, 0x00000000ec000000, 0x00000000ec000000|100%| E|CS|TAMS 0x00000000ebf00000| PB 0x00000000ebf00000| Complete 
| 192|0x00000000ec000000, 0x00000000ec100000, 0x00000000ec100000|100%| E|CS|TAMS 0x00000000ec000000| PB 0x00000000ec000000| Complete 
| 193|0x00000000ec100000, 0x00000000ec200000, 0x00000000ec200000|100%| E|CS|TAMS 0x00000000ec100000| PB 0x00000000ec100000| Complete 
| 194|0x00000000ec200000, 0x00000000ec300000, 0x00000000ec300000|100%| E|CS|TAMS 0x00000000ec200000| PB 0x00000000ec200000| Complete 
| 195|0x00000000ec300000, 0x00000000ec400000, 0x00000000ec400000|100%| E|CS|TAMS 0x00000000ec300000| PB 0x00000000ec300000| Complete 
| 196|0x00000000ec400000, 0x00000000ec500000, 0x00000000ec500000|100%| E|CS|TAMS 0x00000000ec400000| PB 0x00000000ec400000| Complete 
| 197|0x00000000ec500000, 0x00000000ec600000, 0x00000000ec600000|100%| E|CS|TAMS 0x00000000ec500000| PB 0x00000000ec500000| Complete 
| 198|0x00000000ec600000, 0x00000000ec700000, 0x00000000ec700000|100%| E|CS|TAMS 0x00000000ec600000| PB 0x00000000ec600000| Complete 
| 199|0x00000000ec700000, 0x00000000ec800000, 0x00000000ec800000|100%| E|CS|TAMS 0x00000000ec700000| PB 0x00000000ec700000| Complete 
| 200|0x00000000ec800000, 0x00000000ec900000, 0x00000000ec900000|100%| E|CS|TAMS 0x00000000ec800000| PB 0x00000000ec800000| Complete 
| 201|0x00000000ec900000, 0x00000000eca00000, 0x00000000eca00000|100%| E|CS|TAMS 0x00000000ec900000| PB 0x00000000ec900000| Complete 
| 202|0x00000000eca00000, 0x00000000ecb00000, 0x00000000ecb00000|100%| E|CS|TAMS 0x00000000eca00000| PB 0x00000000eca00000| Complete 
| 203|0x00000000ecb00000, 0x00000000ecc00000, 0x00000000ecc00000|100%| E|CS|TAMS 0x00000000ecb00000| PB 0x00000000ecb00000| Complete 
| 204|0x00000000ecc00000, 0x00000000ecd00000, 0x00000000ecd00000|100%| E|CS|TAMS 0x00000000ecc00000| PB 0x00000000ecc00000| Complete 
| 205|0x00000000ecd00000, 0x00000000ece00000, 0x00000000ece00000|100%| E|CS|TAMS 0x00000000ecd00000| PB 0x00000000ecd00000| Complete 
| 206|0x00000000ece00000, 0x00000000ecf00000, 0x00000000ecf00000|100%| E|CS|TAMS 0x00000000ece00000| PB 0x00000000ece00000| Complete 
| 207|0x00000000ecf00000, 0x00000000ed000000, 0x00000000ed000000|100%| E|CS|TAMS 0x00000000ecf00000| PB 0x00000000ecf00000| Complete 
| 208|0x00000000ed000000, 0x00000000ed100000, 0x00000000ed100000|100%| E|CS|TAMS 0x00000000ed000000| PB 0x00000000ed000000| Complete 
| 209|0x00000000ed100000, 0x00000000ed200000, 0x00000000ed200000|100%| E|CS|TAMS 0x00000000ed100000| PB 0x00000000ed100000| Complete 
| 210|0x00000000ed200000, 0x00000000ed300000, 0x00000000ed300000|100%| E|CS|TAMS 0x00000000ed200000| PB 0x00000000ed200000| Complete 
| 211|0x00000000ed300000, 0x00000000ed400000, 0x00000000ed400000|100%| E|CS|TAMS 0x00000000ed300000| PB 0x00000000ed300000| Complete 
| 212|0x00000000ed400000, 0x00000000ed500000, 0x00000000ed500000|100%| E|CS|TAMS 0x00000000ed400000| PB 0x00000000ed400000| Complete 
| 213|0x00000000ed500000, 0x00000000ed600000, 0x00000000ed600000|100%| E|CS|TAMS 0x00000000ed500000| PB 0x00000000ed500000| Complete 
| 214|0x00000000ed600000, 0x00000000ed700000, 0x00000000ed700000|100%| E|CS|TAMS 0x00000000ed600000| PB 0x00000000ed600000| Complete 
| 215|0x00000000ed700000, 0x00000000ed800000, 0x00000000ed800000|100%| E|CS|TAMS 0x00000000ed700000| PB 0x00000000ed700000| Complete 
| 216|0x00000000ed800000, 0x00000000ed900000, 0x00000000ed900000|100%| E|CS|TAMS 0x00000000ed800000| PB 0x00000000ed800000| Complete 
| 217|0x00000000ed900000, 0x00000000eda00000, 0x00000000eda00000|100%| E|CS|TAMS 0x00000000ed900000| PB 0x00000000ed900000| Complete 
| 218|0x00000000eda00000, 0x00000000edb00000, 0x00000000edb00000|100%| E|CS|TAMS 0x00000000eda00000| PB 0x00000000eda00000| Complete 
| 219|0x00000000edb00000, 0x00000000edc00000, 0x00000000edc00000|100%| E|CS|TAMS 0x00000000edb00000| PB 0x00000000edb00000| Complete 
| 220|0x00000000edc00000, 0x00000000edd00000, 0x00000000edd00000|100%| E|CS|TAMS 0x00000000edc00000| PB 0x00000000edc00000| Complete 
| 221|0x00000000edd00000, 0x00000000ede00000, 0x00000000ede00000|100%| E|CS|TAMS 0x00000000edd00000| PB 0x00000000edd00000| Complete 
| 222|0x00000000ede00000, 0x00000000edf00000, 0x00000000edf00000|100%| E|CS|TAMS 0x00000000ede00000| PB 0x00000000ede00000| Complete 
| 223|0x00000000edf00000, 0x00000000edfbbb20, 0x00000000ee000000| 73%| S|CS|TAMS 0x00000000edf00000| PB 0x00000000edf00000| Complete 
| 224|0x00000000ee000000, 0x00000000ee100000, 0x00000000ee100000|100%| E|CS|TAMS 0x00000000ee000000| PB 0x00000000ee000000| Complete 
| 225|0x00000000ee100000, 0x00000000ee200000, 0x00000000ee200000|100%| E|CS|TAMS 0x00000000ee100000| PB 0x00000000ee100000| Complete 
| 226|0x00000000ee200000, 0x00000000ee300000, 0x00000000ee300000|100%| E|CS|TAMS 0x00000000ee200000| PB 0x00000000ee200000| Complete 
| 227|0x00000000ee300000, 0x00000000ee400000, 0x00000000ee400000|100%| E|CS|TAMS 0x00000000ee300000| PB 0x00000000ee300000| Complete 
| 228|0x00000000ee400000, 0x00000000ee500000, 0x00000000ee500000|100%| E|CS|TAMS 0x00000000ee400000| PB 0x00000000ee400000| Complete 
| 229|0x00000000ee500000, 0x00000000ee600000, 0x00000000ee600000|100%| E|CS|TAMS 0x00000000ee500000| PB 0x00000000ee500000| Complete 
| 230|0x00000000ee600000, 0x00000000ee700000, 0x00000000ee700000|100%| E|CS|TAMS 0x00000000ee600000| PB 0x00000000ee600000| Complete 
| 231|0x00000000ee700000, 0x00000000ee800000, 0x00000000ee800000|100%| E|CS|TAMS 0x00000000ee700000| PB 0x00000000ee700000| Complete 
| 232|0x00000000ee800000, 0x00000000ee900000, 0x00000000ee900000|100%| E|CS|TAMS 0x00000000ee800000| PB 0x00000000ee800000| Complete 
| 233|0x00000000ee900000, 0x00000000eea00000, 0x00000000eea00000|100%| E|CS|TAMS 0x00000000ee900000| PB 0x00000000ee900000| Complete 
| 234|0x00000000eea00000, 0x00000000eeb00000, 0x00000000eeb00000|100%| E|CS|TAMS 0x00000000eea00000| PB 0x00000000eea00000| Complete 
| 235|0x00000000eeb00000, 0x00000000eec00000, 0x00000000eec00000|100%| E|CS|TAMS 0x00000000eeb00000| PB 0x00000000eeb00000| Complete 
| 236|0x00000000eec00000, 0x00000000eed00000, 0x00000000eed00000|100%| E|CS|TAMS 0x00000000eec00000| PB 0x00000000eec00000| Complete 
| 237|0x00000000eed00000, 0x00000000eee00000, 0x00000000eee00000|100%| E|CS|TAMS 0x00000000eed00000| PB 0x00000000eed00000| Complete 
| 238|0x00000000eee00000, 0x00000000eef00000, 0x00000000eef00000|100%| E|CS|TAMS 0x00000000eee00000| PB 0x00000000eee00000| Complete 
| 239|0x00000000eef00000, 0x00000000ef000000, 0x00000000ef000000|100%| E|CS|TAMS 0x00000000eef00000| PB 0x00000000eef00000| Complete 
| 240|0x00000000ef000000, 0x00000000ef100000, 0x00000000ef100000|100%| E|CS|TAMS 0x00000000ef000000| PB 0x00000000ef000000| Complete 
| 241|0x00000000ef100000, 0x00000000ef200000, 0x00000000ef200000|100%| E|CS|TAMS 0x00000000ef100000| PB 0x00000000ef100000| Complete 
| 242|0x00000000ef200000, 0x00000000ef300000, 0x00000000ef300000|100%| E|CS|TAMS 0x00000000ef200000| PB 0x00000000ef200000| Complete 
| 243|0x00000000ef300000, 0x00000000ef400000, 0x00000000ef400000|100%| E|CS|TAMS 0x00000000ef300000| PB 0x00000000ef300000| Complete 
| 244|0x00000000ef400000, 0x00000000ef500000, 0x00000000ef500000|100%| E|CS|TAMS 0x00000000ef400000| PB 0x00000000ef400000| Complete 
| 245|0x00000000ef500000, 0x00000000ef600000, 0x00000000ef600000|100%| E|CS|TAMS 0x00000000ef500000| PB 0x00000000ef500000| Complete 
| 246|0x00000000ef600000, 0x00000000ef700000, 0x00000000ef700000|100%| E|CS|TAMS 0x00000000ef600000| PB 0x00000000ef600000| Complete 
| 247|0x00000000ef700000, 0x00000000ef800000, 0x00000000ef800000|100%| E|CS|TAMS 0x00000000ef700000| PB 0x00000000ef700000| Complete 
| 248|0x00000000ef800000, 0x00000000ef900000, 0x00000000ef900000|100%| E|CS|TAMS 0x00000000ef800000| PB 0x00000000ef800000| Complete 
| 249|0x00000000ef900000, 0x00000000efa00000, 0x00000000efa00000|100%| E|CS|TAMS 0x00000000ef900000| PB 0x00000000ef900000| Complete 
| 250|0x00000000efa00000, 0x00000000efb00000, 0x00000000efb00000|100%| E|CS|TAMS 0x00000000efa00000| PB 0x00000000efa00000| Complete 
| 251|0x00000000efb00000, 0x00000000efc00000, 0x00000000efc00000|100%| E|CS|TAMS 0x00000000efb00000| PB 0x00000000efb00000| Complete 
| 252|0x00000000efc00000, 0x00000000efd00000, 0x00000000efd00000|100%| E|CS|TAMS 0x00000000efc00000| PB 0x00000000efc00000| Complete 
| 253|0x00000000efd00000, 0x00000000efe00000, 0x00000000efe00000|100%| E|CS|TAMS 0x00000000efd00000| PB 0x00000000efd00000| Complete 
| 254|0x00000000efe00000, 0x00000000eff00000, 0x00000000eff00000|100%| E|  |TAMS 0x00000000efe00000| PB 0x00000000efe00000| Complete 
| 255|0x00000000eff00000, 0x00000000f0000000, 0x00000000f0000000|100%| E|CS|TAMS 0x00000000eff00000| PB 0x00000000eff00000| Complete 

Card table byte_map: [0x0000019c76800000,0x0000019c76900000] _byte_map_base: 0x0000019c76100000

Marking Bits: (CMBitMap*) 0x0000019c5ed81f00
 Bits: [0x0000019c76900000, 0x0000019c77100000)

Polling page: 0x0000019c5cce0000

Metaspace:

Usage:
  Non-class:     16.25 MB used.
      Class:      2.75 MB used.
       Both:     19.00 MB used.

Virtual space:
  Non-class space:       64.00 MB reserved,      16.56 MB ( 26%) committed,  1 nodes.
      Class space:      320.00 MB reserved,       3.00 MB ( <1%) committed,  1 nodes.
             Both:      384.00 MB reserved,      19.56 MB (  5%) committed. 

Chunk freelists:
   Non-Class:  15.27 MB
       Class:  13.01 MB
        Both:  28.27 MB

MaxMetaspaceSize: 384.00 MB
CompressedClassSpaceSize: 320.00 MB
Initial GC threshold: 21.00 MB
Current GC threshold: 21.00 MB
CDS: on
 - commit_granule_bytes: 65536.
 - commit_granule_words: 8192.
 - virtual_space_node_default_size: 8388608.
 - enlarge_chunks_in_place: 1.
 - use_allocation_guard: 0.


Internal statistics:

num_allocs_failed_limit: 0.
num_arena_births: 798.
num_arena_deaths: 0.
num_vsnodes_births: 2.
num_vsnodes_deaths: 0.
num_space_committed: 313.
num_space_uncommitted: 0.
num_chunks_returned_to_freelist: 0.
num_chunks_taken_from_freelist: 1528.
num_chunk_merges: 0.
num_chunk_splits: 1012.
num_chunks_enlarged: 685.
num_inconsistent_stats: 0.

CodeHeap 'non-profiled nmethods': size=120000Kb used=1375Kb max_used=1375Kb free=118624Kb
 bounds [0x0000019c6ec70000, 0x0000019c6eee0000, 0x0000019c761a0000]
CodeHeap 'profiled nmethods': size=120000Kb used=5823Kb max_used=5823Kb free=114176Kb
 bounds [0x0000019c671a0000, 0x0000019c67750000, 0x0000019c6e6d0000]
CodeHeap 'non-nmethods': size=5760Kb used=1495Kb max_used=1568Kb free=4265Kb
 bounds [0x0000019c6e6d0000, 0x0000019c6e940000, 0x0000019c6ec70000]
 total_blobs=3410 nmethods=2841 adapters=473
 compilation: enabled
              stopped_count=0, restarted_count=0
 full_count=0

Compilation events (20 events):
Event: 3.542 Thread 0x0000019c79da2310 2807       3       org.objectweb.asm.Handler::getExceptionTableLength (21 bytes)
Event: 3.542 Thread 0x0000019c79da2310 nmethod 2807 0x0000019c67732c10 code [0x0000019c67732dc0, 0x0000019c67732f60]
Event: 3.542 Thread 0x0000019c79da2310 2808       3       org.objectweb.asm.ByteVector::putInt (74 bytes)
Event: 3.543 Thread 0x0000019c79da2310 nmethod 2808 0x0000019c67733090 code [0x0000019c67733240, 0x0000019c677334a0]
Event: 3.543 Thread 0x0000019c79da2310 2809       1       org.objectweb.asm.MethodWriter::hasAsmInstructions (5 bytes)
Event: 3.543 Thread 0x0000019c79da2310 nmethod 2809 0x0000019c6edb5190 code [0x0000019c6edb5320, 0x0000019c6edb53f0]
Event: 3.543 Thread 0x0000019c79da2310 2810       3       org.gradle.internal.instantiation.generator.AbstractClassGenerator$PropertyMetadata::getType (34 bytes)
Event: 3.544 Thread 0x0000019c79da2310 nmethod 2810 0x0000019c67733610 code [0x0000019c67733820, 0x0000019c67733e48]
Event: 3.544 Thread 0x0000019c79da2310 2811       3       jdk.internal.reflect.MagicAccessorImpl::<init> (5 bytes)
Event: 3.544 Thread 0x0000019c79da2310 nmethod 2811 0x0000019c67734090 code [0x0000019c67734240, 0x0000019c677343a8]
Event: 3.553 Thread 0x0000019c79da2310 2812       3       sun.reflect.generics.parser.SignatureParser::init (16 bytes)
Event: 3.554 Thread 0x0000019c79da2310 nmethod 2812 0x0000019c67734490 code [0x0000019c67734620, 0x0000019c67734788]
Event: 3.559 Thread 0x0000019c79da2310 2813       3       java.util.LinkedHashMap::newLinkedHashMap (43 bytes)
Event: 3.560 Thread 0x0000019c79da2310 nmethod 2813 0x0000019c67734810 code [0x0000019c67734aa0, 0x0000019c67735300]
Event: 3.577 Thread 0x0000019c79da1870 nmethod 2606 0x0000019c6edb5790 code [0x0000019c6edb6160, 0x0000019c6edc0170]
Event: 3.579 Thread 0x0000019c79da1870 2715       4       java.lang.StringLatin1::compareToCI (108 bytes)
Event: 3.582 Thread 0x0000019c79da2310 2815       3       jdk.internal.reflect.MethodHandleAccessorFactory::slotCount (75 bytes)
Event: 3.583 Thread 0x0000019c79da2310 nmethod 2815 0x0000019c67735690 code [0x0000019c67735880, 0x0000019c67735d68]
Event: 3.592 Thread 0x0000019c79da1870 nmethod 2715 0x0000019c6edc5d10 code [0x0000019c6edc5ec0, 0x0000019c6edc6378]
Event: 3.592 Thread 0x0000019c79da1870 2732       4       java.lang.String::startsWith (7 bytes)

GC Heap History (4 events):
Event: 0.768 GC heap before
{Heap before GC invocations=0 (full 0):
 garbage-first heap   total 262144K, used 26624K [0x00000000e0000000, 0x0000000100000000)
  region size 1024K, 23 young (23552K), 0 survivors (0K)
 Metaspace       used 3190K, committed 3328K, reserved 393216K
  class space    used 406K, committed 448K, reserved 327680K
}
Event: 0.773 GC heap after
{Heap after GC invocations=1 (full 0):
 garbage-first heap   total 262144K, used 10546K [0x00000000e0000000, 0x0000000100000000)
  region size 1024K, 3 young (3072K), 3 survivors (3072K)
 Metaspace       used 3190K, committed 3328K, reserved 393216K
  class space    used 406K, committed 448K, reserved 327680K
}
Event: 1.387 GC heap before
{Heap before GC invocations=1 (full 0):
 garbage-first heap   total 262144K, used 40242K [0x00000000e0000000, 0x0000000100000000)
  region size 1024K, 32 young (32768K), 3 survivors (3072K)
 Metaspace       used 4145K, committed 4352K, reserved 393216K
  class space    used 507K, committed 640K, reserved 327680K
}
Event: 1.390 GC heap after
{Heap after GC invocations=2 (full 0):
 garbage-first heap   total 262144K, used 11220K [0x00000000e0000000, 0x0000000100000000)
  region size 1024K, 1 young (1024K), 1 survivors (1024K)
 Metaspace       used 4145K, committed 4352K, reserved 393216K
  class space    used 507K, committed 640K, reserved 327680K
}

Dll operation events (15 events):
Event: 0.010 Loaded shared library C:\Users\TU\.jdks\openjdk-21\bin\java.dll
Event: 0.051 Loaded shared library C:\Users\TU\.jdks\openjdk-21\bin\jsvml.dll
Event: 0.108 Loaded shared library C:\Users\TU\.jdks\openjdk-21\bin\zip.dll
Event: 0.113 Loaded shared library C:\Users\TU\.jdks\openjdk-21\bin\instrument.dll
Event: 0.119 Loaded shared library C:\Users\TU\.jdks\openjdk-21\bin\net.dll
Event: 0.121 Loaded shared library C:\Users\TU\.jdks\openjdk-21\bin\nio.dll
Event: 0.127 Loaded shared library C:\Users\TU\.jdks\openjdk-21\bin\zip.dll
Event: 0.377 Loaded shared library C:\Users\TU\.jdks\openjdk-21\bin\jimage.dll
Event: 0.438 Loaded shared library C:\Users\TU\.jdks\openjdk-21\bin\verify.dll
Event: 0.624 Loaded shared library C:\Users\TU\.gradle\native\c067742578af261105cb4f569cf0c3c89f3d7b1fecec35dd04571415982c5e48\windows-amd64\native-platform.dll
Event: 0.631 Loaded shared library C:\Users\TU\.gradle\native\38dada09dfb8b06ba9b0570ebf7e218e3eb74d4ef43ca46872605cf95ebc2f47\windows-amd64\native-platform-file-events.dll
Event: 1.766 Loaded shared library C:\Users\TU\.jdks\openjdk-21\bin\management.dll
Event: 1.769 Loaded shared library C:\Users\TU\.jdks\openjdk-21\bin\management_ext.dll
Event: 2.033 Loaded shared library C:\Users\TU\.jdks\openjdk-21\bin\extnet.dll
Event: 2.185 Loaded shared library C:\Users\TU\.jdks\openjdk-21\bin\sunmscapi.dll

Deoptimization events (20 events):
Event: 2.911 Thread 0x0000019c7fb0e8f0 DEOPT PACKING pc=0x0000019c675b6201 sp=0x00000043cd7fcd70
Event: 2.911 Thread 0x0000019c7fb0e8f0 DEOPT UNPACKING pc=0x0000019c6e724e42 sp=0x00000043cd7fc280 mode 0
Event: 3.131 Thread 0x0000019c7fb0e8f0 Uncommon trap: trap_request=0xffffff45 fr.pc=0x0000019c6ed4f030 relative=0x0000000000000090
Event: 3.131 Thread 0x0000019c7fb0e8f0 Uncommon trap: reason=unstable_if action=reinterpret pc=0x0000019c6ed4f030 method=jdk.internal.misc.Unsafe.convEndian(ZI)I @ 4 c2
Event: 3.131 Thread 0x0000019c7fb0e8f0 DEOPT PACKING pc=0x0000019c6ed4f030 sp=0x00000043cd7fb4e0
Event: 3.131 Thread 0x0000019c7fb0e8f0 DEOPT UNPACKING pc=0x0000019c6e7246a2 sp=0x00000043cd7fb3e8 mode 2
Event: 3.161 Thread 0x0000019c7fb0e8f0 DEOPT PACKING pc=0x0000019c675b6222 sp=0x00000043cd7fb040
Event: 3.161 Thread 0x0000019c7fb0e8f0 DEOPT UNPACKING pc=0x0000019c6e724e42 sp=0x00000043cd7fa550 mode 0
Event: 3.203 Thread 0x0000019c7fb0e8f0 DEOPT PACKING pc=0x0000019c675b6222 sp=0x00000043cd7fb710
Event: 3.203 Thread 0x0000019c7fb0e8f0 DEOPT UNPACKING pc=0x0000019c6e724e42 sp=0x00000043cd7fac20 mode 0
Event: 3.224 Thread 0x0000019c7fb0e8f0 DEOPT PACKING pc=0x0000019c675b6222 sp=0x00000043cd7fbaa0
Event: 3.224 Thread 0x0000019c7fb0e8f0 DEOPT UNPACKING pc=0x0000019c6e724e42 sp=0x00000043cd7fafb0 mode 0
Event: 3.507 Thread 0x0000019c7fb0e8f0 Uncommon trap: trap_request=0xffffff45 fr.pc=0x0000019c6edae950 relative=0x0000000000000130
Event: 3.507 Thread 0x0000019c7fb0e8f0 Uncommon trap: reason=unstable_if action=reinterpret pc=0x0000019c6edae950 method=java.util.Arrays.equals([Ljava/lang/Object;[Ljava/lang/Object;)Z @ 44 c2
Event: 3.507 Thread 0x0000019c7fb0e8f0 DEOPT PACKING pc=0x0000019c6edae950 sp=0x00000043cd7fbb80
Event: 3.507 Thread 0x0000019c7fb0e8f0 DEOPT UNPACKING pc=0x0000019c6e7246a2 sp=0x00000043cd7fbb20 mode 2
Event: 3.509 Thread 0x0000019c7fb0e8f0 Uncommon trap: trap_request=0xffffff45 fr.pc=0x0000019c6ed80668 relative=0x0000000000000208
Event: 3.509 Thread 0x0000019c7fb0e8f0 Uncommon trap: reason=unstable_if action=reinterpret pc=0x0000019c6ed80668 method=java.util.HashMap.getNode(Ljava/lang/Object;)Ljava/util/HashMap$Node; @ 131 c2
Event: 3.509 Thread 0x0000019c7fb0e8f0 DEOPT PACKING pc=0x0000019c6ed80668 sp=0x00000043cd7fbc40
Event: 3.509 Thread 0x0000019c7fb0e8f0 DEOPT UNPACKING pc=0x0000019c6e7246a2 sp=0x00000043cd7fbb60 mode 2

Classes loaded (20 events):
Event: 3.210 Loading class java/io/ObjectInput done
Event: 3.210 Loading class java/io/ObjectStreamConstants
Event: 3.210 Loading class java/io/ObjectStreamConstants done
Event: 3.210 Loading class java/io/ObjectInputStream done
Event: 3.212 Loading class java/io/ObjectOutputStream
Event: 3.212 Loading class java/io/ObjectOutput
Event: 3.212 Loading class java/io/ObjectOutput done
Event: 3.213 Loading class java/io/ObjectOutputStream done
Event: 3.222 Loading class java/lang/ThreadLocal$SuppliedThreadLocal
Event: 3.222 Loading class java/lang/ThreadLocal$SuppliedThreadLocal done
Event: 3.402 Loading class javax/xml/parsers/ParserConfigurationException
Event: 3.402 Loading class javax/xml/parsers/ParserConfigurationException done
Event: 3.402 Loading class org/xml/sax/SAXException
Event: 3.402 Loading class org/xml/sax/SAXException done
Event: 3.402 Loading class javax/xml/xpath/XPathExpressionException
Event: 3.402 Loading class javax/xml/xpath/XPathException
Event: 3.402 Loading class javax/xml/xpath/XPathException done
Event: 3.402 Loading class javax/xml/xpath/XPathExpressionException done
Event: 3.403 Loading class org/xml/sax/ErrorHandler
Event: 3.403 Loading class org/xml/sax/ErrorHandler done

Classes unloaded (0 events):
No events

Classes redefined (0 events):
No events

Internal exceptions (20 events):
Event: 2.919 Thread 0x0000019c7fb0e8f0 Exception <a 'java/lang/NoSuchMethodError'{0x00000000ebf82a80}: 'java.lang.Object java.lang.invoke.DirectMethodHandle$Holder.invokeStatic(java.lang.Object, java.lang.Object, java.lang.Object, java.lang.Object, java.lang.Object, java.lang.Object, java.lang.Object, java.lang.Object, java.lang.Object, java.lang.Object, java.lang.Object, java.lang.Object, java.lang.Object, java.lang.Object, java.lang.Object, java.lang.Object, java.lang.Object, java.lang.Object, java.lang.Object, java.lang.Object)'> (0x00000000
Event: 2.921 Thread 0x0000019c7fb0e8f0 Exception <a 'java/lang/NoSuchMethodError'{0x00000000ebfae8d8}: 'java.lang.Object java.lang.invoke.DirectMethodHandle$Holder.invokeStatic(java.lang.Object, java.lang.Object, java.lang.Object, java.lang.Object, java.lang.Object, java.lang.Object, java.lang.Object, java.lang.Object, java.lang.Object, java.lang.Object, java.lang.Object, java.lang.Object, java.lang.Object, java.lang.Object, java.lang.Object, java.lang.Object, java.lang.Object, java.lang.Object, java.lang.Object, java.lang.Object, java.lang.Obj
Event: 2.923 Thread 0x0000019c7fb0e8f0 Exception <a 'java/lang/NoSuchMethodError'{0x00000000ebfdb218}: 'java.lang.Object java.lang.invoke.DirectMethodHandle$Holder.invokeStatic(java.lang.Object, java.lang.Object, java.lang.Object, java.lang.Object, java.lang.Object, java.lang.Object, java.lang.Object, java.lang.Object, java.lang.Object, java.lang.Object, java.lang.Object, java.lang.Object, java.lang.Object, java.lang.Object, java.lang.Object, java.lang.Object, java.lang.Object, java.lang.Object, java.lang.Object, java.lang.Object, java.lang.Obj
Event: 2.925 Thread 0x0000019c7fb0e8f0 Exception <a 'java/lang/NoSuchMethodError'{0x00000000ebe08d18}: 'java.lang.Object java.lang.invoke.DirectMethodHandle$Holder.invokeStatic(java.lang.Object, java.lang.Object, java.lang.Object, java.lang.Object, java.lang.Object, java.lang.Object, java.lang.Object, java.lang.Object, java.lang.Object, java.lang.Object, java.lang.Object, java.lang.Object, java.lang.Object, java.lang.Object, java.lang.Object, java.lang.Object, java.lang.Object, java.lang.Object, java.lang.Object, java.lang.Object, java.lang.Obj
Event: 2.927 Thread 0x0000019c7fb0e8f0 Exception <a 'java/lang/NoSuchMethodError'{0x00000000ebe36fa0}: 'java.lang.Object java.lang.invoke.DirectMethodHandle$Holder.invokeStatic(java.lang.Object, java.lang.Object, java.lang.Object, java.lang.Object, java.lang.Object, java.lang.Object, java.lang.Object, java.lang.Object, java.lang.Object, java.lang.Object, java.lang.Object, java.lang.Object, java.lang.Object, java.lang.Object, java.lang.Object, java.lang.Object, java.lang.Object, java.lang.Object, java.lang.Object, java.lang.Object, java.lang.Obj
Event: 2.930 Thread 0x0000019c7fb0e8f0 Exception <a 'java/lang/NoSuchMethodError'{0x00000000ebe66f28}: 'java.lang.Object java.lang.invoke.DirectMethodHandle$Holder.invokeStatic(java.lang.Object, java.lang.Object, java.lang.Object, java.lang.Object, java.lang.Object, java.lang.Object, java.lang.Object, java.lang.Object, java.lang.Object, java.lang.Object, java.lang.Object, java.lang.Object, java.lang.Object, java.lang.Object, java.lang.Object, java.lang.Object, java.lang.Object, java.lang.Object, java.lang.Object, java.lang.Object, java.lang.Obj
Event: 3.105 Thread 0x0000019c7fb0e8f0 Exception <a 'java/lang/IncompatibleClassChangeError'{0x00000000eb555f98}: Found class java.lang.Object, but interface was expected> (0x00000000eb555f98) 
thrown [s\open\src\hotspot\share\interpreter\linkResolver.cpp, line 840]
Event: 3.163 Thread 0x0000019c7fb0e8f0 Exception <a 'java/lang/NoSuchMethodError'{0x00000000eb3304f0}: 'int java.lang.invoke.DirectMethodHandle$Holder.invokeSpecialIFC(java.lang.Object, java.lang.Object, java.lang.Object, java.lang.Object)'> (0x00000000eb3304f0) 
thrown [s\open\src\hotspot\share\interpreter\linkResolver.cpp, line 773]
Event: 3.165 Thread 0x0000019c7fb0e8f0 Exception <a 'java/lang/NoSuchMethodError'{0x00000000eb33db68}: 'java.lang.Object java.lang.invoke.DirectMethodHandle$Holder.invokeInterface(java.lang.Object, java.lang.Object, java.lang.Object)'> (0x00000000eb33db68) 
thrown [s\open\src\hotspot\share\interpreter\linkResolver.cpp, line 773]
Event: 3.165 Thread 0x0000019c7fb0e8f0 Exception <a 'java/lang/IncompatibleClassChangeError'{0x00000000eb3414b0}: Found class java.lang.Object, but interface was expected> (0x00000000eb3414b0) 
thrown [s\open\src\hotspot\share\interpreter\linkResolver.cpp, line 840]
Event: 3.187 Thread 0x0000019c7fb0e8f0 Exception <a 'java/lang/NoSuchMethodError'{0x00000000eb2338c0}: 'java.lang.Object java.lang.invoke.DirectMethodHandle$Holder.newInvokeSpecial(java.lang.Object, java.lang.Object, java.lang.Object, java.lang.Object, java.lang.Object, java.lang.Object, java.lang.Object, java.lang.Object, java.lang.Object, java.lang.Object, java.lang.Object, java.lang.Object, java.lang.Object, java.lang.Object)'> (0x00000000eb2338c0) 
thrown [s\open\src\hotspot\share\interpreter\linkResolver.cpp, line 773]
Event: 3.188 Thread 0x0000019c7fb0e8f0 Exception <a 'java/lang/NoSuchMethodError'{0x00000000eb238f70}: 'java.lang.Object java.lang.invoke.DirectMethodHandle$Holder.invokeSpecial(java.lang.Object, java.lang.Object, java.lang.Object, java.lang.Object, java.lang.Object, java.lang.Object, java.lang.Object, java.lang.Object, java.lang.Object, java.lang.Object, java.lang.Object, java.lang.Object, java.lang.Object, java.lang.Object, java.lang.Object)'> (0x00000000eb238f70) 
thrown [s\open\src\hotspot\share\interpreter\linkResolver.cpp, line 773]
Event: 3.188 Thread 0x0000019c7fb0e8f0 Exception <a 'java/lang/NoSuchMethodError'{0x00000000eb23d8b0}: 'java.lang.Object java.lang.invoke.DelegatingMethodHandle$Holder.reinvoke_L(java.lang.Object, java.lang.Object, java.lang.Object, java.lang.Object, java.lang.Object, java.lang.Object, java.lang.Object, java.lang.Object, java.lang.Object, java.lang.Object, java.lang.Object, java.lang.Object, java.lang.Object, java.lang.Object)'> (0x00000000eb23d8b0) 
thrown [s\open\src\hotspot\share\interpreter\linkResolver.cpp, line 773]
Event: 3.237 Thread 0x0000019c7fb0e8f0 Exception <a 'java/lang/NoSuchMethodError'{0x00000000eb004ab0}: 'java.lang.Object java.lang.invoke.DirectMethodHandle$Holder.invokeVirtual(java.lang.Object, java.lang.Object, java.lang.Object, java.lang.Object, java.lang.Object, java.lang.Object, java.lang.Object, java.lang.Object, java.lang.Object, java.lang.Object, java.lang.Object, java.lang.Object, java.lang.Object, java.lang.Object, java.lang.Object, java.lang.Object, java.lang.Object, java.lang.Object, java.lang.Object, java.lang.Object, java.lang.Ob
Event: 3.238 Thread 0x0000019c7fb0e8f0 Exception <a 'java/lang/NoSuchMethodError'{0x00000000eb00ad58}: 'java.lang.Object java.lang.invoke.DirectMethodHandle$Holder.invokeSpecial(java.lang.Object, java.lang.Object, java.lang.Object, java.lang.Object, java.lang.Object, java.lang.Object, java.lang.Object, java.lang.Object, java.lang.Object, java.lang.Object, java.lang.Object, java.lang.Object, java.lang.Object, java.lang.Object, java.lang.Object, java.lang.Object, java.lang.Object, java.lang.Object, java.lang.Object, java.lang.Object, java.lang.Ob
Event: 3.238 Thread 0x0000019c7fb0e8f0 Exception <a 'java/lang/NoSuchMethodError'{0x00000000eb0105d0}: 'java.lang.Object java.lang.invoke.DelegatingMethodHandle$Holder.reinvoke_L(java.lang.Object, java.lang.Object, java.lang.Object, java.lang.Object, java.lang.Object, java.lang.Object, java.lang.Object, java.lang.Object, java.lang.Object, java.lang.Object, java.lang.Object, java.lang.Object, java.lang.Object, java.lang.Object, java.lang.Object, java.lang.Object, java.lang.Object, java.lang.Object, java.lang.Object, java.lang.Object, java.lang.O
Event: 3.254 Thread 0x0000019c7fb0e8f0 Exception <a 'java/lang/NoSuchMethodError'{0x00000000eaf67998}: 'int java.lang.invoke.DirectMethodHandle$Holder.invokeStatic(java.lang.Object, java.lang.Object, java.lang.Object, java.lang.Object)'> (0x00000000eaf67998) 
thrown [s\open\src\hotspot\share\interpreter\linkResolver.cpp, line 773]
Event: 3.335 Thread 0x0000019c7fb0e8f0 Exception <a 'java/lang/NoSuchMethodError'{0x00000000eaccb138}: 'java.lang.Object java.lang.invoke.DirectMethodHandle$Holder.invokeSpecial(java.lang.Object, java.lang.Object, java.lang.Object, java.lang.Object, java.lang.Object, java.lang.Object, java.lang.Object, java.lang.Object, java.lang.Object, java.lang.Object, java.lang.Object, java.lang.Object, java.lang.Object, java.lang.Object, java.lang.Object, java.lang.Object, java.lang.Object, java.lang.Object, java.lang.Object, java.lang.Object, java.lang.Ob
Event: 3.526 Thread 0x0000019c7fb0e8f0 Exception <a 'java/lang/NoSuchMethodError'{0x00000000ea6a6410}: 'java.lang.Object java.lang.invoke.DirectMethodHandle$Holder.newInvokeSpecial(java.lang.Object, java.lang.Object, java.lang.Object, java.lang.Object, java.lang.Object, java.lang.Object, java.lang.Object)'> (0x00000000ea6a6410) 
thrown [s\open\src\hotspot\share\interpreter\linkResolver.cpp, line 773]
Event: 3.564 Thread 0x0000019c7fb0e8f0 Exception <a 'java/lang/NoSuchMethodError'{0x00000000ea5ea670}: 'java.lang.Object java.lang.invoke.DirectMethodHandle$Holder.invokeVirtual(java.lang.Object, java.lang.Object, java.lang.Object, java.lang.Object, java.lang.Object, java.lang.Object, java.lang.Object, java.lang.Object, java.lang.Object, java.lang.Object, java.lang.Object, java.lang.Object, java.lang.Object, java.lang.Object, java.lang.Object, java.lang.Object, java.lang.Object, java.lang.Object, java.lang.Object, java.lang.Object, java.lang.Ob

ZGC Phase Switch (0 events):
No events

VM Operations (20 events):
Event: 2.096 Executing VM operation: ICBufferFull
Event: 2.096 Executing VM operation: ICBufferFull done
Event: 2.123 Executing VM operation: HandshakeAllThreads (Deoptimize)
Event: 2.123 Executing VM operation: HandshakeAllThreads (Deoptimize) done
Event: 2.194 Executing VM operation: HandshakeAllThreads (Deoptimize)
Event: 2.194 Executing VM operation: HandshakeAllThreads (Deoptimize) done
Event: 2.518 Executing VM operation: HandshakeAllThreads (Deoptimize)
Event: 2.518 Executing VM operation: HandshakeAllThreads (Deoptimize) done
Event: 2.674 Executing VM operation: HandshakeAllThreads (Deoptimize)
Event: 2.674 Executing VM operation: HandshakeAllThreads (Deoptimize) done
Event: 2.881 Executing VM operation: HandshakeAllThreads (Deoptimize)
Event: 2.881 Executing VM operation: HandshakeAllThreads (Deoptimize) done
Event: 2.881 Executing VM operation: HandshakeAllThreads (Deoptimize)
Event: 2.881 Executing VM operation: HandshakeAllThreads (Deoptimize) done
Event: 2.938 Executing VM operation: HandshakeAllThreads (Deoptimize)
Event: 2.938 Executing VM operation: HandshakeAllThreads (Deoptimize) done
Event: 2.939 Executing VM operation: HandshakeAllThreads (Deoptimize)
Event: 2.939 Executing VM operation: HandshakeAllThreads (Deoptimize) done
Event: 2.939 Executing VM operation: ICBufferFull
Event: 2.939 Executing VM operation: ICBufferFull done

Events (20 events):
Event: 0.376 Thread 0x0000019c7e338660 Thread added: 0x0000019c7e338660
Event: 0.422 Thread 0x0000019c7e3fe0f0 Thread added: 0x0000019c7e3fe0f0
Event: 1.804 Thread 0x0000019c7faaeee0 Thread added: 0x0000019c7faaeee0
Event: 2.097 Thread 0x0000019c7edf4710 Thread added: 0x0000019c7edf4710
Event: 2.170 Thread 0x0000019c7f8d98d0 Thread added: 0x0000019c7f8d98d0
Event: 2.221 Thread 0x0000019c7fb0f610 Thread added: 0x0000019c7fb0f610
Event: 2.223 Thread 0x0000019c7fb0fca0 Thread added: 0x0000019c7fb0fca0
Event: 2.253 Thread 0x0000019c7fb0dbd0 Thread added: 0x0000019c7fb0dbd0
Event: 2.272 Thread 0x0000019c7fb0e8f0 Thread added: 0x0000019c7fb0e8f0
Event: 2.285 Thread 0x0000019c7fb10330 Thread added: 0x0000019c7fb10330
Event: 2.289 Thread 0x0000019c7fb0ceb0 Thread added: 0x0000019c7fb0ceb0
Event: 2.293 Thread 0x0000019c7fb0ef80 Thread added: 0x0000019c7fb0ef80
Event: 2.674 Thread 0x0000019c157ca6b0 Thread added: 0x0000019c157ca6b0
Event: 2.694 Thread 0x0000019c157c9300 Thread added: 0x0000019c157c9300
Event: 2.805 Thread 0x0000019c7e338660 Thread exited: 0x0000019c7e338660
Event: 2.805 Thread 0x0000019c7e3fe0f0 Thread exited: 0x0000019c7e3fe0f0
Event: 2.915 Thread 0x0000019c157c46e0 Thread added: 0x0000019c157c46e0
Event: 3.112 Thread 0x0000019c157ca020 Thread added: 0x0000019c157ca020
Event: 3.190 Thread 0x0000019c166d1910 Thread added: 0x0000019c166d1910
Event: 3.241 Thread 0x0000019c157cad40 Thread added: 0x0000019c157cad40


Dynamic libraries:
0x00007ff6c7c40000 - 0x00007ff6c7c4e000 	C:\Users\TU\.jdks\openjdk-21\bin\java.exe
0x00007ff90b480000 - 0x00007ff90b66f000 	C:\Windows\SYSTEM32\ntdll.dll
0x00007ff90a290000 - 0x00007ff90a343000 	C:\Windows\System32\KERNEL32.DLL
0x00007ff907f60000 - 0x00007ff9081fd000 	C:\Windows\System32\KERNELBASE.dll
0x00007ff907e00000 - 0x00007ff907efa000 	C:\Windows\System32\ucrtbase.dll
0x00007ff900da0000 - 0x00007ff900db8000 	C:\Users\TU\.jdks\openjdk-21\bin\jli.dll
0x00007ff900d80000 - 0x00007ff900d9b000 	C:\Users\TU\.jdks\openjdk-21\bin\VCRUNTIME140.dll
0x00007ff90ad70000 - 0x00007ff90af08000 	C:\Windows\System32\USER32.dll
0x00007ff908200000 - 0x00007ff908220000 	C:\Windows\System32\win32u.dll
0x00007ff8f3390000 - 0x00007ff8f3609000 	C:\Windows\WinSxS\amd64_microsoft.windows.common-controls_6595b64144ccf1df_6.0.17763.4737_none_de704896534c368b\COMCTL32.dll
0x00007ff909f60000 - 0x00007ff909f89000 	C:\Windows\System32\GDI32.dll
0x00007ff90a660000 - 0x00007ff90a6fe000 	C:\Windows\System32\msvcrt.dll
0x00007ff908250000 - 0x00007ff9083f6000 	C:\Windows\System32\gdi32full.dll
0x00007ff90aa40000 - 0x00007ff90ad6b000 	C:\Windows\System32\combase.dll
0x00007ff907610000 - 0x00007ff9076b0000 	C:\Windows\System32\msvcp_win.dll
0x00007ff909db0000 - 0x00007ff909ece000 	C:\Windows\System32\RPCRT4.dll
0x00007ff907580000 - 0x00007ff907602000 	C:\Windows\System32\bcryptPrimitives.dll
0x00007ff90af70000 - 0x00007ff90af9e000 	C:\Windows\System32\IMM32.DLL
0x00007ff900d70000 - 0x00007ff900d7c000 	C:\Users\TU\.jdks\openjdk-21\bin\vcruntime140_1.dll
0x00007ff8ea9d0000 - 0x00007ff8eaa5e000 	C:\Users\TU\.jdks\openjdk-21\bin\msvcp140.dll
0x00007ff8b25b0000 - 0x00007ff8b32c3000 	C:\Users\TU\.jdks\openjdk-21\bin\server\jvm.dll
0x00007ff909d00000 - 0x00007ff909da7000 	C:\Windows\System32\ADVAPI32.dll
0x00007ff908680000 - 0x00007ff90871f000 	C:\Windows\System32\sechost.dll
0x00007ff907440000 - 0x00007ff90749d000 	C:\Windows\System32\POWRPROF.dll
0x00007ff90a480000 - 0x00007ff90a4ed000 	C:\Windows\System32\WS2_32.dll
0x00007ff900090000 - 0x00007ff9000b4000 	C:\Windows\SYSTEM32\WINMM.dll
0x00007ff8ff0d0000 - 0x00007ff8ff0da000 	C:\Windows\SYSTEM32\VERSION.dll
0x00007ff900060000 - 0x00007ff90008d000 	C:\Windows\SYSTEM32\winmmbase.dll
0x00007ff908400000 - 0x00007ff90844a000 	C:\Windows\System32\cfgmgr32.dll
0x00007ff907400000 - 0x00007ff907411000 	C:\Windows\System32\kernel.appcore.dll
0x00007ff900d60000 - 0x00007ff900d6a000 	C:\Users\TU\.jdks\openjdk-21\bin\jimage.dll
0x00007ff902d10000 - 0x00007ff902efd000 	C:\Windows\SYSTEM32\DBGHELP.DLL
0x00007ff8ec830000 - 0x00007ff8ec85a000 	C:\Windows\SYSTEM32\dbgcore.DLL
0x00007ff8f4a20000 - 0x00007ff8f4a2f000 	C:\Users\TU\.jdks\openjdk-21\bin\instrument.dll
0x00007ff8ff6b0000 - 0x00007ff8ff6cf000 	C:\Users\TU\.jdks\openjdk-21\bin\java.dll
0x00007ff908800000 - 0x00007ff909cf8000 	C:\Windows\System32\SHELL32.dll
0x00007ff90a1e0000 - 0x00007ff90a287000 	C:\Windows\System32\shcore.dll
0x00007ff9076b0000 - 0x00007ff907df7000 	C:\Windows\System32\windows.storage.dll
0x00007ff9074a0000 - 0x00007ff9074c3000 	C:\Windows\System32\profapi.dll
0x00007ff90a860000 - 0x00007ff90a8b2000 	C:\Windows\System32\shlwapi.dll
0x00007ff908660000 - 0x00007ff90867b000 	C:\Windows\System32\cryptsp.dll
0x00007ff8ea690000 - 0x00007ff8ea767000 	C:\Users\TU\.jdks\openjdk-21\bin\jsvml.dll
0x00007ff8fe840000 - 0x00007ff8fe858000 	C:\Users\TU\.jdks\openjdk-21\bin\zip.dll
0x00007ff8ff920000 - 0x00007ff8ff930000 	C:\Users\TU\.jdks\openjdk-21\bin\net.dll
0x00007ff8f5910000 - 0x00007ff8f5a0d000 	C:\Windows\SYSTEM32\WINHTTP.dll
0x00007ff906c50000 - 0x00007ff906cb7000 	C:\Windows\system32\mswsock.dll
0x00007ff8ff690000 - 0x00007ff8ff6a6000 	C:\Users\TU\.jdks\openjdk-21\bin\nio.dll
0x00007ff8f4a30000 - 0x00007ff8f4a40000 	C:\Users\TU\.jdks\openjdk-21\bin\verify.dll
0x00007ff8efe80000 - 0x00007ff8efea7000 	C:\Users\TU\.gradle\native\c067742578af261105cb4f569cf0c3c89f3d7b1fecec35dd04571415982c5e48\windows-amd64\native-platform.dll
0x00007ff8e19d0000 - 0x00007ff8e1b14000 	C:\Users\TU\.gradle\native\38dada09dfb8b06ba9b0570ebf7e218e3eb74d4ef43ca46872605cf95ebc2f47\windows-amd64\native-platform-file-events.dll
0x00007ff8f36b0000 - 0x00007ff8f36ba000 	C:\Users\TU\.jdks\openjdk-21\bin\management.dll
0x00007ff8f36a0000 - 0x00007ff8f36ab000 	C:\Users\TU\.jdks\openjdk-21\bin\management_ext.dll
0x00007ff909ed0000 - 0x00007ff909ed8000 	C:\Windows\System32\PSAPI.DLL
0x00007ff9067d0000 - 0x00007ff906803000 	C:\Windows\system32\rsaenh.dll
0x00007ff908220000 - 0x00007ff908246000 	C:\Windows\System32\bcrypt.dll
0x00007ff907330000 - 0x00007ff907359000 	C:\Windows\SYSTEM32\USERENV.dll
0x00007ff906e20000 - 0x00007ff906e2c000 	C:\Windows\SYSTEM32\CRYPTBASE.dll
0x00007ff906960000 - 0x00007ff90699d000 	C:\Windows\SYSTEM32\IPHLPAPI.DLL
0x00007ff90a150000 - 0x00007ff90a158000 	C:\Windows\System32\NSI.dll
0x00007ff8fccc0000 - 0x00007ff8fccc7000 	C:\Users\TU\.jdks\openjdk-21\bin\extnet.dll
0x00007ff8f2090000 - 0x00007ff8f209e000 	C:\Users\TU\.jdks\openjdk-21\bin\sunmscapi.dll
0x00007ff908450000 - 0x00007ff908654000 	C:\Windows\System32\CRYPT32.dll
0x00007ff907420000 - 0x00007ff907432000 	C:\Windows\System32\MSASN1.dll
0x00007ff906f20000 - 0x00007ff906f4c000 	C:\Windows\SYSTEM32\ncrypt.dll
0x00007ff906ee0000 - 0x00007ff906f1c000 	C:\Windows\SYSTEM32\NTASN1.dll
0x00007ff8d5740000 - 0x00007ff8d5747000 	C:\Windows\system32\wshunix.dll

dbghelp: loaded successfully - version: 4.0.5 - missing functions: none
symbol engine: initialized successfully - sym options: 0x614 - pdb path: .;C:\Users\TU\.jdks\openjdk-21\bin;C:\Windows\SYSTEM32;C:\Windows\WinSxS\amd64_microsoft.windows.common-controls_6595b64144ccf1df_6.0.17763.4737_none_de704896534c368b;C:\Users\TU\.jdks\openjdk-21\bin\server;C:\Users\TU\.gradle\native\c067742578af261105cb4f569cf0c3c89f3d7b1fecec35dd04571415982c5e48\windows-amd64;C:\Users\TU\.gradle\native\38dada09dfb8b06ba9b0570ebf7e218e3eb74d4ef43ca46872605cf95ebc2f47\windows-amd64

VM Arguments:
jvm_args: --add-opens=java.base/java.util=ALL-UNNAMED --add-opens=java.base/java.lang=ALL-UNNAMED --add-opens=java.base/java.lang.invoke=ALL-UNNAMED --add-opens=java.prefs/java.util.prefs=ALL-UNNAMED --add-opens=java.base/java.nio.charset=ALL-UNNAMED --add-opens=java.base/java.net=ALL-UNNAMED --add-opens=java.base/java.util.concurrent.atomic=ALL-UNNAMED -XX:MaxMetaspaceSize=384m -XX:+HeapDumpOnOutOfMemoryError -Xms256m -Xmx512m -Dfile.encoding=windows-1252 -Duser.country=US -Duser.language=en -Duser.variant -javaagent:C:\Users\TU\.gradle\wrapper\dists\gradle-8.5-bin\5t9huq95ubn472n8rpzujfbqh\gradle-8.5\lib\agents\gradle-instrumentation-agent-8.5.jar 
java_command: org.gradle.launcher.daemon.bootstrap.GradleDaemon 8.5
java_class_path (initial): C:\Users\TU\.gradle\wrapper\dists\gradle-8.5-bin\5t9huq95ubn472n8rpzujfbqh\gradle-8.5\lib\gradle-launcher-8.5.jar
Launcher Type: SUN_STANDARD

[Global flags]
     intx CICompilerCount                          = 4                                         {product} {ergonomic}
   size_t CompressedClassSpaceSize                 = 335544320                                 {product} {ergonomic}
     uint ConcGCThreads                            = 3                                         {product} {ergonomic}
     uint G1ConcRefinementThreads                  = 10                                        {product} {ergonomic}
   size_t G1HeapRegionSize                         = 1048576                                   {product} {ergonomic}
    uintx GCDrainStackTargetSize                   = 64                                        {product} {ergonomic}
     bool HeapDumpOnOutOfMemoryError               = true                                   {manageable} {command line}
   size_t InitialHeapSize                          = 268435456                                 {product} {command line}
   size_t MarkStackSize                            = 4194304                                   {product} {ergonomic}
   size_t MaxHeapSize                              = 536870912                                 {product} {command line}
   size_t MaxMetaspaceSize                         = 402653184                                 {product} {command line}
   size_t MaxNewSize                               = 321912832                                 {product} {ergonomic}
   size_t MinHeapDeltaBytes                        = 1048576                                   {product} {ergonomic}
   size_t MinHeapSize                              = 268435456                                 {product} {command line}
    uintx NonNMethodCodeHeapSize                   = 5839372                                {pd product} {ergonomic}
    uintx NonProfiledCodeHeapSize                  = 122909434                              {pd product} {ergonomic}
    uintx ProfiledCodeHeapSize                     = 122909434                              {pd product} {ergonomic}
    uintx ReservedCodeCacheSize                    = 251658240                              {pd product} {ergonomic}
     bool SegmentedCodeCache                       = true                                      {product} {ergonomic}
   size_t SoftMaxHeapSize                          = 536870912                              {manageable} {ergonomic}
     bool UseCompressedOops                        = true                           {product lp64_product} {ergonomic}
     bool UseG1GC                                  = true                                      {product} {ergonomic}
     bool UseLargePagesIndividualAllocation        = false                                  {pd product} {ergonomic}

Logging:
Log output configuration:
 #0: stdout all=warning uptime,level,tags foldmultilines=false
 #1: stderr all=off uptime,level,tags foldmultilines=false

Environment Variables:
JAVA_HOME=C:\Program Files\Java\jdk-21
CLASSPATH=C:\Program Files\Java\jdk-18.0.2\mysql-connector-java-8.0.30.jar;
PATH=C:\Program Files\Common Files\Oracle\Java\javapath;C:\Windows\system32;C:\Windows;C:\Windows\System32\Wbem;C:\Windows\System32\WindowsPowerShell\v1.0\;C:\Windows\System32\OpenSSH\;C:\Program Files\Intel\WiFi\bin\;C:\Program Files\Common Files\Intel\WirelessCommon\;C:\Program Files (x86)\NVIDIA Corporation\PhysX\Common;C:\Program Files\NVIDIA Corporation\NVIDIA NvDLISR;C:\Program Files (x86)\dotnet\;C:\Program Files\dotnet\;C:\Program Files\Java\jdk-21\bin;C:\Program Files\Microsoft SQL Server\Client SDK\ODBC\170\Tools\Binn\;C:\Program Files (x86)\Microsoft SQL Server\150\Tools\Binn\;C:\Program Files\Microsoft SQL Server\150\Tools\Binn\;C:\Program Files\Microsoft SQL Server\150\DTS\Binn\;C:\Program Files (x86)\Microsoft SQL Server\150\DTS\Binn\;C:\Program Files\Azure Data Studio\bin;C:\Program Files\nodejs\;C:\Program Files\dotnet\sdk\7.0.201;C:\Program Files\Git\cmd;C:\mingw32\bin;C:\Program Files\apache-maven-3.9.4\bin;C:\Program Files\MySQL\MySQL Shell 8.0\bin\;C:\Users\TU\AppData\Local\Programs\Python\Python310\Scripts\;C:\Users\TU\AppData\Local\Programs\Python\Python310\;C:\Users\TU\AppData\Local\Microsoft\WindowsApps;C:\Program Files\Intel\WiFi\bin\;C:\Program Files\Common Files\Intel\WirelessCommon\;C:\Program Files\JetBrains\IntelliJ IDEA Community Edition 2022.2\bin;;C:\Users\TU\AppData\Local\Programs\Microsoft VS Code\bin;C:\Program Files\Azure Data Studio\bin;C:\Users\TU\AppData\Roaming\npm;C:\Users\TU\.dotnet\tools;C:\Program Files\dotnet\sdk\7.0.201;C:\Program Files\JetBrains\IntelliJ IDEA 2023.2\bin;;C:\Users\TU\Downloads\Compressed\flutter_windows_3.16.9-stable\flutter\bin;C:\Program Files\Java\jdk-21\bin;C:\Users\TU\AppData\Local\Android\Sdk\platforms;
USERNAME=TU
OS=Windows_NT
PROCESSOR_IDENTIFIER=Intel64 Family 6 Model 158 Stepping 10, GenuineIntel
TMP=C:\Users\TU\AppData\Local\Temp
TEMP=C:\Users\TU\AppData\Local\Temp




---------------  S Y S T E M  ---------------

OS:
 Windows 10 , 64 bit Build 17763 (10.0.17763.4720)
OS uptime: 0 days 5:11 hours

CPU: total 12 (initial active 12) (6 cores per cpu, 2 threads per core) family 6 model 158 stepping 10 microcode 0xde, cx8, cmov, fxsr, ht, mmx, 3dnowpref, sse, sse2, sse3, ssse3, sse4.1, sse4.2, popcnt, lzcnt, tsc, tscinvbit, avx, avx2, aes, erms, clmul, bmi1, bmi2, adx, fma, vzeroupper, clflush, clflushopt, rdtscp, f16c
Processor Information for all 12 processors :
  Max Mhz: 2601, Current Mhz: 2600, Mhz Limit: 2574

Memory: 4k page, system-wide physical 16225M (1795M free)
TotalPageFile size 57525M (AvailPageFile size 4M)
current process WorkingSet (physical memory assigned to process): 250M, peak: 250M
current process commit charge ("private bytes"): 457M, peak: 461M

vm_info: OpenJDK 64-Bit Server VM (21+35-2513) for windows-amd64 JRE (21+35-2513), built on 2023-08-09T20:25:10Z by "mach5one" with MS VC++ 17.1 (VS2022)

END.
