#
# There is insufficient memory for the Java Runtime Environment to continue.
# Native memory allocation (malloc) failed to allocate 1374896 bytes for Chunk::new
# Possible reasons:
#   The system is out of physical RAM or swap space
#   The process is running with CompressedOops enabled, and the Java Heap may be blocking the growth of the native heap
# Possible solutions:
#   Reduce memory load on the system
#   Increase physical memory or swap space
#   Check if swap backing store is full
#   Decrease Java heap size (-Xmx/-Xms)
#   Decrease number of Java threads
#   Decrease Java thread stack sizes (-Xss)
#   Set larger code cache with -XX:ReservedCodeCacheSize=
#   JVM is running with Unscaled Compressed Oops mode in which the Java heap is
#     placed in the first 4GB address space. The Java Heap base address is the
#     maximum limit for the native heap growth. Please use -XX:HeapBaseMinAddress
#     to set the Java Heap base and to place the Java Heap above 4GB virtual address.
# This output file may be truncated or incomplete.
#
#  Out of Memory Error (arena.cpp:166), pid=15352, tid=14532
#
# JRE version: OpenJDK Runtime Environment (21.0+35) (build 21+35-2513)
# Java VM: OpenJDK 64-Bit Server VM (21+35-2513, mixed mode, sharing, tiered, compressed oops, compressed class ptrs, g1 gc, windows-amd64)
# No core dump will be written. Minidumps are not enabled by default on client versions of Windows
#

---------------  S U M M A R Y ------------

Command Line: --add-opens=java.base/java.util=ALL-UNNAMED --add-opens=java.base/java.lang=ALL-UNNAMED --add-opens=java.base/java.lang.invoke=ALL-UNNAMED --add-opens=java.prefs/java.util.prefs=ALL-UNNAMED --add-opens=java.base/java.nio.charset=ALL-UNNAMED --add-opens=java.base/java.net=ALL-UNNAMED --add-opens=java.base/java.util.concurrent.atomic=ALL-UNNAMED -XX:MaxMetaspaceSize=384m -XX:+HeapDumpOnOutOfMemoryError -Xms256m -Xmx512m -Dfile.encoding=windows-1252 -Duser.country=US -Duser.language=en -Duser.variant -javaagent:C:\Users\TU\.gradle\wrapper\dists\gradle-8.5-bin\5t9huq95ubn472n8rpzujfbqh\gradle-8.5\lib\agents\gradle-instrumentation-agent-8.5.jar org.gradle.launcher.daemon.bootstrap.GradleDaemon 8.5

Host: Intel(R) Core(TM) i7-9750H CPU @ 2.60GHz, 12 cores, 15G,  Windows 10 , 64 bit Build 17763 (10.0.17763.4720)
Time: Mon Apr  1 21:22:30 2024 SE Asia Standard Time elapsed time: 6.611095 seconds (0d 0h 0m 6s)

---------------  T H R E A D  ---------------

Current thread (0x000001ecdf6b6570):  JavaThread "C2 CompilerThread1" daemon [_thread_in_native, id=14532, stack(0x0000000e84d00000,0x0000000e84e00000) (1024K)]


Current CompileTask:
C2:   6611 5207   !   4       com.google.common.reflect.TypeVisitor::visit (225 bytes)

Stack: [0x0000000e84d00000,0x0000000e84e00000]
Native frames: (J=compiled Java code, j=interpreted, Vv=VM code, C=native code)
V  [jvm.dll+0x6c8d39]
V  [jvm.dll+0x854091]
V  [jvm.dll+0x85630e]
V  [jvm.dll+0x8569e3]
V  [jvm.dll+0x2809a6]
V  [jvm.dll+0xc3e6d]
V  [jvm.dll+0xc4383]
V  [jvm.dll+0x3b54e2]
V  [jvm.dll+0x382245]
V  [jvm.dll+0x3816ba]
V  [jvm.dll+0x249800]
V  [jvm.dll+0x248de1]
V  [jvm.dll+0x1c9b91]
V  [jvm.dll+0x2583e9]
V  [jvm.dll+0x2569ca]
V  [jvm.dll+0x3eef66]
V  [jvm.dll+0x7fd2c8]
V  [jvm.dll+0x6c748d]
C  [ucrtbase.dll+0x2268a]
C  [KERNEL32.DLL+0x17ac4]
C  [ntdll.dll+0x5a351]


---------------  P R O C E S S  ---------------

Threads class SMR info:
_java_thread_list=0x000001ecc2078630, length=61, elements={
0x000001ecc20a54b0, 0x000001ecdf398d20, 0x000001ecdf28e110, 0x000001ecdf39a8f0,
0x000001ecdf39c5e0, 0x000001ecdf39f7f0, 0x000001ecdf3a0510, 0x000001ecdf3a5060,
0x000001ecdf3c7f20, 0x000001ecdf39f160, 0x000001ecdf39ead0, 0x000001ecdf6b6570,
0x000001ecdf39d090, 0x000001ecdf39fe80, 0x000001ecdf39d720, 0x000001ecdf39e440,
0x000001ecf9ff6650, 0x000001ecf9ff2b40, 0x000001ecf9ff3ef0, 0x000001ecf9ff5fc0,
0x000001ecf9ff52a0, 0x000001ecf9ff6ce0, 0x000001ecf9ff31d0, 0x000001ecf9fefd50,
0x000001ecf9ff1790, 0x000001ecf9ff7370, 0x000001ecf9ff1100, 0x000001ecf9ff0a70,
0x000001ecf9ff4c10, 0x000001ecf9ff5930, 0x000001ecf9ff3860, 0x000001ecf9ff1e20,
0x000001ecf9ff24b0, 0x000001ecfe13bf20, 0x000001ecfe13ab70, 0x000001ecfe13b200,
0x000001ecfe13c5b0, 0x000001ecfe13cc40, 0x000001ecfe137060, 0x000001ecfe13dff0,
0x000001ecfe13d960, 0x000001ecfe13e680, 0x000001ecfe137d80, 0x000001ecdfefae30,
0x000001ecfe138aa0, 0x000001ecfe13a4e0, 0x000001ecfe139130, 0x000001ecfe139e50,
0x000001ecfcf2bb40, 0x000001ecfcf2c860, 0x000001ecfcf286c0, 0x000001ecfcf2b4b0,
0x000001ecfcf265f0, 0x000001ecfcf2cef0, 0x000001ecfcf2c1d0, 0x000001ecfcf25f60,
0x000001ecfcf29a70, 0x000001ecfcf2a100, 0x000001ecfcf2d580, 0x000001ecfcf27310,
0x000001ecfcf26c80
}

Java Threads: ( => current thread )
  0x000001ecc20a54b0 JavaThread "main"                              [_thread_blocked, id=9608, stack(0x0000000e83b00000,0x0000000e83c00000) (1024K)]
  0x000001ecdf398d20 JavaThread "Reference Handler"          daemon [_thread_blocked, id=11580, stack(0x0000000e84300000,0x0000000e84400000) (1024K)]
  0x000001ecdf28e110 JavaThread "Finalizer"                  daemon [_thread_blocked, id=12252, stack(0x0000000e84400000,0x0000000e84500000) (1024K)]
  0x000001ecdf39a8f0 JavaThread "Signal Dispatcher"          daemon [_thread_blocked, id=12256, stack(0x0000000e84500000,0x0000000e84600000) (1024K)]
  0x000001ecdf39c5e0 JavaThread "Attach Listener"            daemon [_thread_blocked, id=12248, stack(0x0000000e84600000,0x0000000e84700000) (1024K)]
  0x000001ecdf39f7f0 JavaThread "Service Thread"             daemon [_thread_blocked, id=11756, stack(0x0000000e84700000,0x0000000e84800000) (1024K)]
  0x000001ecdf3a0510 JavaThread "Monitor Deflation Thread"   daemon [_thread_blocked, id=12268, stack(0x0000000e84800000,0x0000000e84900000) (1024K)]
  0x000001ecdf3a5060 JavaThread "C2 CompilerThread0"         daemon [_thread_in_native, id=12264, stack(0x0000000e84900000,0x0000000e84a00000) (1024K)]
  0x000001ecdf3c7f20 JavaThread "C1 CompilerThread0"         daemon [_thread_blocked, id=12260, stack(0x0000000e84a00000,0x0000000e84b00000) (1024K)]
  0x000001ecdf39f160 JavaThread "Common-Cleaner"             daemon [_thread_blocked, id=12276, stack(0x0000000e84b00000,0x0000000e84c00000) (1024K)]
  0x000001ecdf39ead0 JavaThread "Notification Thread"        daemon [_thread_blocked, id=12272, stack(0x0000000e84c00000,0x0000000e84d00000) (1024K)]
=>0x000001ecdf6b6570 JavaThread "C2 CompilerThread1"         daemon [_thread_in_native, id=14532, stack(0x0000000e84d00000,0x0000000e84e00000) (1024K)]
  0x000001ecdf39d090 JavaThread "Daemon health stats"               [_thread_blocked, id=8828, stack(0x0000000e85300000,0x0000000e85400000) (1024K)]
  0x000001ecdf39fe80 JavaThread "Incoming local TCP Connector on port 49604"        [_thread_in_native, id=18704, stack(0x0000000e85400000,0x0000000e85500000) (1024K)]
  0x000001ecdf39d720 JavaThread "Daemon periodic checks"            [_thread_blocked, id=4572, stack(0x0000000e85500000,0x0000000e85600000) (1024K)]
  0x000001ecdf39e440 JavaThread "Daemon"                            [_thread_blocked, id=3660, stack(0x0000000e85600000,0x0000000e85700000) (1024K)]
  0x000001ecf9ff6650 JavaThread "Handler for socket connection from /127.0.0.1:49604 to /127.0.0.1:49605"        [_thread_in_native, id=8384, stack(0x0000000e85700000,0x0000000e85800000) (1024K)]
  0x000001ecf9ff2b40 JavaThread "Cancel handler"                    [_thread_blocked, id=16976, stack(0x0000000e85800000,0x0000000e85900000) (1024K)]
  0x000001ecf9ff3ef0 JavaThread "Daemon worker"                     [_thread_in_vm, id=12904, stack(0x0000000e85900000,0x0000000e85a00000) (1024K)]
  0x000001ecf9ff5fc0 JavaThread "Asynchronous log dispatcher for DefaultDaemonConnection: socket connection from /127.0.0.1:49604 to /127.0.0.1:49605"        [_thread_blocked, id=19604, stack(0x0000000e85a00000,0x0000000e85b00000) (1024K)]
  0x000001ecf9ff52a0 JavaThread "Stdin handler"                     [_thread_blocked, id=19388, stack(0x0000000e85b00000,0x0000000e85c00000) (1024K)]
  0x000001ecf9ff6ce0 JavaThread "Daemon client event forwarder"        [_thread_blocked, id=20432, stack(0x0000000e85c00000,0x0000000e85d00000) (1024K)]
  0x000001ecf9ff31d0 JavaThread "Cache worker for journal cache (C:\Users\TU\.gradle\caches\journal-1)"        [_thread_blocked, id=13076, stack(0x0000000e85d00000,0x0000000e85e00000) (1024K)]
  0x000001ecf9fefd50 JavaThread "File lock request listener"        [_thread_in_native, id=12968, stack(0x0000000e85e00000,0x0000000e85f00000) (1024K)]
  0x000001ecf9ff1790 JavaThread "Cache worker for file hash cache (C:\Users\TU\.gradle\caches\8.5\fileHashes)"        [_thread_blocked, id=18668, stack(0x0000000e85f00000,0x0000000e86000000) (1024K)]
  0x000001ecf9ff7370 JavaThread "File watcher server"        daemon [_thread_in_native, id=1868, stack(0x0000000e86700000,0x0000000e86800000) (1024K)]
  0x000001ecf9ff1100 JavaThread "File watcher consumer"      daemon [_thread_blocked, id=2604, stack(0x0000000e86800000,0x0000000e86900000) (1024K)]
  0x000001ecf9ff0a70 JavaThread "Cache worker for checksums cache (D:\TaiLieu\Java-Web\Lab-TH\Lab07\52100138\Final_DN\.gradle\8.5\checksums)"        [_thread_blocked, id=3064, stack(0x0000000e86900000,0x0000000e86a00000) (1024K)]
  0x000001ecf9ff4c10 JavaThread "Cache worker for file hash cache (D:\TaiLieu\Java-Web\Lab-TH\Lab07\52100138\Final_DN\.gradle\8.5\fileHashes)"        [_thread_blocked, id=3060, stack(0x0000000e86a00000,0x0000000e86b00000) (1024K)]
  0x000001ecf9ff5930 JavaThread "Cache worker for cache directory md-supplier (C:\Users\TU\.gradle\caches\8.5\md-supplier)"        [_thread_blocked, id=3472, stack(0x0000000e86b00000,0x0000000e86c00000) (1024K)]
  0x000001ecf9ff3860 JavaThread "Cache worker for cache directory md-rule (C:\Users\TU\.gradle\caches\8.5\md-rule)"        [_thread_blocked, id=19972, stack(0x0000000e86c00000,0x0000000e86d00000) (1024K)]
  0x000001ecf9ff1e20 JavaThread "Cache worker for file content cache (C:\Users\TU\.gradle\caches\8.5\fileContent)"        [_thread_blocked, id=16800, stack(0x0000000e86d00000,0x0000000e86e00000) (1024K)]
  0x000001ecf9ff24b0 JavaThread "Cache worker for execution history cache (C:\Users\TU\.gradle\caches\8.5\executionHistory)"        [_thread_blocked, id=7604, stack(0x0000000e86e00000,0x0000000e86f00000) (1024K)]
  0x000001ecfe13bf20 JavaThread "jar transforms"                    [_thread_blocked, id=17500, stack(0x0000000e86f00000,0x0000000e87000000) (1024K)]
  0x000001ecfe13ab70 JavaThread "jar transforms Thread 2"           [_thread_blocked, id=16268, stack(0x0000000e87000000,0x0000000e87100000) (1024K)]
  0x000001ecfe13b200 JavaThread "jar transforms Thread 3"           [_thread_blocked, id=16892, stack(0x0000000e87100000,0x0000000e87200000) (1024K)]
  0x000001ecfe13c5b0 JavaThread "jar transforms Thread 4"           [_thread_blocked, id=18104, stack(0x0000000e87200000,0x0000000e87300000) (1024K)]
  0x000001ecfe13cc40 JavaThread "jar transforms Thread 5"           [_thread_blocked, id=17524, stack(0x0000000e87300000,0x0000000e87400000) (1024K)]
  0x000001ecfe137060 JavaThread "jar transforms Thread 6"           [_thread_blocked, id=4440, stack(0x0000000e87400000,0x0000000e87500000) (1024K)]
  0x000001ecfe13dff0 JavaThread "Cache worker for dependencies-accessors (D:\TaiLieu\Java-Web\Lab-TH\Lab07\52100138\Final_DN\.gradle\8.5\dependencies-accessors)"        [_thread_blocked, id=20200, stack(0x0000000e87500000,0x0000000e87600000) (1024K)]
  0x000001ecfe13d960 JavaThread "jar transforms Thread 7"           [_thread_blocked, id=12724, stack(0x0000000e87600000,0x0000000e87700000) (1024K)]
  0x000001ecfe13e680 JavaThread "File lock release action executor"        [_thread_blocked, id=11680, stack(0x0000000e87700000,0x0000000e87800000) (1024K)]
  0x000001ecfe137d80 JavaThread "Cache worker for Build Output Cleanup Cache (D:\TaiLieu\Java-Web\Lab-TH\Lab07\52100138\Final_DN\.gradle\buildOutputCleanup)"        [_thread_blocked, id=19944, stack(0x0000000e86000000,0x0000000e86100000) (1024K)]
  0x000001ecdfefae30 JavaThread "C2 CompilerThread2"         daemon [_thread_in_native, id=4404, stack(0x0000000e87800000,0x0000000e87900000) (1024K)]
  0x000001ecfe138aa0 JavaThread "Unconstrained build operations"        [_thread_blocked, id=21028, stack(0x0000000e87900000,0x0000000e87a00000) (1024K)]
  0x000001ecfe13a4e0 JavaThread "Unconstrained build operations Thread 2"        [_thread_blocked, id=1372, stack(0x0000000e87a00000,0x0000000e87b00000) (1024K)]
  0x000001ecfe139130 JavaThread "Unconstrained build operations Thread 3"        [_thread_blocked, id=4360, stack(0x0000000e87b00000,0x0000000e87c00000) (1024K)]
  0x000001ecfe139e50 JavaThread "Unconstrained build operations Thread 4"        [_thread_blocked, id=12356, stack(0x0000000e87c00000,0x0000000e87d00000) (1024K)]
  0x000001ecfcf2bb40 JavaThread "Unconstrained build operations Thread 5"        [_thread_blocked, id=13180, stack(0x0000000e87d00000,0x0000000e87e00000) (1024K)]
  0x000001ecfcf2c860 JavaThread "Unconstrained build operations Thread 6"        [_thread_blocked, id=14064, stack(0x0000000e87e00000,0x0000000e87f00000) (1024K)]
  0x000001ecfcf286c0 JavaThread "Unconstrained build operations Thread 7"        [_thread_blocked, id=3128, stack(0x0000000e87f00000,0x0000000e88000000) (1024K)]
  0x000001ecfcf2b4b0 JavaThread "Unconstrained build operations Thread 8"        [_thread_blocked, id=20944, stack(0x0000000e88000000,0x0000000e88100000) (1024K)]
  0x000001ecfcf265f0 JavaThread "Unconstrained build operations Thread 9"        [_thread_blocked, id=16688, stack(0x0000000e88100000,0x0000000e88200000) (1024K)]
  0x000001ecfcf2cef0 JavaThread "Unconstrained build operations Thread 10"        [_thread_blocked, id=20232, stack(0x0000000e88200000,0x0000000e88300000) (1024K)]
  0x000001ecfcf2c1d0 JavaThread "Unconstrained build operations Thread 11"        [_thread_blocked, id=18256, stack(0x0000000e88300000,0x0000000e88400000) (1024K)]
  0x000001ecfcf25f60 JavaThread "jar transforms Thread 8"           [_thread_blocked, id=17512, stack(0x0000000e88400000,0x0000000e88500000) (1024K)]
  0x000001ecfcf29a70 JavaThread "jar transforms Thread 9"           [_thread_blocked, id=1960, stack(0x0000000e88500000,0x0000000e88600000) (1024K)]
  0x000001ecfcf2a100 JavaThread "jar transforms Thread 10"          [_thread_blocked, id=21484, stack(0x0000000e88600000,0x0000000e88700000) (1024K)]
  0x000001ecfcf2d580 JavaThread "jar transforms Thread 11"          [_thread_blocked, id=18444, stack(0x0000000e88700000,0x0000000e88800000) (1024K)]
  0x000001ecfcf27310 JavaThread "jar transforms Thread 12"          [_thread_blocked, id=19240, stack(0x0000000e88800000,0x0000000e88900000) (1024K)]
  0x000001ecfcf26c80 JavaThread "Memory manager"                    [_thread_blocked, id=8376, stack(0x0000000e88900000,0x0000000e88a00000) (1024K)]
Total: 61

Other Threads:
  0x000001ecdf274a10 VMThread "VM Thread"                           [id=11576, stack(0x0000000e84200000,0x0000000e84300000) (1024K)]
  0x000001ecdf259eb0 WatcherThread "VM Periodic Task Thread"        [id=11552, stack(0x0000000e84100000,0x0000000e84200000) (1024K)]
  0x000001ecc42800f0 WorkerThread "GC Thread#0"                     [id=11548, stack(0x0000000e83c00000,0x0000000e83d00000) (1024K)]
  0x000001ecdfeaf320 WorkerThread "GC Thread#1"                     [id=9944, stack(0x0000000e84e00000,0x0000000e84f00000) (1024K)]
  0x000001ecdf912060 WorkerThread "GC Thread#2"                     [id=11884, stack(0x0000000e84f00000,0x0000000e85000000) (1024K)]
  0x000001ecdf912400 WorkerThread "GC Thread#3"                     [id=8804, stack(0x0000000e85000000,0x0000000e85100000) (1024K)]
  0x000001ecf91453d0 WorkerThread "GC Thread#4"                     [id=9820, stack(0x0000000e85100000,0x0000000e85200000) (1024K)]
  0x000001ecdfdf39b0 WorkerThread "GC Thread#5"                     [id=11472, stack(0x0000000e85200000,0x0000000e85300000) (1024K)]
  0x000001ecfd569360 WorkerThread "GC Thread#6"                     [id=13236, stack(0x0000000e86100000,0x0000000e86200000) (1024K)]
  0x000001ecfc9dfb80 WorkerThread "GC Thread#7"                     [id=19568, stack(0x0000000e86200000,0x0000000e86300000) (1024K)]
  0x000001ecfc9de220 WorkerThread "GC Thread#8"                     [id=10652, stack(0x0000000e86300000,0x0000000e86400000) (1024K)]
  0x000001ecfc9ded00 WorkerThread "GC Thread#9"                     [id=4956, stack(0x0000000e86400000,0x0000000e86500000) (1024K)]
  0x000001ecc4284fe0 ConcurrentGCThread "G1 Main Marker"            [id=5768, stack(0x0000000e83d00000,0x0000000e83e00000) (1024K)]
  0x000001ecc4285ba0 WorkerThread "G1 Conc#0"                       [id=11556, stack(0x0000000e83e00000,0x0000000e83f00000) (1024K)]
  0x000001ecfc9df0a0 WorkerThread "G1 Conc#1"                       [id=20044, stack(0x0000000e86500000,0x0000000e86600000) (1024K)]
  0x000001ecfc9df440 WorkerThread "G1 Conc#2"                       [id=16676, stack(0x0000000e86600000,0x0000000e86700000) (1024K)]
  0x000001ecc431ea40 ConcurrentGCThread "G1 Refine#0"               [id=11564, stack(0x0000000e83f00000,0x0000000e84000000) (1024K)]
  0x000001ecdf12d730 ConcurrentGCThread "G1 Service"                [id=11568, stack(0x0000000e84000000,0x0000000e84100000) (1024K)]
Total: 18

Threads with active compile tasks:
C2 CompilerThread0     6653 5250  s!   4       java.util.jar.JarFile::ensureInitialization (59 bytes)
C2 CompilerThread1     6653 5207   !   4       com.google.common.reflect.TypeVisitor::visit (225 bytes)
C2 CompilerThread2     6653 5223       4       org.objectweb.asm.MethodWriter::computeAllFrames (510 bytes)
Total: 3

VM state: not at safepoint (normal execution)

VM Mutex/Monitor currently owned by a thread:  ([mutex/lock_event])
[0x00007ff8b31e70c8] MethodCompileQueue_lock - owner thread: 0x000001ecdf3a5060

Heap address: 0x00000000e0000000, size: 512 MB, Compressed Oops mode: 32-bit

CDS archive(s) mapped at: [0x000001ece0000000-0x000001ece0c90000-0x000001ece0c90000), size 13172736, SharedBaseAddress: 0x000001ece0000000, ArchiveRelocationMode: 1.
Compressed class space mapped at: 0x000001ece1000000-0x000001ecf5000000, reserved size: 335544320
Narrow klass base: 0x000001ece0000000, Narrow klass shift: 0, Narrow klass range: 0x100000000

GC Precious Log:
 CardTable entry size: 512
 Card Set container configuration: InlinePtr #cards 5 size 8 Array Of Cards #cards 12 size 40 Howl #buckets 4 coarsen threshold 1843 Howl Bitmap #cards 512 size 80 coarsen threshold 460 Card regions per heap region 1 cards per card region 2048
 CPUs: 12 total, 12 available
 Memory: 16225M
 Large Page Support: Disabled
 NUMA Support: Disabled
 Compressed Oops: Enabled (32-bit)
 Heap Region Size: 1M
 Heap Min Capacity: 256M
 Heap Initial Capacity: 256M
 Heap Max Capacity: 512M
 Pre-touch: Disabled
 Parallel Workers: 10
 Concurrent Workers: 3
 Concurrent Refinement Workers: 10
 Periodic GC: Disabled

Heap:
 garbage-first heap   total 262144K, used 136664K [0x00000000e0000000, 0x0000000100000000)
  region size 1024K, 109 young (111616K), 9 survivors (9216K)
 Metaspace       used 46950K, committed 48512K, reserved 393216K
  class space    used 6762K, committed 7552K, reserved 327680K

Heap Regions: E=young(eden), S=young(survivor), O=old, HS=humongous(starts), HC=humongous(continues), CS=collection set, F=free, TAMS=top-at-mark-start, PB=parsable bottom
|   0|0x00000000e0000000, 0x00000000e0100000, 0x00000000e0100000|100%|HS|  |TAMS 0x00000000e0000000| PB 0x00000000e0000000| Complete 
|   1|0x00000000e0100000, 0x00000000e0200000, 0x00000000e0200000|100%|HC|  |TAMS 0x00000000e0100000| PB 0x00000000e0100000| Complete 
|   2|0x00000000e0200000, 0x00000000e0300000, 0x00000000e0300000|100%|HC|  |TAMS 0x00000000e0200000| PB 0x00000000e0200000| Complete 
|   3|0x00000000e0300000, 0x00000000e0400000, 0x00000000e0400000|100%|HC|  |TAMS 0x00000000e0300000| PB 0x00000000e0300000| Complete 
|   4|0x00000000e0400000, 0x00000000e0500000, 0x00000000e0500000|100%| O|  |TAMS 0x00000000e0400000| PB 0x00000000e0400000| Untracked 
|   5|0x00000000e0500000, 0x00000000e0600000, 0x00000000e0600000|100%| O|  |TAMS 0x00000000e0500000| PB 0x00000000e0500000| Untracked 
|   6|0x00000000e0600000, 0x00000000e0700000, 0x00000000e0700000|100%| O|  |TAMS 0x00000000e0600000| PB 0x00000000e0600000| Untracked 
|   7|0x00000000e0700000, 0x00000000e0800000, 0x00000000e0800000|100%| O|  |TAMS 0x00000000e0700000| PB 0x00000000e0700000| Untracked 
|   8|0x00000000e0800000, 0x00000000e0900000, 0x00000000e0900000|100%| O|  |TAMS 0x00000000e0800000| PB 0x00000000e0800000| Untracked 
|   9|0x00000000e0900000, 0x00000000e0a00000, 0x00000000e0a00000|100%| O|  |TAMS 0x00000000e0900000| PB 0x00000000e0900000| Untracked 
|  10|0x00000000e0a00000, 0x00000000e0b00000, 0x00000000e0b00000|100%| O|  |TAMS 0x00000000e0a00000| PB 0x00000000e0a00000| Untracked 
|  11|0x00000000e0b00000, 0x00000000e0c00000, 0x00000000e0c00000|100%|HS|  |TAMS 0x00000000e0b00000| PB 0x00000000e0b00000| Complete 
|  12|0x00000000e0c00000, 0x00000000e0d00000, 0x00000000e0d00000|100%|HS|  |TAMS 0x00000000e0c00000| PB 0x00000000e0c00000| Complete 
|  13|0x00000000e0d00000, 0x00000000e0e00000, 0x00000000e0e00000|100%|HC|  |TAMS 0x00000000e0d00000| PB 0x00000000e0d00000| Complete 
|  14|0x00000000e0e00000, 0x00000000e0f00000, 0x00000000e0f00000|100%|HS|  |TAMS 0x00000000e0e00000| PB 0x00000000e0e00000| Complete 
|  15|0x00000000e0f00000, 0x00000000e0f00000, 0x00000000e1000000|  0%| F|  |TAMS 0x00000000e0f00000| PB 0x00000000e0f00000| Untracked 
|  16|0x00000000e1000000, 0x00000000e1100000, 0x00000000e1100000|100%| O|  |TAMS 0x00000000e1000000| PB 0x00000000e1000000| Untracked 
|  17|0x00000000e1100000, 0x00000000e1200000, 0x00000000e1200000|100%| O|  |TAMS 0x00000000e1100000| PB 0x00000000e1100000| Untracked 
|  18|0x00000000e1200000, 0x00000000e1300000, 0x00000000e1300000|100%| O|  |TAMS 0x00000000e1200000| PB 0x00000000e1200000| Untracked 
|  19|0x00000000e1300000, 0x00000000e1400000, 0x00000000e1400000|100%| O|  |TAMS 0x00000000e1300000| PB 0x00000000e1300000| Untracked 
|  20|0x00000000e1400000, 0x00000000e1500000, 0x00000000e1500000|100%| O|  |TAMS 0x00000000e1400000| PB 0x00000000e1400000| Untracked 
|  21|0x00000000e1500000, 0x00000000e1600000, 0x00000000e1600000|100%| O|  |TAMS 0x00000000e1500000| PB 0x00000000e1500000| Untracked 
|  22|0x00000000e1600000, 0x00000000e1700000, 0x00000000e1700000|100%| O|  |TAMS 0x00000000e1600000| PB 0x00000000e1600000| Untracked 
|  23|0x00000000e1700000, 0x00000000e1800000, 0x00000000e1800000|100%| O|  |TAMS 0x00000000e1700000| PB 0x00000000e1700000| Untracked 
|  24|0x00000000e1800000, 0x00000000e1900000, 0x00000000e1900000|100%| O|  |TAMS 0x00000000e1800000| PB 0x00000000e1800000| Untracked 
|  25|0x00000000e1900000, 0x00000000e1a00000, 0x00000000e1a00000|100%| O|  |TAMS 0x00000000e1900000| PB 0x00000000e1900000| Untracked 
|  26|0x00000000e1a00000, 0x00000000e1b00000, 0x00000000e1b00000|100%| O|  |TAMS 0x00000000e1a00000| PB 0x00000000e1a00000| Untracked 
|  27|0x00000000e1b00000, 0x00000000e1b00000, 0x00000000e1c00000|  0%| F|  |TAMS 0x00000000e1b00000| PB 0x00000000e1b00000| Untracked 
|  28|0x00000000e1c00000, 0x00000000e1c00000, 0x00000000e1d00000|  0%| F|  |TAMS 0x00000000e1c00000| PB 0x00000000e1c00000| Untracked 
|  29|0x00000000e1d00000, 0x00000000e1d00000, 0x00000000e1e00000|  0%| F|  |TAMS 0x00000000e1d00000| PB 0x00000000e1d00000| Untracked 
|  30|0x00000000e1e00000, 0x00000000e1e00000, 0x00000000e1f00000|  0%| F|  |TAMS 0x00000000e1e00000| PB 0x00000000e1e00000| Untracked 
|  31|0x00000000e1f00000, 0x00000000e1f00000, 0x00000000e2000000|  0%| F|  |TAMS 0x00000000e1f00000| PB 0x00000000e1f00000| Untracked 
|  32|0x00000000e2000000, 0x00000000e2000000, 0x00000000e2100000|  0%| F|  |TAMS 0x00000000e2000000| PB 0x00000000e2000000| Untracked 
|  33|0x00000000e2100000, 0x00000000e2100000, 0x00000000e2200000|  0%| F|  |TAMS 0x00000000e2100000| PB 0x00000000e2100000| Untracked 
|  34|0x00000000e2200000, 0x00000000e2200000, 0x00000000e2300000|  0%| F|  |TAMS 0x00000000e2200000| PB 0x00000000e2200000| Untracked 
|  35|0x00000000e2300000, 0x00000000e2300000, 0x00000000e2400000|  0%| F|  |TAMS 0x00000000e2300000| PB 0x00000000e2300000| Untracked 
|  36|0x00000000e2400000, 0x00000000e2400000, 0x00000000e2500000|  0%| F|  |TAMS 0x00000000e2400000| PB 0x00000000e2400000| Untracked 
|  37|0x00000000e2500000, 0x00000000e2500000, 0x00000000e2600000|  0%| F|  |TAMS 0x00000000e2500000| PB 0x00000000e2500000| Untracked 
|  38|0x00000000e2600000, 0x00000000e2600000, 0x00000000e2700000|  0%| F|  |TAMS 0x00000000e2600000| PB 0x00000000e2600000| Untracked 
|  39|0x00000000e2700000, 0x00000000e2700000, 0x00000000e2800000|  0%| F|  |TAMS 0x00000000e2700000| PB 0x00000000e2700000| Untracked 
|  40|0x00000000e2800000, 0x00000000e2800000, 0x00000000e2900000|  0%| F|  |TAMS 0x00000000e2800000| PB 0x00000000e2800000| Untracked 
|  41|0x00000000e2900000, 0x00000000e2900000, 0x00000000e2a00000|  0%| F|  |TAMS 0x00000000e2900000| PB 0x00000000e2900000| Untracked 
|  42|0x00000000e2a00000, 0x00000000e2a00000, 0x00000000e2b00000|  0%| F|  |TAMS 0x00000000e2a00000| PB 0x00000000e2a00000| Untracked 
|  43|0x00000000e2b00000, 0x00000000e2b00000, 0x00000000e2c00000|  0%| F|  |TAMS 0x00000000e2b00000| PB 0x00000000e2b00000| Untracked 
|  44|0x00000000e2c00000, 0x00000000e2c00000, 0x00000000e2d00000|  0%| F|  |TAMS 0x00000000e2c00000| PB 0x00000000e2c00000| Untracked 
|  45|0x00000000e2d00000, 0x00000000e2d00000, 0x00000000e2e00000|  0%| F|  |TAMS 0x00000000e2d00000| PB 0x00000000e2d00000| Untracked 
|  46|0x00000000e2e00000, 0x00000000e2e00000, 0x00000000e2f00000|  0%| F|  |TAMS 0x00000000e2e00000| PB 0x00000000e2e00000| Untracked 
|  47|0x00000000e2f00000, 0x00000000e2f00000, 0x00000000e3000000|  0%| F|  |TAMS 0x00000000e2f00000| PB 0x00000000e2f00000| Untracked 
|  48|0x00000000e3000000, 0x00000000e3000000, 0x00000000e3100000|  0%| F|  |TAMS 0x00000000e3000000| PB 0x00000000e3000000| Untracked 
|  49|0x00000000e3100000, 0x00000000e3100000, 0x00000000e3200000|  0%| F|  |TAMS 0x00000000e3100000| PB 0x00000000e3100000| Untracked 
|  50|0x00000000e3200000, 0x00000000e3200000, 0x00000000e3300000|  0%| F|  |TAMS 0x00000000e3200000| PB 0x00000000e3200000| Untracked 
|  51|0x00000000e3300000, 0x00000000e3300000, 0x00000000e3400000|  0%| F|  |TAMS 0x00000000e3300000| PB 0x00000000e3300000| Untracked 
|  52|0x00000000e3400000, 0x00000000e3400000, 0x00000000e3500000|  0%| F|  |TAMS 0x00000000e3400000| PB 0x00000000e3400000| Untracked 
|  53|0x00000000e3500000, 0x00000000e3500000, 0x00000000e3600000|  0%| F|  |TAMS 0x00000000e3500000| PB 0x00000000e3500000| Untracked 
|  54|0x00000000e3600000, 0x00000000e3600000, 0x00000000e3700000|  0%| F|  |TAMS 0x00000000e3600000| PB 0x00000000e3600000| Untracked 
|  55|0x00000000e3700000, 0x00000000e3700000, 0x00000000e3800000|  0%| F|  |TAMS 0x00000000e3700000| PB 0x00000000e3700000| Untracked 
|  56|0x00000000e3800000, 0x00000000e3800000, 0x00000000e3900000|  0%| F|  |TAMS 0x00000000e3800000| PB 0x00000000e3800000| Untracked 
|  57|0x00000000e3900000, 0x00000000e3900000, 0x00000000e3a00000|  0%| F|  |TAMS 0x00000000e3900000| PB 0x00000000e3900000| Untracked 
|  58|0x00000000e3a00000, 0x00000000e3a00000, 0x00000000e3b00000|  0%| F|  |TAMS 0x00000000e3a00000| PB 0x00000000e3a00000| Untracked 
|  59|0x00000000e3b00000, 0x00000000e3b00000, 0x00000000e3c00000|  0%| F|  |TAMS 0x00000000e3b00000| PB 0x00000000e3b00000| Untracked 
|  60|0x00000000e3c00000, 0x00000000e3c00000, 0x00000000e3d00000|  0%| F|  |TAMS 0x00000000e3c00000| PB 0x00000000e3c00000| Untracked 
|  61|0x00000000e3d00000, 0x00000000e3d00000, 0x00000000e3e00000|  0%| F|  |TAMS 0x00000000e3d00000| PB 0x00000000e3d00000| Untracked 
|  62|0x00000000e3e00000, 0x00000000e3e00000, 0x00000000e3f00000|  0%| F|  |TAMS 0x00000000e3e00000| PB 0x00000000e3e00000| Untracked 
|  63|0x00000000e3f00000, 0x00000000e3f00000, 0x00000000e4000000|  0%| F|  |TAMS 0x00000000e3f00000| PB 0x00000000e3f00000| Untracked 
|  64|0x00000000e4000000, 0x00000000e4000000, 0x00000000e4100000|  0%| F|  |TAMS 0x00000000e4000000| PB 0x00000000e4000000| Untracked 
|  65|0x00000000e4100000, 0x00000000e4100000, 0x00000000e4200000|  0%| F|  |TAMS 0x00000000e4100000| PB 0x00000000e4100000| Untracked 
|  66|0x00000000e4200000, 0x00000000e4200000, 0x00000000e4300000|  0%| F|  |TAMS 0x00000000e4200000| PB 0x00000000e4200000| Untracked 
|  67|0x00000000e4300000, 0x00000000e4300000, 0x00000000e4400000|  0%| F|  |TAMS 0x00000000e4300000| PB 0x00000000e4300000| Untracked 
|  68|0x00000000e4400000, 0x00000000e4400000, 0x00000000e4500000|  0%| F|  |TAMS 0x00000000e4400000| PB 0x00000000e4400000| Untracked 
|  69|0x00000000e4500000, 0x00000000e4500000, 0x00000000e4600000|  0%| F|  |TAMS 0x00000000e4500000| PB 0x00000000e4500000| Untracked 
|  70|0x00000000e4600000, 0x00000000e4600000, 0x00000000e4700000|  0%| F|  |TAMS 0x00000000e4600000| PB 0x00000000e4600000| Untracked 
|  71|0x00000000e4700000, 0x00000000e4700000, 0x00000000e4800000|  0%| F|  |TAMS 0x00000000e4700000| PB 0x00000000e4700000| Untracked 
|  72|0x00000000e4800000, 0x00000000e4800000, 0x00000000e4900000|  0%| F|  |TAMS 0x00000000e4800000| PB 0x00000000e4800000| Untracked 
|  73|0x00000000e4900000, 0x00000000e4900000, 0x00000000e4a00000|  0%| F|  |TAMS 0x00000000e4900000| PB 0x00000000e4900000| Untracked 
|  74|0x00000000e4a00000, 0x00000000e4a00000, 0x00000000e4b00000|  0%| F|  |TAMS 0x00000000e4a00000| PB 0x00000000e4a00000| Untracked 
|  75|0x00000000e4b00000, 0x00000000e4b00000, 0x00000000e4c00000|  0%| F|  |TAMS 0x00000000e4b00000| PB 0x00000000e4b00000| Untracked 
|  76|0x00000000e4c00000, 0x00000000e4c00000, 0x00000000e4d00000|  0%| F|  |TAMS 0x00000000e4c00000| PB 0x00000000e4c00000| Untracked 
|  77|0x00000000e4d00000, 0x00000000e4d00000, 0x00000000e4e00000|  0%| F|  |TAMS 0x00000000e4d00000| PB 0x00000000e4d00000| Untracked 
|  78|0x00000000e4e00000, 0x00000000e4e00000, 0x00000000e4f00000|  0%| F|  |TAMS 0x00000000e4e00000| PB 0x00000000e4e00000| Untracked 
|  79|0x00000000e4f00000, 0x00000000e4f00000, 0x00000000e5000000|  0%| F|  |TAMS 0x00000000e4f00000| PB 0x00000000e4f00000| Untracked 
|  80|0x00000000e5000000, 0x00000000e5000000, 0x00000000e5100000|  0%| F|  |TAMS 0x00000000e5000000| PB 0x00000000e5000000| Untracked 
|  81|0x00000000e5100000, 0x00000000e5100000, 0x00000000e5200000|  0%| F|  |TAMS 0x00000000e5100000| PB 0x00000000e5100000| Untracked 
|  82|0x00000000e5200000, 0x00000000e5200000, 0x00000000e5300000|  0%| F|  |TAMS 0x00000000e5200000| PB 0x00000000e5200000| Untracked 
|  83|0x00000000e5300000, 0x00000000e5300000, 0x00000000e5400000|  0%| F|  |TAMS 0x00000000e5300000| PB 0x00000000e5300000| Untracked 
|  84|0x00000000e5400000, 0x00000000e5400000, 0x00000000e5500000|  0%| F|  |TAMS 0x00000000e5400000| PB 0x00000000e5400000| Untracked 
|  85|0x00000000e5500000, 0x00000000e5500000, 0x00000000e5600000|  0%| F|  |TAMS 0x00000000e5500000| PB 0x00000000e5500000| Untracked 
|  86|0x00000000e5600000, 0x00000000e5600000, 0x00000000e5700000|  0%| F|  |TAMS 0x00000000e5600000| PB 0x00000000e5600000| Untracked 
|  87|0x00000000e5700000, 0x00000000e5700000, 0x00000000e5800000|  0%| F|  |TAMS 0x00000000e5700000| PB 0x00000000e5700000| Untracked 
|  88|0x00000000e5800000, 0x00000000e5800000, 0x00000000e5900000|  0%| F|  |TAMS 0x00000000e5800000| PB 0x00000000e5800000| Untracked 
|  89|0x00000000e5900000, 0x00000000e5900000, 0x00000000e5a00000|  0%| F|  |TAMS 0x00000000e5900000| PB 0x00000000e5900000| Untracked 
|  90|0x00000000e5a00000, 0x00000000e5a00000, 0x00000000e5b00000|  0%| F|  |TAMS 0x00000000e5a00000| PB 0x00000000e5a00000| Untracked 
|  91|0x00000000e5b00000, 0x00000000e5b00000, 0x00000000e5c00000|  0%| F|  |TAMS 0x00000000e5b00000| PB 0x00000000e5b00000| Untracked 
|  92|0x00000000e5c00000, 0x00000000e5c00000, 0x00000000e5d00000|  0%| F|  |TAMS 0x00000000e5c00000| PB 0x00000000e5c00000| Untracked 
|  93|0x00000000e5d00000, 0x00000000e5d00000, 0x00000000e5e00000|  0%| F|  |TAMS 0x00000000e5d00000| PB 0x00000000e5d00000| Untracked 
|  94|0x00000000e5e00000, 0x00000000e5e00000, 0x00000000e5f00000|  0%| F|  |TAMS 0x00000000e5e00000| PB 0x00000000e5e00000| Untracked 
|  95|0x00000000e5f00000, 0x00000000e5f00000, 0x00000000e6000000|  0%| F|  |TAMS 0x00000000e5f00000| PB 0x00000000e5f00000| Untracked 
|  96|0x00000000e6000000, 0x00000000e6000000, 0x00000000e6100000|  0%| F|  |TAMS 0x00000000e6000000| PB 0x00000000e6000000| Untracked 
|  97|0x00000000e6100000, 0x00000000e6100000, 0x00000000e6200000|  0%| F|  |TAMS 0x00000000e6100000| PB 0x00000000e6100000| Untracked 
|  98|0x00000000e6200000, 0x00000000e6200000, 0x00000000e6300000|  0%| F|  |TAMS 0x00000000e6200000| PB 0x00000000e6200000| Untracked 
|  99|0x00000000e6300000, 0x00000000e6300000, 0x00000000e6400000|  0%| F|  |TAMS 0x00000000e6300000| PB 0x00000000e6300000| Untracked 
| 100|0x00000000e6400000, 0x00000000e6400000, 0x00000000e6500000|  0%| F|  |TAMS 0x00000000e6400000| PB 0x00000000e6400000| Untracked 
| 101|0x00000000e6500000, 0x00000000e6500000, 0x00000000e6600000|  0%| F|  |TAMS 0x00000000e6500000| PB 0x00000000e6500000| Untracked 
| 102|0x00000000e6600000, 0x00000000e6600000, 0x00000000e6700000|  0%| F|  |TAMS 0x00000000e6600000| PB 0x00000000e6600000| Untracked 
| 103|0x00000000e6700000, 0x00000000e6700000, 0x00000000e6800000|  0%| F|  |TAMS 0x00000000e6700000| PB 0x00000000e6700000| Untracked 
| 104|0x00000000e6800000, 0x00000000e6800000, 0x00000000e6900000|  0%| F|  |TAMS 0x00000000e6800000| PB 0x00000000e6800000| Untracked 
| 105|0x00000000e6900000, 0x00000000e6900000, 0x00000000e6a00000|  0%| F|  |TAMS 0x00000000e6900000| PB 0x00000000e6900000| Untracked 
| 106|0x00000000e6a00000, 0x00000000e6a00000, 0x00000000e6b00000|  0%| F|  |TAMS 0x00000000e6a00000| PB 0x00000000e6a00000| Untracked 
| 107|0x00000000e6b00000, 0x00000000e6b00000, 0x00000000e6c00000|  0%| F|  |TAMS 0x00000000e6b00000| PB 0x00000000e6b00000| Untracked 
| 108|0x00000000e6c00000, 0x00000000e6c00000, 0x00000000e6d00000|  0%| F|  |TAMS 0x00000000e6c00000| PB 0x00000000e6c00000| Untracked 
| 109|0x00000000e6d00000, 0x00000000e6d00000, 0x00000000e6e00000|  0%| F|  |TAMS 0x00000000e6d00000| PB 0x00000000e6d00000| Untracked 
| 110|0x00000000e6e00000, 0x00000000e6e00000, 0x00000000e6f00000|  0%| F|  |TAMS 0x00000000e6e00000| PB 0x00000000e6e00000| Untracked 
| 111|0x00000000e6f00000, 0x00000000e6f00000, 0x00000000e7000000|  0%| F|  |TAMS 0x00000000e6f00000| PB 0x00000000e6f00000| Untracked 
| 112|0x00000000e7000000, 0x00000000e7000000, 0x00000000e7100000|  0%| F|  |TAMS 0x00000000e7000000| PB 0x00000000e7000000| Untracked 
| 113|0x00000000e7100000, 0x00000000e7100000, 0x00000000e7200000|  0%| F|  |TAMS 0x00000000e7100000| PB 0x00000000e7100000| Untracked 
| 114|0x00000000e7200000, 0x00000000e7200000, 0x00000000e7300000|  0%| F|  |TAMS 0x00000000e7200000| PB 0x00000000e7200000| Untracked 
| 115|0x00000000e7300000, 0x00000000e7300000, 0x00000000e7400000|  0%| F|  |TAMS 0x00000000e7300000| PB 0x00000000e7300000| Untracked 
| 116|0x00000000e7400000, 0x00000000e7400000, 0x00000000e7500000|  0%| F|  |TAMS 0x00000000e7400000| PB 0x00000000e7400000| Untracked 
| 117|0x00000000e7500000, 0x00000000e7500000, 0x00000000e7600000|  0%| F|  |TAMS 0x00000000e7500000| PB 0x00000000e7500000| Untracked 
| 118|0x00000000e7600000, 0x00000000e7600000, 0x00000000e7700000|  0%| F|  |TAMS 0x00000000e7600000| PB 0x00000000e7600000| Untracked 
| 119|0x00000000e7700000, 0x00000000e7700000, 0x00000000e7800000|  0%| F|  |TAMS 0x00000000e7700000| PB 0x00000000e7700000| Untracked 
| 120|0x00000000e7800000, 0x00000000e7800000, 0x00000000e7900000|  0%| F|  |TAMS 0x00000000e7800000| PB 0x00000000e7800000| Untracked 
| 121|0x00000000e7900000, 0x00000000e7900000, 0x00000000e7a00000|  0%| F|  |TAMS 0x00000000e7900000| PB 0x00000000e7900000| Untracked 
| 122|0x00000000e7a00000, 0x00000000e7a00000, 0x00000000e7b00000|  0%| F|  |TAMS 0x00000000e7a00000| PB 0x00000000e7a00000| Untracked 
| 123|0x00000000e7b00000, 0x00000000e7b00000, 0x00000000e7c00000|  0%| F|  |TAMS 0x00000000e7b00000| PB 0x00000000e7b00000| Untracked 
| 124|0x00000000e7c00000, 0x00000000e7c00000, 0x00000000e7d00000|  0%| F|  |TAMS 0x00000000e7c00000| PB 0x00000000e7c00000| Untracked 
| 125|0x00000000e7d00000, 0x00000000e7d00000, 0x00000000e7e00000|  0%| F|  |TAMS 0x00000000e7d00000| PB 0x00000000e7d00000| Untracked 
| 126|0x00000000e7e00000, 0x00000000e7e00000, 0x00000000e7f00000|  0%| F|  |TAMS 0x00000000e7e00000| PB 0x00000000e7e00000| Untracked 
| 127|0x00000000e7f00000, 0x00000000e7f00000, 0x00000000e8000000|  0%| F|  |TAMS 0x00000000e7f00000| PB 0x00000000e7f00000| Untracked 
| 128|0x00000000e8000000, 0x00000000e8000000, 0x00000000e8100000|  0%| F|  |TAMS 0x00000000e8000000| PB 0x00000000e8000000| Untracked 
| 129|0x00000000e8100000, 0x00000000e8176058, 0x00000000e8200000| 46%| S|CS|TAMS 0x00000000e8100000| PB 0x00000000e8100000| Complete 
| 130|0x00000000e8200000, 0x00000000e8300000, 0x00000000e8300000|100%| S|CS|TAMS 0x00000000e8200000| PB 0x00000000e8200000| Complete 
| 131|0x00000000e8300000, 0x00000000e8400000, 0x00000000e8400000|100%| S|CS|TAMS 0x00000000e8300000| PB 0x00000000e8300000| Complete 
| 132|0x00000000e8400000, 0x00000000e8500000, 0x00000000e8500000|100%| S|CS|TAMS 0x00000000e8400000| PB 0x00000000e8400000| Complete 
| 133|0x00000000e8500000, 0x00000000e8600000, 0x00000000e8600000|100%| S|CS|TAMS 0x00000000e8500000| PB 0x00000000e8500000| Complete 
| 134|0x00000000e8600000, 0x00000000e8700000, 0x00000000e8700000|100%| S|CS|TAMS 0x00000000e8600000| PB 0x00000000e8600000| Complete 
| 135|0x00000000e8700000, 0x00000000e8800000, 0x00000000e8800000|100%| S|CS|TAMS 0x00000000e8700000| PB 0x00000000e8700000| Complete 
| 136|0x00000000e8800000, 0x00000000e8900000, 0x00000000e8900000|100%| S|CS|TAMS 0x00000000e8800000| PB 0x00000000e8800000| Complete 
| 137|0x00000000e8900000, 0x00000000e8a00000, 0x00000000e8a00000|100%| S|CS|TAMS 0x00000000e8900000| PB 0x00000000e8900000| Complete 
| 138|0x00000000e8a00000, 0x00000000e8a00000, 0x00000000e8b00000|  0%| F|  |TAMS 0x00000000e8a00000| PB 0x00000000e8a00000| Untracked 
| 139|0x00000000e8b00000, 0x00000000e8b00000, 0x00000000e8c00000|  0%| F|  |TAMS 0x00000000e8b00000| PB 0x00000000e8b00000| Untracked 
| 140|0x00000000e8c00000, 0x00000000e8c00000, 0x00000000e8d00000|  0%| F|  |TAMS 0x00000000e8c00000| PB 0x00000000e8c00000| Untracked 
| 141|0x00000000e8d00000, 0x00000000e8d00000, 0x00000000e8e00000|  0%| F|  |TAMS 0x00000000e8d00000| PB 0x00000000e8d00000| Untracked 
| 142|0x00000000e8e00000, 0x00000000e8e00000, 0x00000000e8f00000|  0%| F|  |TAMS 0x00000000e8e00000| PB 0x00000000e8e00000| Untracked 
| 143|0x00000000e8f00000, 0x00000000e8f00000, 0x00000000e9000000|  0%| F|  |TAMS 0x00000000e8f00000| PB 0x00000000e8f00000| Untracked 
| 144|0x00000000e9000000, 0x00000000e9000000, 0x00000000e9100000|  0%| F|  |TAMS 0x00000000e9000000| PB 0x00000000e9000000| Untracked 
| 145|0x00000000e9100000, 0x00000000e9100000, 0x00000000e9200000|  0%| F|  |TAMS 0x00000000e9100000| PB 0x00000000e9100000| Untracked 
| 146|0x00000000e9200000, 0x00000000e9200000, 0x00000000e9300000|  0%| F|  |TAMS 0x00000000e9200000| PB 0x00000000e9200000| Untracked 
| 147|0x00000000e9300000, 0x00000000e9300000, 0x00000000e9400000|  0%| F|  |TAMS 0x00000000e9300000| PB 0x00000000e9300000| Untracked 
| 148|0x00000000e9400000, 0x00000000e9400000, 0x00000000e9500000|  0%| F|  |TAMS 0x00000000e9400000| PB 0x00000000e9400000| Untracked 
| 149|0x00000000e9500000, 0x00000000e9500000, 0x00000000e9600000|  0%| F|  |TAMS 0x00000000e9500000| PB 0x00000000e9500000| Untracked 
| 150|0x00000000e9600000, 0x00000000e9600000, 0x00000000e9700000|  0%| F|  |TAMS 0x00000000e9600000| PB 0x00000000e9600000| Untracked 
| 151|0x00000000e9700000, 0x00000000e9700000, 0x00000000e9800000|  0%| F|  |TAMS 0x00000000e9700000| PB 0x00000000e9700000| Untracked 
| 152|0x00000000e9800000, 0x00000000e9800000, 0x00000000e9900000|  0%| F|  |TAMS 0x00000000e9800000| PB 0x00000000e9800000| Untracked 
| 153|0x00000000e9900000, 0x00000000e9900000, 0x00000000e9a00000|  0%| F|  |TAMS 0x00000000e9900000| PB 0x00000000e9900000| Untracked 
| 154|0x00000000e9a00000, 0x00000000e9a00000, 0x00000000e9b00000|  0%| F|  |TAMS 0x00000000e9a00000| PB 0x00000000e9a00000| Untracked 
| 155|0x00000000e9b00000, 0x00000000e9b00000, 0x00000000e9c00000|  0%| F|  |TAMS 0x00000000e9b00000| PB 0x00000000e9b00000| Untracked 
| 156|0x00000000e9c00000, 0x00000000e9d00000, 0x00000000e9d00000|100%| E|  |TAMS 0x00000000e9c00000| PB 0x00000000e9c00000| Complete 
| 157|0x00000000e9d00000, 0x00000000e9e00000, 0x00000000e9e00000|100%| E|CS|TAMS 0x00000000e9d00000| PB 0x00000000e9d00000| Complete 
| 158|0x00000000e9e00000, 0x00000000e9f00000, 0x00000000e9f00000|100%| E|CS|TAMS 0x00000000e9e00000| PB 0x00000000e9e00000| Complete 
| 159|0x00000000e9f00000, 0x00000000ea000000, 0x00000000ea000000|100%| E|CS|TAMS 0x00000000e9f00000| PB 0x00000000e9f00000| Complete 
| 160|0x00000000ea000000, 0x00000000ea100000, 0x00000000ea100000|100%| E|CS|TAMS 0x00000000ea000000| PB 0x00000000ea000000| Complete 
| 161|0x00000000ea100000, 0x00000000ea200000, 0x00000000ea200000|100%| E|CS|TAMS 0x00000000ea100000| PB 0x00000000ea100000| Complete 
| 162|0x00000000ea200000, 0x00000000ea300000, 0x00000000ea300000|100%| E|CS|TAMS 0x00000000ea200000| PB 0x00000000ea200000| Complete 
| 163|0x00000000ea300000, 0x00000000ea400000, 0x00000000ea400000|100%| E|CS|TAMS 0x00000000ea300000| PB 0x00000000ea300000| Complete 
| 164|0x00000000ea400000, 0x00000000ea500000, 0x00000000ea500000|100%| E|CS|TAMS 0x00000000ea400000| PB 0x00000000ea400000| Complete 
| 165|0x00000000ea500000, 0x00000000ea600000, 0x00000000ea600000|100%| E|CS|TAMS 0x00000000ea500000| PB 0x00000000ea500000| Complete 
| 166|0x00000000ea600000, 0x00000000ea700000, 0x00000000ea700000|100%| E|CS|TAMS 0x00000000ea600000| PB 0x00000000ea600000| Complete 
| 167|0x00000000ea700000, 0x00000000ea800000, 0x00000000ea800000|100%| E|CS|TAMS 0x00000000ea700000| PB 0x00000000ea700000| Complete 
| 168|0x00000000ea800000, 0x00000000ea900000, 0x00000000ea900000|100%| E|CS|TAMS 0x00000000ea800000| PB 0x00000000ea800000| Complete 
| 169|0x00000000ea900000, 0x00000000eaa00000, 0x00000000eaa00000|100%| E|CS|TAMS 0x00000000ea900000| PB 0x00000000ea900000| Complete 
| 170|0x00000000eaa00000, 0x00000000eab00000, 0x00000000eab00000|100%| E|CS|TAMS 0x00000000eaa00000| PB 0x00000000eaa00000| Complete 
| 171|0x00000000eab00000, 0x00000000eac00000, 0x00000000eac00000|100%| E|CS|TAMS 0x00000000eab00000| PB 0x00000000eab00000| Complete 
| 172|0x00000000eac00000, 0x00000000ead00000, 0x00000000ead00000|100%| E|CS|TAMS 0x00000000eac00000| PB 0x00000000eac00000| Complete 
| 173|0x00000000ead00000, 0x00000000eae00000, 0x00000000eae00000|100%| E|CS|TAMS 0x00000000ead00000| PB 0x00000000ead00000| Complete 
| 174|0x00000000eae00000, 0x00000000eaf00000, 0x00000000eaf00000|100%| E|CS|TAMS 0x00000000eae00000| PB 0x00000000eae00000| Complete 
| 175|0x00000000eaf00000, 0x00000000eb000000, 0x00000000eb000000|100%| E|CS|TAMS 0x00000000eaf00000| PB 0x00000000eaf00000| Complete 
| 176|0x00000000eb000000, 0x00000000eb100000, 0x00000000eb100000|100%| E|CS|TAMS 0x00000000eb000000| PB 0x00000000eb000000| Complete 
| 177|0x00000000eb100000, 0x00000000eb200000, 0x00000000eb200000|100%| E|CS|TAMS 0x00000000eb100000| PB 0x00000000eb100000| Complete 
| 178|0x00000000eb200000, 0x00000000eb300000, 0x00000000eb300000|100%| E|CS|TAMS 0x00000000eb200000| PB 0x00000000eb200000| Complete 
| 179|0x00000000eb300000, 0x00000000eb400000, 0x00000000eb400000|100%| E|CS|TAMS 0x00000000eb300000| PB 0x00000000eb300000| Complete 
| 180|0x00000000eb400000, 0x00000000eb500000, 0x00000000eb500000|100%| E|CS|TAMS 0x00000000eb400000| PB 0x00000000eb400000| Complete 
| 181|0x00000000eb500000, 0x00000000eb600000, 0x00000000eb600000|100%| E|CS|TAMS 0x00000000eb500000| PB 0x00000000eb500000| Complete 
| 182|0x00000000eb600000, 0x00000000eb700000, 0x00000000eb700000|100%| E|CS|TAMS 0x00000000eb600000| PB 0x00000000eb600000| Complete 
| 183|0x00000000eb700000, 0x00000000eb800000, 0x00000000eb800000|100%| E|CS|TAMS 0x00000000eb700000| PB 0x00000000eb700000| Complete 
| 184|0x00000000eb800000, 0x00000000eb900000, 0x00000000eb900000|100%| E|CS|TAMS 0x00000000eb800000| PB 0x00000000eb800000| Complete 
| 185|0x00000000eb900000, 0x00000000eba00000, 0x00000000eba00000|100%| E|CS|TAMS 0x00000000eb900000| PB 0x00000000eb900000| Complete 
| 186|0x00000000eba00000, 0x00000000ebb00000, 0x00000000ebb00000|100%| E|CS|TAMS 0x00000000eba00000| PB 0x00000000eba00000| Complete 
| 187|0x00000000ebb00000, 0x00000000ebc00000, 0x00000000ebc00000|100%| E|CS|TAMS 0x00000000ebb00000| PB 0x00000000ebb00000| Complete 
| 188|0x00000000ebc00000, 0x00000000ebd00000, 0x00000000ebd00000|100%| E|CS|TAMS 0x00000000ebc00000| PB 0x00000000ebc00000| Complete 
| 189|0x00000000ebd00000, 0x00000000ebe00000, 0x00000000ebe00000|100%| E|CS|TAMS 0x00000000ebd00000| PB 0x00000000ebd00000| Complete 
| 190|0x00000000ebe00000, 0x00000000ebf00000, 0x00000000ebf00000|100%| E|CS|TAMS 0x00000000ebe00000| PB 0x00000000ebe00000| Complete 
| 191|0x00000000ebf00000, 0x00000000ec000000, 0x00000000ec000000|100%| E|CS|TAMS 0x00000000ebf00000| PB 0x00000000ebf00000| Complete 
| 192|0x00000000ec000000, 0x00000000ec100000, 0x00000000ec100000|100%| E|CS|TAMS 0x00000000ec000000| PB 0x00000000ec000000| Complete 
| 193|0x00000000ec100000, 0x00000000ec200000, 0x00000000ec200000|100%| E|CS|TAMS 0x00000000ec100000| PB 0x00000000ec100000| Complete 
| 194|0x00000000ec200000, 0x00000000ec300000, 0x00000000ec300000|100%| E|CS|TAMS 0x00000000ec200000| PB 0x00000000ec200000| Complete 
| 195|0x00000000ec300000, 0x00000000ec400000, 0x00000000ec400000|100%| E|CS|TAMS 0x00000000ec300000| PB 0x00000000ec300000| Complete 
| 196|0x00000000ec400000, 0x00000000ec500000, 0x00000000ec500000|100%| E|CS|TAMS 0x00000000ec400000| PB 0x00000000ec400000| Complete 
| 197|0x00000000ec500000, 0x00000000ec600000, 0x00000000ec600000|100%| E|CS|TAMS 0x00000000ec500000| PB 0x00000000ec500000| Complete 
| 198|0x00000000ec600000, 0x00000000ec700000, 0x00000000ec700000|100%| E|CS|TAMS 0x00000000ec600000| PB 0x00000000ec600000| Complete 
| 199|0x00000000ec700000, 0x00000000ec800000, 0x00000000ec800000|100%| E|CS|TAMS 0x00000000ec700000| PB 0x00000000ec700000| Complete 
| 200|0x00000000ec800000, 0x00000000ec900000, 0x00000000ec900000|100%| E|CS|TAMS 0x00000000ec800000| PB 0x00000000ec800000| Complete 
| 201|0x00000000ec900000, 0x00000000eca00000, 0x00000000eca00000|100%| E|CS|TAMS 0x00000000ec900000| PB 0x00000000ec900000| Complete 
| 202|0x00000000eca00000, 0x00000000ecb00000, 0x00000000ecb00000|100%| E|CS|TAMS 0x00000000eca00000| PB 0x00000000eca00000| Complete 
| 203|0x00000000ecb00000, 0x00000000ecc00000, 0x00000000ecc00000|100%| E|CS|TAMS 0x00000000ecb00000| PB 0x00000000ecb00000| Complete 
| 204|0x00000000ecc00000, 0x00000000ecd00000, 0x00000000ecd00000|100%| E|CS|TAMS 0x00000000ecc00000| PB 0x00000000ecc00000| Complete 
| 205|0x00000000ecd00000, 0x00000000ece00000, 0x00000000ece00000|100%| E|CS|TAMS 0x00000000ecd00000| PB 0x00000000ecd00000| Complete 
| 206|0x00000000ece00000, 0x00000000ecf00000, 0x00000000ecf00000|100%| E|CS|TAMS 0x00000000ece00000| PB 0x00000000ece00000| Complete 
| 207|0x00000000ecf00000, 0x00000000ed000000, 0x00000000ed000000|100%| E|CS|TAMS 0x00000000ecf00000| PB 0x00000000ecf00000| Complete 
| 208|0x00000000ed000000, 0x00000000ed100000, 0x00000000ed100000|100%| E|CS|TAMS 0x00000000ed000000| PB 0x00000000ed000000| Complete 
| 209|0x00000000ed100000, 0x00000000ed200000, 0x00000000ed200000|100%| E|CS|TAMS 0x00000000ed100000| PB 0x00000000ed100000| Complete 
| 210|0x00000000ed200000, 0x00000000ed300000, 0x00000000ed300000|100%| E|CS|TAMS 0x00000000ed200000| PB 0x00000000ed200000| Complete 
| 211|0x00000000ed300000, 0x00000000ed400000, 0x00000000ed400000|100%| E|CS|TAMS 0x00000000ed300000| PB 0x00000000ed300000| Complete 
| 212|0x00000000ed400000, 0x00000000ed500000, 0x00000000ed500000|100%| E|CS|TAMS 0x00000000ed400000| PB 0x00000000ed400000| Complete 
| 213|0x00000000ed500000, 0x00000000ed600000, 0x00000000ed600000|100%| E|CS|TAMS 0x00000000ed500000| PB 0x00000000ed500000| Complete 
| 214|0x00000000ed600000, 0x00000000ed700000, 0x00000000ed700000|100%| E|CS|TAMS 0x00000000ed600000| PB 0x00000000ed600000| Complete 
| 215|0x00000000ed700000, 0x00000000ed800000, 0x00000000ed800000|100%| E|CS|TAMS 0x00000000ed700000| PB 0x00000000ed700000| Complete 
| 216|0x00000000ed800000, 0x00000000ed900000, 0x00000000ed900000|100%| E|CS|TAMS 0x00000000ed800000| PB 0x00000000ed800000| Complete 
| 217|0x00000000ed900000, 0x00000000eda00000, 0x00000000eda00000|100%| E|CS|TAMS 0x00000000ed900000| PB 0x00000000ed900000| Complete 
| 218|0x00000000eda00000, 0x00000000edb00000, 0x00000000edb00000|100%| E|CS|TAMS 0x00000000eda00000| PB 0x00000000eda00000| Complete 
| 219|0x00000000edb00000, 0x00000000edc00000, 0x00000000edc00000|100%| E|CS|TAMS 0x00000000edb00000| PB 0x00000000edb00000| Complete 
| 220|0x00000000edc00000, 0x00000000edd00000, 0x00000000edd00000|100%| E|CS|TAMS 0x00000000edc00000| PB 0x00000000edc00000| Complete 
| 221|0x00000000edd00000, 0x00000000ede00000, 0x00000000ede00000|100%| E|CS|TAMS 0x00000000edd00000| PB 0x00000000edd00000| Complete 
| 222|0x00000000ede00000, 0x00000000edf00000, 0x00000000edf00000|100%| E|CS|TAMS 0x00000000ede00000| PB 0x00000000ede00000| Complete 
| 223|0x00000000edf00000, 0x00000000ee000000, 0x00000000ee000000|100%| E|CS|TAMS 0x00000000edf00000| PB 0x00000000edf00000| Complete 
| 224|0x00000000ee000000, 0x00000000ee100000, 0x00000000ee100000|100%| E|CS|TAMS 0x00000000ee000000| PB 0x00000000ee000000| Complete 
| 225|0x00000000ee100000, 0x00000000ee200000, 0x00000000ee200000|100%| E|CS|TAMS 0x00000000ee100000| PB 0x00000000ee100000| Complete 
| 226|0x00000000ee200000, 0x00000000ee300000, 0x00000000ee300000|100%| E|CS|TAMS 0x00000000ee200000| PB 0x00000000ee200000| Complete 
| 227|0x00000000ee300000, 0x00000000ee400000, 0x00000000ee400000|100%| E|CS|TAMS 0x00000000ee300000| PB 0x00000000ee300000| Complete 
| 228|0x00000000ee400000, 0x00000000ee500000, 0x00000000ee500000|100%| E|CS|TAMS 0x00000000ee400000| PB 0x00000000ee400000| Complete 
| 229|0x00000000ee500000, 0x00000000ee600000, 0x00000000ee600000|100%| E|CS|TAMS 0x00000000ee500000| PB 0x00000000ee500000| Complete 
| 230|0x00000000ee600000, 0x00000000ee700000, 0x00000000ee700000|100%| E|CS|TAMS 0x00000000ee600000| PB 0x00000000ee600000| Complete 
| 231|0x00000000ee700000, 0x00000000ee800000, 0x00000000ee800000|100%| E|CS|TAMS 0x00000000ee700000| PB 0x00000000ee700000| Complete 
| 232|0x00000000ee800000, 0x00000000ee900000, 0x00000000ee900000|100%| E|CS|TAMS 0x00000000ee800000| PB 0x00000000ee800000| Complete 
| 233|0x00000000ee900000, 0x00000000eea00000, 0x00000000eea00000|100%| E|CS|TAMS 0x00000000ee900000| PB 0x00000000ee900000| Complete 
| 234|0x00000000eea00000, 0x00000000eeb00000, 0x00000000eeb00000|100%| E|CS|TAMS 0x00000000eea00000| PB 0x00000000eea00000| Complete 
| 235|0x00000000eeb00000, 0x00000000eec00000, 0x00000000eec00000|100%| E|CS|TAMS 0x00000000eeb00000| PB 0x00000000eeb00000| Complete 
| 236|0x00000000eec00000, 0x00000000eed00000, 0x00000000eed00000|100%| E|CS|TAMS 0x00000000eec00000| PB 0x00000000eec00000| Complete 
| 237|0x00000000eed00000, 0x00000000eee00000, 0x00000000eee00000|100%| E|CS|TAMS 0x00000000eed00000| PB 0x00000000eed00000| Complete 
| 238|0x00000000eee00000, 0x00000000eef00000, 0x00000000eef00000|100%| E|CS|TAMS 0x00000000eee00000| PB 0x00000000eee00000| Complete 
| 239|0x00000000eef00000, 0x00000000ef000000, 0x00000000ef000000|100%| E|CS|TAMS 0x00000000eef00000| PB 0x00000000eef00000| Complete 
| 240|0x00000000ef000000, 0x00000000ef100000, 0x00000000ef100000|100%| E|CS|TAMS 0x00000000ef000000| PB 0x00000000ef000000| Complete 
| 241|0x00000000ef100000, 0x00000000ef200000, 0x00000000ef200000|100%| E|CS|TAMS 0x00000000ef100000| PB 0x00000000ef100000| Complete 
| 242|0x00000000ef200000, 0x00000000ef300000, 0x00000000ef300000|100%| E|CS|TAMS 0x00000000ef200000| PB 0x00000000ef200000| Complete 
| 243|0x00000000ef300000, 0x00000000ef400000, 0x00000000ef400000|100%| E|CS|TAMS 0x00000000ef300000| PB 0x00000000ef300000| Complete 
| 244|0x00000000ef400000, 0x00000000ef500000, 0x00000000ef500000|100%| E|CS|TAMS 0x00000000ef400000| PB 0x00000000ef400000| Complete 
| 245|0x00000000ef500000, 0x00000000ef600000, 0x00000000ef600000|100%| E|CS|TAMS 0x00000000ef500000| PB 0x00000000ef500000| Complete 
| 246|0x00000000ef600000, 0x00000000ef700000, 0x00000000ef700000|100%| E|CS|TAMS 0x00000000ef600000| PB 0x00000000ef600000| Complete 
| 247|0x00000000ef700000, 0x00000000ef800000, 0x00000000ef800000|100%| E|CS|TAMS 0x00000000ef700000| PB 0x00000000ef700000| Complete 
| 248|0x00000000ef800000, 0x00000000ef900000, 0x00000000ef900000|100%| E|CS|TAMS 0x00000000ef800000| PB 0x00000000ef800000| Complete 
| 249|0x00000000ef900000, 0x00000000efa00000, 0x00000000efa00000|100%| E|CS|TAMS 0x00000000ef900000| PB 0x00000000ef900000| Complete 
| 250|0x00000000efa00000, 0x00000000efb00000, 0x00000000efb00000|100%| E|CS|TAMS 0x00000000efa00000| PB 0x00000000efa00000| Complete 
| 251|0x00000000efb00000, 0x00000000efc00000, 0x00000000efc00000|100%| E|CS|TAMS 0x00000000efb00000| PB 0x00000000efb00000| Complete 
| 252|0x00000000efc00000, 0x00000000efd00000, 0x00000000efd00000|100%| E|CS|TAMS 0x00000000efc00000| PB 0x00000000efc00000| Complete 
| 253|0x00000000efd00000, 0x00000000efe00000, 0x00000000efe00000|100%| E|CS|TAMS 0x00000000efd00000| PB 0x00000000efd00000| Complete 
| 254|0x00000000efe00000, 0x00000000eff00000, 0x00000000eff00000|100%| E|CS|TAMS 0x00000000efe00000| PB 0x00000000efe00000| Complete 
| 255|0x00000000eff00000, 0x00000000f0000000, 0x00000000f0000000|100%| E|CS|TAMS 0x00000000eff00000| PB 0x00000000eff00000| Complete 

Card table byte_map: [0x000001ecdbcf0000,0x000001ecdbdf0000] _byte_map_base: 0x000001ecdb5f0000

Marking Bits: (CMBitMap*) 0x000001ecc4280700
 Bits: [0x000001ecdbdf0000, 0x000001ecdc5f0000)

Polling page: 0x000001ecc3a20000

Metaspace:

Usage:
  Non-class:     39.29 MB used.
      Class:      6.61 MB used.
       Both:     45.90 MB used.

Virtual space:
  Non-class space:       64.00 MB reserved,      40.06 MB ( 63%) committed,  1 nodes.
      Class space:      320.00 MB reserved,       7.44 MB (  2%) committed,  1 nodes.
             Both:      384.00 MB reserved,      47.50 MB ( 12%) committed. 

Chunk freelists:
   Non-Class:  7.69 MB
       Class:  8.55 MB
        Both:  16.25 MB

MaxMetaspaceSize: 384.00 MB
CompressedClassSpaceSize: 320.00 MB
Initial GC threshold: 21.00 MB
Current GC threshold: 59.50 MB
CDS: on
 - commit_granule_bytes: 65536.
 - commit_granule_words: 8192.
 - virtual_space_node_default_size: 8388608.
 - enlarge_chunks_in_place: 1.
 - use_allocation_guard: 0.


Internal statistics:

num_allocs_failed_limit: 9.
num_arena_births: 2962.
num_arena_deaths: 0.
num_vsnodes_births: 2.
num_vsnodes_deaths: 0.
num_space_committed: 760.
num_space_uncommitted: 0.
num_chunks_returned_to_freelist: 9.
num_chunks_taken_from_freelist: 5174.
num_chunk_merges: 9.
num_chunk_splits: 3352.
num_chunks_enlarged: 2019.
num_inconsistent_stats: 0.

CodeHeap 'non-profiled nmethods': size=120000Kb used=2750Kb max_used=2750Kb free=117249Kb
 bounds [0x000001ecd4170000, 0x000001ecd4420000, 0x000001ecdb6a0000]
CodeHeap 'profiled nmethods': size=120000Kb used=9136Kb max_used=9136Kb free=110863Kb
 bounds [0x000001eccc6a0000, 0x000001ecccf90000, 0x000001ecd3bd0000]
CodeHeap 'non-nmethods': size=5760Kb used=2725Kb max_used=2805Kb free=3034Kb
 bounds [0x000001ecd3bd0000, 0x000001ecd3ea0000, 0x000001ecd4170000]
 total_blobs=5633 nmethods=4777 adapters=759
 compilation: enabled
              stopped_count=0, restarted_count=0
 full_count=0

Compilation events (20 events):
Event: 6.580 Thread 0x000001ecdf3c7f20 nmethod 5240 0x000001ecccf89810 code [0x000001ecccf899a0, 0x000001ecccf89a98]
Event: 6.581 Thread 0x000001ecdf3c7f20 5242       3       com.google.common.collect.ImmutableList::builderWithExpectedSize (16 bytes)
Event: 6.581 Thread 0x000001ecdf3c7f20 nmethod 5242 0x000001ecccf89b10 code [0x000001ecccf89ce0, 0x000001ecccf8a088]
Event: 6.589 Thread 0x000001ecdf3a5060 nmethod 5214 0x000001ecd4419110 code [0x000001ecd4419500, 0x000001ecd441bdd0]
Event: 6.591 Thread 0x000001ecdf3a5060 5224       4       java.util.Arrays::copyOfRange (90 bytes)
Event: 6.593 Thread 0x000001ecdf3c7f20 5243       3       org.gradle.internal.instantiation.generator.AsmBackedClassGenerator$ClassBuilderImpl::access$5600 (4 bytes)
Event: 6.593 Thread 0x000001ecdf3c7f20 nmethod 5243 0x000001ecccf8a210 code [0x000001ecccf8a3a0, 0x000001ecccf8a498]
Event: 6.597 Thread 0x000001ecdf3c7f20 5244       3       java.util.regex.Pattern$SliceNode::<init> (10 bytes)
Event: 6.597 Thread 0x000001ecdf3c7f20 nmethod 5244 0x000001ecccf8a510 code [0x000001ecccf8a6c0, 0x000001ecccf8a958]
Event: 6.598 Thread 0x000001ecdf3a5060 nmethod 5224 0x000001ecd441d710 code [0x000001ecd441d8c0, 0x000001ecd441de80]
Event: 6.598 Thread 0x000001ecdf3a5060 5226       4       java.lang.Class::getComponentType (14 bytes)
Event: 6.599 Thread 0x000001ecdf3a5060 nmethod 5226 0x000001ecd441e110 code [0x000001ecd441e2a0, 0x000001ecd441e350]
Event: 6.599 Thread 0x000001ecdf3a5060 5229       4       org.objectweb.asm.Label::<init> (5 bytes)
Event: 6.599 Thread 0x000001ecdf3a5060 nmethod 5229 0x000001ecd441e410 code [0x000001ecd441e5a0, 0x000001ecd441e628]
Event: 6.604 Thread 0x000001ecdf3c7f20 5245       3       org.gradle.internal.instantiation.generator.AsmBackedClassGenerator$ClassBuilderImpl::addLazyGetter (24 bytes)
Event: 6.605 Thread 0x000001ecdf3c7f20 nmethod 5245 0x000001ecccf8aa10 code [0x000001ecccf8ac20, 0x000001ecccf8b248]
Event: 6.605 Thread 0x000001ecdf3c7f20 5246       3       org.gradle.internal.instantiation.generator.AsmBackedClassGenerator$ClassBuilderImpl$$Lambda/0x000001ece11d2278::<init> (32 bytes)
Event: 6.605 Thread 0x000001ecdf3c7f20 nmethod 5246 0x000001ecccf8b490 code [0x000001ecccf8b640, 0x000001ecccf8b978]
Event: 6.605 Thread 0x000001ecdf3c7f20 5247       3       org.gradle.internal.instantiation.generator.AsmBackedClassGenerator$ClassBuilderImpl::lambda$addLazyGetter$15 (17 bytes)
Event: 6.606 Thread 0x000001ecdf3c7f20 nmethod 5247 0x000001ecccf8ba10 code [0x000001ecccf8bbc0, 0x000001ecccf8bd88]

GC Heap History (8 events):
Event: 0.650 GC heap before
{Heap before GC invocations=0 (full 0):
 garbage-first heap   total 262144K, used 26624K [0x00000000e0000000, 0x0000000100000000)
  region size 1024K, 23 young (23552K), 0 survivors (0K)
 Metaspace       used 3180K, committed 3264K, reserved 393216K
  class space    used 407K, committed 448K, reserved 327680K
}
Event: 0.654 GC heap after
{Heap after GC invocations=1 (full 0):
 garbage-first heap   total 262144K, used 10479K [0x00000000e0000000, 0x0000000100000000)
  region size 1024K, 3 young (3072K), 3 survivors (3072K)
 Metaspace       used 3180K, committed 3264K, reserved 393216K
  class space    used 407K, committed 448K, reserved 327680K
}
Event: 1.170 GC heap before
{Heap before GC invocations=1 (full 0):
 garbage-first heap   total 262144K, used 40175K [0x00000000e0000000, 0x0000000100000000)
  region size 1024K, 32 young (32768K), 3 survivors (3072K)
 Metaspace       used 4130K, committed 4352K, reserved 393216K
  class space    used 507K, committed 640K, reserved 327680K
}
Event: 1.174 GC heap after
{Heap after GC invocations=2 (full 0):
 garbage-first heap   total 262144K, used 11175K [0x00000000e0000000, 0x0000000100000000)
  region size 1024K, 1 young (1024K), 1 survivors (1024K)
 Metaspace       used 4130K, committed 4352K, reserved 393216K
  class space    used 507K, committed 640K, reserved 327680K
}
Event: 3.158 GC heap before
{Heap before GC invocations=2 (full 0):
 garbage-first heap   total 262144K, used 114599K [0x00000000e0000000, 0x0000000100000000)
  region size 1024K, 103 young (105472K), 1 survivors (1024K)
 Metaspace       used 20796K, committed 21504K, reserved 393216K
  class space    used 3054K, committed 3392K, reserved 327680K
}
Event: 3.167 GC heap after
{Heap after GC invocations=3 (full 0):
 garbage-first heap   total 262144K, used 22899K [0x00000000e0000000, 0x0000000100000000)
  region size 1024K, 13 young (13312K), 13 survivors (13312K)
 Metaspace       used 20796K, committed 21504K, reserved 393216K
  class space    used 3054K, committed 3392K, reserved 327680K
}
Event: 4.880 GC heap before
{Heap before GC invocations=4 (full 0):
 garbage-first heap   total 262144K, used 133491K [0x00000000e0000000, 0x0000000100000000)
  region size 1024K, 118 young (120832K), 13 survivors (13312K)
 Metaspace       used 34773K, committed 35968K, reserved 393216K
  class space    used 4963K, committed 5568K, reserved 327680K
}
Event: 4.892 GC heap after
{Heap after GC invocations=5 (full 0):
 garbage-first heap   total 262144K, used 33240K [0x00000000e0000000, 0x0000000100000000)
  region size 1024K, 9 young (9216K), 9 survivors (9216K)
 Metaspace       used 34773K, committed 35968K, reserved 393216K
  class space    used 4963K, committed 5568K, reserved 327680K
}

Dll operation events (15 events):
Event: 0.007 Loaded shared library C:\Users\TU\.jdks\openjdk-21\bin\java.dll
Event: 0.038 Loaded shared library C:\Users\TU\.jdks\openjdk-21\bin\jsvml.dll
Event: 0.080 Loaded shared library C:\Users\TU\.jdks\openjdk-21\bin\zip.dll
Event: 0.083 Loaded shared library C:\Users\TU\.jdks\openjdk-21\bin\instrument.dll
Event: 0.087 Loaded shared library C:\Users\TU\.jdks\openjdk-21\bin\net.dll
Event: 0.089 Loaded shared library C:\Users\TU\.jdks\openjdk-21\bin\nio.dll
Event: 0.093 Loaded shared library C:\Users\TU\.jdks\openjdk-21\bin\zip.dll
Event: 0.313 Loaded shared library C:\Users\TU\.jdks\openjdk-21\bin\jimage.dll
Event: 0.374 Loaded shared library C:\Users\TU\.jdks\openjdk-21\bin\verify.dll
Event: 0.531 Loaded shared library C:\Users\TU\.gradle\native\c067742578af261105cb4f569cf0c3c89f3d7b1fecec35dd04571415982c5e48\windows-amd64\native-platform.dll
Event: 0.538 Loaded shared library C:\Users\TU\.gradle\native\38dada09dfb8b06ba9b0570ebf7e218e3eb74d4ef43ca46872605cf95ebc2f47\windows-amd64\native-platform-file-events.dll
Event: 1.515 Loaded shared library C:\Users\TU\.jdks\openjdk-21\bin\management.dll
Event: 1.517 Loaded shared library C:\Users\TU\.jdks\openjdk-21\bin\management_ext.dll
Event: 1.736 Loaded shared library C:\Users\TU\.jdks\openjdk-21\bin\extnet.dll
Event: 1.864 Loaded shared library C:\Users\TU\.jdks\openjdk-21\bin\sunmscapi.dll

Deoptimization events (20 events):
Event: 6.216 Thread 0x000001ecfe139e50 DEOPT PACKING pc=0x000001ecd43d5c6c sp=0x0000000e87cfdcc0
Event: 6.216 Thread 0x000001ecfe139e50 DEOPT UNPACKING pc=0x000001ecd3c246a2 sp=0x0000000e87cfdc98 mode 2
Event: 6.217 Thread 0x000001ecfe139130 DEOPT PACKING pc=0x000001ecd43d5c6c sp=0x0000000e87bfe330
Event: 6.217 Thread 0x000001ecfe139130 DEOPT UNPACKING pc=0x000001ecd3c246a2 sp=0x0000000e87bfe308 mode 2
Event: 6.417 Thread 0x000001ecf9ff3ef0 Uncommon trap: trap_request=0xffffff45 fr.pc=0x000001ecd4400714 relative=0x00000000000003d4
Event: 6.417 Thread 0x000001ecf9ff3ef0 Uncommon trap: reason=unstable_if action=reinterpret pc=0x000001ecd4400714 method=com.google.common.reflect.TypeResolver$TypeVariableKey.equalsTypeVariable(Ljava/lang/reflect/TypeVariable;)Z @ 39 c2
Event: 6.417 Thread 0x000001ecf9ff3ef0 DEOPT PACKING pc=0x000001ecd4400714 sp=0x0000000e859f5b40
Event: 6.417 Thread 0x000001ecf9ff3ef0 DEOPT UNPACKING pc=0x000001ecd3c246a2 sp=0x0000000e859f5ae0 mode 2
Event: 6.424 Thread 0x000001ecf9ff3ef0 Uncommon trap: trap_request=0xffffff45 fr.pc=0x000001ecd43c7c0c relative=0x00000000000009ac
Event: 6.424 Thread 0x000001ecf9ff3ef0 Uncommon trap: reason=unstable_if action=reinterpret pc=0x000001ecd43c7c0c method=org.objectweb.asm.Frame.execute(IILorg/objectweb/asm/Symbol;Lorg/objectweb/asm/SymbolTable;)V @ 1 c2
Event: 6.424 Thread 0x000001ecf9ff3ef0 DEOPT PACKING pc=0x000001ecd43c7c0c sp=0x0000000e859f5620
Event: 6.424 Thread 0x000001ecf9ff3ef0 DEOPT UNPACKING pc=0x000001ecd3c246a2 sp=0x0000000e859f55a8 mode 2
Event: 6.449 Thread 0x000001ecf9ff3ef0 Uncommon trap: trap_request=0xffffffcc fr.pc=0x000001ecd4413c84 relative=0x00000000000002c4
Event: 6.449 Thread 0x000001ecf9ff3ef0 Uncommon trap: reason=intrinsic_or_type_checked_inlining action=make_not_entrant pc=0x000001ecd4413c84 method=java.util.Arrays.copyOfRange([Ljava/lang/Object;IILjava/lang/Class;)[Ljava/lang/Object; @ 84 c2
Event: 6.449 Thread 0x000001ecf9ff3ef0 DEOPT PACKING pc=0x000001ecd4413c84 sp=0x0000000e859f5d00
Event: 6.449 Thread 0x000001ecf9ff3ef0 DEOPT UNPACKING pc=0x000001ecd3c246a2 sp=0x0000000e859f5ca0 mode 2
Event: 6.537 Thread 0x000001ecf9ff3ef0 Uncommon trap: trap_request=0xffffff3d fr.pc=0x000001ecd4331b60 relative=0x0000000000000ce0
Event: 6.537 Thread 0x000001ecf9ff3ef0 Uncommon trap: reason=unstable_fused_if action=reinterpret pc=0x000001ecd4331b60 method=org.objectweb.asm.ByteVector.putUTF8(Ljava/lang/String;)Lorg/objectweb/asm/ByteVector; @ 93 c2
Event: 6.537 Thread 0x000001ecf9ff3ef0 DEOPT PACKING pc=0x000001ecd4331b60 sp=0x0000000e859f46b0
Event: 6.537 Thread 0x000001ecf9ff3ef0 DEOPT UNPACKING pc=0x000001ecd3c246a2 sp=0x0000000e859f4608 mode 2

Classes loaded (20 events):
Event: 6.466 Loading class javax/xml/parsers/FactoryFinder
Event: 6.466 Loading class javax/xml/parsers/FactoryFinder done
Event: 6.467 Loading class javax/xml/parsers/FactoryFinder$1
Event: 6.467 Loading class javax/xml/parsers/FactoryFinder$1 done
Event: 6.468 Loading class com/sun/org/apache/xerces/internal/jaxp/DocumentBuilderFactoryImpl
Event: 6.468 Loading class com/sun/org/apache/xerces/internal/jaxp/DocumentBuilderFactoryImpl done
Event: 6.469 Loading class com/sun/org/apache/xerces/internal/utils/XMLSecurityManager
Event: 6.469 Loading class com/sun/org/apache/xerces/internal/utils/XMLSecurityManager done
Event: 6.469 Loading class com/sun/org/apache/xerces/internal/utils/XMLSecurityManager$Limit
Event: 6.469 Loading class com/sun/org/apache/xerces/internal/utils/XMLSecurityManager$Limit done
Event: 6.469 Loading class com/sun/org/apache/xerces/internal/utils/XMLSecurityManager$NameMap
Event: 6.469 Loading class com/sun/org/apache/xerces/internal/utils/XMLSecurityManager$NameMap done
Event: 6.469 Loading class com/sun/org/apache/xerces/internal/utils/XMLSecurityPropertyManager
Event: 6.470 Loading class com/sun/org/apache/xerces/internal/utils/XMLSecurityPropertyManager done
Event: 6.470 Loading class com/sun/org/apache/xerces/internal/utils/XMLSecurityPropertyManager$State
Event: 6.470 Loading class com/sun/org/apache/xerces/internal/utils/XMLSecurityPropertyManager$State done
Event: 6.470 Loading class com/sun/org/apache/xerces/internal/utils/XMLSecurityPropertyManager$Property
Event: 6.470 Loading class com/sun/org/apache/xerces/internal/utils/XMLSecurityPropertyManager$Property done
Event: 6.596 Loading class java/util/regex/Pattern$SliceI
Event: 6.596 Loading class java/util/regex/Pattern$SliceI done

Classes unloaded (0 events):
No events

Classes redefined (0 events):
No events

Internal exceptions (20 events):
Event: 5.688 Thread 0x000001ecf9ff3ef0 Exception <a 'java/lang/NoSuchMethodError'{0x00000000ecfa4a90}: 'java.lang.Object java.lang.invoke.DelegatingMethodHandle$Holder.reinvoke_L(java.lang.Object, java.lang.Object, java.lang.Object, java.lang.Object, java.lang.Object, java.lang.Object, java.lang.Object, java.lang.Object, java.lang.Object, java.lang.Object, java.lang.Object, java.lang.Object, java.lang.Object, java.lang.Object, java.lang.Object, java.lang.Object, java.lang.Object, java.lang.Object, java.lang.Object, java.lang.Object, java.lang.O
Event: 5.692 Thread 0x000001ecf9ff3ef0 Exception <a 'java/lang/NoSuchMethodError'{0x00000000ece8d9e0}: 'java.lang.Object java.lang.invoke.DirectMethodHandle$Holder.invokeStatic(java.lang.Object, java.lang.Object, java.lang.Object, java.lang.Object, java.lang.Object, java.lang.Object, java.lang.Object, java.lang.Object, java.lang.Object, java.lang.Object, java.lang.Object, java.lang.Object, java.lang.Object, java.lang.Object, java.lang.Object, java.lang.Object, java.lang.Object, java.lang.Object, java.lang.Object, java.lang.Object, java.lang.Obj
Event: 5.768 Thread 0x000001ecf9ff3ef0 Exception <a 'java/lang/NoSuchMethodError'{0x00000000ec9da200}: 'java.lang.Object java.lang.invoke.DirectMethodHandle$Holder.newInvokeSpecial(java.lang.Object, int, java.lang.Object)'> (0x00000000ec9da200) 
thrown [s\open\src\hotspot\share\interpreter\linkResolver.cpp, line 773]
Event: 5.887 Thread 0x000001ecf9ff3ef0 Exception <a 'java/lang/NoSuchMethodError'{0x00000000ec0c6080}: 'int java.lang.invoke.DirectMethodHandle$Holder.invokeSpecialIFC(java.lang.Object, java.lang.Object, java.lang.Object)'> (0x00000000ec0c6080) 
thrown [s\open\src\hotspot\share\interpreter\linkResolver.cpp, line 773]
Event: 5.944 Thread 0x000001ecf9ff3ef0 Exception <a 'java/lang/NoSuchMethodError'{0x00000000ebdca188}: 'int java.lang.invoke.DirectMethodHandle$Holder.invokeStaticInit(java.lang.Object)'> (0x00000000ebdca188) 
thrown [s\open\src\hotspot\share\interpreter\linkResolver.cpp, line 773]
Event: 5.953 Thread 0x000001ecf9ff3ef0 Exception <a 'java/lang/NoSuchMethodError'{0x00000000ebc51c80}: 'java.lang.Object java.lang.invoke.DirectMethodHandle$Holder.newInvokeSpecial(java.lang.Object, java.lang.Object, java.lang.Object, java.lang.Object, java.lang.Object, int)'> (0x00000000ebc51c80) 
thrown [s\open\src\hotspot\share\interpreter\linkResolver.cpp, line 773]
Event: 5.953 Thread 0x000001ecf9ff3ef0 Exception <a 'java/lang/NoSuchMethodError'{0x00000000ebc56fc0}: 'java.lang.Object java.lang.invoke.DirectMethodHandle$Holder.invokeSpecial(java.lang.Object, java.lang.Object, java.lang.Object, java.lang.Object, java.lang.Object, java.lang.Object, int)'> (0x00000000ebc56fc0) 
thrown [s\open\src\hotspot\share\interpreter\linkResolver.cpp, line 773]
Event: 5.963 Thread 0x000001ecf9ff3ef0 Exception <a 'java/lang/NoSuchMethodError'{0x00000000ebca7568}: 'java.lang.Object java.lang.invoke.DirectMethodHandle$Holder.invokeSpecial(java.lang.Object, java.lang.Object, java.lang.Object, java.lang.Object, java.lang.Object, long)'> (0x00000000ebca7568) 
thrown [s\open\src\hotspot\share\interpreter\linkResolver.cpp, line 773]
Event: 5.966 Thread 0x000001ecf9ff3ef0 Exception <a 'java/lang/NoSuchMethodError'{0x00000000ebcd10a8}: 'void java.lang.invoke.DirectMethodHandle$Holder.invokeStatic(java.lang.Object, java.lang.Object, java.lang.Object, int, java.lang.Object)'> (0x00000000ebcd10a8) 
thrown [s\open\src\hotspot\share\interpreter\linkResolver.cpp, line 773]
Event: 6.055 Thread 0x000001ecf9ff3ef0 Exception <a 'java/lang/NoSuchMethodError'{0x00000000eb7a70a0}: 'java.lang.Object java.lang.invoke.DirectMethodHandle$Holder.newInvokeSpecial(java.lang.Object, java.lang.Object, java.lang.Object, java.lang.Object, java.lang.Object, java.lang.Object, java.lang.Object, java.lang.Object, java.lang.Object, java.lang.Object, java.lang.Object, java.lang.Object, java.lang.Object)'> (0x00000000eb7a70a0) 
thrown [s\open\src\hotspot\share\interpreter\linkResolver.cpp, line 773]
Event: 6.088 Thread 0x000001ecf9ff3ef0 Exception <a 'java/lang/NoSuchMethodError'{0x00000000eb6e0ac0}: 'java.lang.Object java.lang.invoke.DirectMethodHandle$Holder.invokeSpecial(java.lang.Object, java.lang.Object, java.lang.Object, java.lang.Object, java.lang.Object, java.lang.Object, java.lang.Object, java.lang.Object, java.lang.Object, java.lang.Object, java.lang.Object, java.lang.Object, java.lang.Object, java.lang.Object, java.lang.Object, java.lang.Object, java.lang.Object, java.lang.Object, java.lang.Object, java.lang.Object, java.lang.Ob
Event: 6.089 Thread 0x000001ecf9ff3ef0 Exception <a 'java/lang/NoSuchMethodError'{0x00000000eb6e6d50}: 'java.lang.Object java.lang.invoke.DelegatingMethodHandle$Holder.reinvoke_L(java.lang.Object, java.lang.Object, java.lang.Object, java.lang.Object, java.lang.Object, java.lang.Object, java.lang.Object, java.lang.Object, java.lang.Object, java.lang.Object, java.lang.Object, java.lang.Object, java.lang.Object, java.lang.Object, java.lang.Object, java.lang.Object, java.lang.Object, java.lang.Object, java.lang.Object, java.lang.Object, java.lang.O
Event: 6.089 Thread 0x000001ecf9ff3ef0 Exception <a 'java/lang/NoSuchMethodError'{0x00000000eb6f2578}: 'java.lang.Object java.lang.invoke.Invokers$Holder.invoker(java.lang.Object, java.lang.Object, java.lang.Object, java.lang.Object, java.lang.Object, java.lang.Object, java.lang.Object, java.lang.Object, java.lang.Object, java.lang.Object, java.lang.Object, java.lang.Object, java.lang.Object, java.lang.Object, java.lang.Object, java.lang.Object, java.lang.Object, java.lang.Object, java.lang.Object, java.lang.Object, java.lang.Object, java.lang.
Event: 6.089 Thread 0x000001ecf9ff3ef0 Exception <a 'java/lang/NoSuchMethodError'{0x00000000eb6f8fd8}: 'java.lang.Object java.lang.invoke.DelegatingMethodHandle$Holder.delegate(java.lang.Object, java.lang.Object, java.lang.Object, java.lang.Object, java.lang.Object, java.lang.Object, java.lang.Object, java.lang.Object, java.lang.Object, java.lang.Object, java.lang.Object, java.lang.Object, java.lang.Object, java.lang.Object, java.lang.Object, java.lang.Object, java.lang.Object, java.lang.Object, java.lang.Object, java.lang.Object, java.lang.Obj
Event: 6.421 Thread 0x000001ecf9ff3ef0 Exception <a 'java/lang/NoSuchMethodError'{0x00000000ea568788}: 'java.lang.Object java.lang.invoke.DirectMethodHandle$Holder.newInvokeSpecial(java.lang.Object, java.lang.Object, java.lang.Object, java.lang.Object, int)'> (0x00000000ea568788) 
thrown [s\open\src\hotspot\share\interpreter\linkResolver.cpp, line 773]
Event: 6.422 Thread 0x000001ecf9ff3ef0 Exception <a 'java/lang/NoSuchMethodError'{0x00000000ea56db70}: 'java.lang.Object java.lang.invoke.DirectMethodHandle$Holder.invokeSpecial(java.lang.Object, java.lang.Object, java.lang.Object, java.lang.Object, java.lang.Object, int)'> (0x00000000ea56db70) 
thrown [s\open\src\hotspot\share\interpreter\linkResolver.cpp, line 773]
Event: 6.422 Thread 0x000001ecf9ff3ef0 Exception <a 'java/lang/NoSuchMethodError'{0x00000000ea5728a8}: 'java.lang.Object java.lang.invoke.Invokers$Holder.linkToTargetMethod(java.lang.Object, java.lang.Object, java.lang.Object, int, java.lang.Object)'> (0x00000000ea5728a8) 
thrown [s\open\src\hotspot\share\interpreter\linkResolver.cpp, line 773]
Event: 6.473 Thread 0x000001ecf9ff3ef0 Exception <a 'java/lang/NoSuchMethodError'{0x00000000ea498c50}: 'java.lang.Object java.lang.invoke.DirectMethodHandle$Holder.newInvokeSpecial(java.lang.Object, java.lang.Object, java.lang.Object, java.lang.Object, java.lang.Object, java.lang.Object, java.lang.Object, java.lang.Object, java.lang.Object, java.lang.Object, java.lang.Object, java.lang.Object, java.lang.Object, java.lang.Object, java.lang.Object, java.lang.Object)'> (0x00000000ea498c50) 
thrown [s\open\src\hotspot\share\interpreter\linkResolver
Event: 6.474 Thread 0x000001ecf9ff3ef0 Exception <a 'java/lang/NoSuchMethodError'{0x00000000ea49f860}: 'java.lang.Object java.lang.invoke.DirectMethodHandle$Holder.invokeSpecial(java.lang.Object, java.lang.Object, java.lang.Object, java.lang.Object, java.lang.Object, java.lang.Object, java.lang.Object, java.lang.Object, java.lang.Object, java.lang.Object, java.lang.Object, java.lang.Object, java.lang.Object, java.lang.Object, java.lang.Object, java.lang.Object, java.lang.Object)'> (0x00000000ea49f860) 
thrown [s\open\src\hotspot\share\interpret
Event: 6.474 Thread 0x000001ecf9ff3ef0 Exception <a 'java/lang/NoSuchMethodError'{0x00000000ea4a53f8}: 'java.lang.Object java.lang.invoke.DelegatingMethodHandle$Holder.reinvoke_L(java.lang.Object, java.lang.Object, java.lang.Object, java.lang.Object, java.lang.Object, java.lang.Object, java.lang.Object, java.lang.Object, java.lang.Object, java.lang.Object, java.lang.Object, java.lang.Object, java.lang.Object, java.lang.Object, java.lang.Object, java.lang.Object)'> (0x00000000ea4a53f8) 
thrown [s\open\src\hotspot\share\interpreter\linkResolver.c

ZGC Phase Switch (0 events):
No events

VM Operations (20 events):
Event: 4.809 Executing VM operation: ICBufferFull
Event: 4.810 Executing VM operation: ICBufferFull done
Event: 4.880 Executing VM operation: CollectForMetadataAllocation (Metadata GC Threshold)
Event: 4.892 Executing VM operation: CollectForMetadataAllocation (Metadata GC Threshold) done
Event: 4.899 Executing VM operation: CollectForMetadataAllocation (Metadata GC Threshold)
Event: 4.899 Executing VM operation: CollectForMetadataAllocation (Metadata GC Threshold) done
Event: 4.903 Executing VM operation: G1PauseRemark
Event: 4.921 Executing VM operation: G1PauseRemark done
Event: 4.922 Executing VM operation: G1PauseCleanup
Event: 4.923 Executing VM operation: G1PauseCleanup done
Event: 5.248 Executing VM operation: HandshakeAllThreads (Deoptimize)
Event: 5.248 Executing VM operation: HandshakeAllThreads (Deoptimize) done
Event: 5.263 Executing VM operation: ICBufferFull
Event: 5.263 Executing VM operation: ICBufferFull done
Event: 5.395 Executing VM operation: HandshakeAllThreads (Deoptimize)
Event: 5.395 Executing VM operation: HandshakeAllThreads (Deoptimize) done
Event: 5.767 Executing VM operation: ICBufferFull
Event: 5.767 Executing VM operation: ICBufferFull done
Event: 6.315 Executing VM operation: ICBufferFull
Event: 6.316 Executing VM operation: ICBufferFull done

Events (20 events):
Event: 5.659 Thread 0x000001ecfe13e680 Thread added: 0x000001ecfe13e680
Event: 5.868 Thread 0x000001ecfbc08260 Thread exited: 0x000001ecfbc08260
Event: 6.084 Thread 0x000001ecfe137d80 Thread added: 0x000001ecfe137d80
Event: 6.158 Thread 0x000001ecdfefae30 Thread added: 0x000001ecdfefae30
Event: 6.213 Thread 0x000001ecfe138aa0 Thread added: 0x000001ecfe138aa0
Event: 6.214 Thread 0x000001ecfe13a4e0 Thread added: 0x000001ecfe13a4e0
Event: 6.214 Thread 0x000001ecfe139130 Thread added: 0x000001ecfe139130
Event: 6.214 Thread 0x000001ecfe139e50 Thread added: 0x000001ecfe139e50
Event: 6.214 Thread 0x000001ecfcf2bb40 Thread added: 0x000001ecfcf2bb40
Event: 6.215 Thread 0x000001ecfcf2c860 Thread added: 0x000001ecfcf2c860
Event: 6.215 Thread 0x000001ecfcf286c0 Thread added: 0x000001ecfcf286c0
Event: 6.215 Thread 0x000001ecfcf2b4b0 Thread added: 0x000001ecfcf2b4b0
Event: 6.215 Thread 0x000001ecfcf265f0 Thread added: 0x000001ecfcf265f0
Event: 6.215 Thread 0x000001ecfcf2cef0 Thread added: 0x000001ecfcf2cef0
Event: 6.216 Thread 0x000001ecfcf2c1d0 Thread added: 0x000001ecfcf2c1d0
Event: 6.257 Thread 0x000001ecfcf25f60 Thread added: 0x000001ecfcf25f60
Event: 6.257 Thread 0x000001ecfcf29a70 Thread added: 0x000001ecfcf29a70
Event: 6.257 Thread 0x000001ecfcf2a100 Thread added: 0x000001ecfcf2a100
Event: 6.258 Thread 0x000001ecfcf2d580 Thread added: 0x000001ecfcf2d580
Event: 6.258 Thread 0x000001ecfcf27310 Thread added: 0x000001ecfcf27310


Dynamic libraries:
0x00007ff6c7c40000 - 0x00007ff6c7c4e000 	C:\Users\TU\.jdks\openjdk-21\bin\java.exe
0x00007ff90b480000 - 0x00007ff90b66f000 	C:\Windows\SYSTEM32\ntdll.dll
0x00007ff90a290000 - 0x00007ff90a343000 	C:\Windows\System32\KERNEL32.DLL
0x00007ff907f60000 - 0x00007ff9081fd000 	C:\Windows\System32\KERNELBASE.dll
0x00007ff907e00000 - 0x00007ff907efa000 	C:\Windows\System32\ucrtbase.dll
0x00007ff900d80000 - 0x00007ff900d9b000 	C:\Users\TU\.jdks\openjdk-21\bin\VCRUNTIME140.dll
0x00007ff900da0000 - 0x00007ff900db8000 	C:\Users\TU\.jdks\openjdk-21\bin\jli.dll
0x00007ff90ad70000 - 0x00007ff90af08000 	C:\Windows\System32\USER32.dll
0x00007ff908200000 - 0x00007ff908220000 	C:\Windows\System32\win32u.dll
0x00007ff8f3390000 - 0x00007ff8f3609000 	C:\Windows\WinSxS\amd64_microsoft.windows.common-controls_6595b64144ccf1df_6.0.17763.4737_none_de704896534c368b\COMCTL32.dll
0x00007ff909f60000 - 0x00007ff909f89000 	C:\Windows\System32\GDI32.dll
0x00007ff908250000 - 0x00007ff9083f6000 	C:\Windows\System32\gdi32full.dll
0x00007ff90a660000 - 0x00007ff90a6fe000 	C:\Windows\System32\msvcrt.dll
0x00007ff907610000 - 0x00007ff9076b0000 	C:\Windows\System32\msvcp_win.dll
0x00007ff90aa40000 - 0x00007ff90ad6b000 	C:\Windows\System32\combase.dll
0x00007ff909db0000 - 0x00007ff909ece000 	C:\Windows\System32\RPCRT4.dll
0x00007ff907580000 - 0x00007ff907602000 	C:\Windows\System32\bcryptPrimitives.dll
0x00007ff90af70000 - 0x00007ff90af9e000 	C:\Windows\System32\IMM32.DLL
0x00007ff900d70000 - 0x00007ff900d7c000 	C:\Users\TU\.jdks\openjdk-21\bin\vcruntime140_1.dll
0x00007ff8ea9d0000 - 0x00007ff8eaa5e000 	C:\Users\TU\.jdks\openjdk-21\bin\msvcp140.dll
0x00007ff8b25b0000 - 0x00007ff8b32c3000 	C:\Users\TU\.jdks\openjdk-21\bin\server\jvm.dll
0x00007ff909d00000 - 0x00007ff909da7000 	C:\Windows\System32\ADVAPI32.dll
0x00007ff908680000 - 0x00007ff90871f000 	C:\Windows\System32\sechost.dll
0x00007ff907440000 - 0x00007ff90749d000 	C:\Windows\System32\POWRPROF.dll
0x00007ff90a480000 - 0x00007ff90a4ed000 	C:\Windows\System32\WS2_32.dll
0x00007ff900090000 - 0x00007ff9000b4000 	C:\Windows\SYSTEM32\WINMM.dll
0x00007ff8ff0d0000 - 0x00007ff8ff0da000 	C:\Windows\SYSTEM32\VERSION.dll
0x00007ff900060000 - 0x00007ff90008d000 	C:\Windows\SYSTEM32\winmmbase.dll
0x00007ff908400000 - 0x00007ff90844a000 	C:\Windows\System32\cfgmgr32.dll
0x00007ff907400000 - 0x00007ff907411000 	C:\Windows\System32\kernel.appcore.dll
0x00007ff900d60000 - 0x00007ff900d6a000 	C:\Users\TU\.jdks\openjdk-21\bin\jimage.dll
0x00007ff902d10000 - 0x00007ff902efd000 	C:\Windows\SYSTEM32\DBGHELP.DLL
0x00007ff8ec830000 - 0x00007ff8ec85a000 	C:\Windows\SYSTEM32\dbgcore.DLL
0x00007ff8f4a20000 - 0x00007ff8f4a2f000 	C:\Users\TU\.jdks\openjdk-21\bin\instrument.dll
0x00007ff8ff6b0000 - 0x00007ff8ff6cf000 	C:\Users\TU\.jdks\openjdk-21\bin\java.dll
0x00007ff908800000 - 0x00007ff909cf8000 	C:\Windows\System32\SHELL32.dll
0x00007ff90a1e0000 - 0x00007ff90a287000 	C:\Windows\System32\shcore.dll
0x00007ff9076b0000 - 0x00007ff907df7000 	C:\Windows\System32\windows.storage.dll
0x00007ff9074a0000 - 0x00007ff9074c3000 	C:\Windows\System32\profapi.dll
0x00007ff90a860000 - 0x00007ff90a8b2000 	C:\Windows\System32\shlwapi.dll
0x00007ff908660000 - 0x00007ff90867b000 	C:\Windows\System32\cryptsp.dll
0x00007ff8ea690000 - 0x00007ff8ea767000 	C:\Users\TU\.jdks\openjdk-21\bin\jsvml.dll
0x00007ff8fe840000 - 0x00007ff8fe858000 	C:\Users\TU\.jdks\openjdk-21\bin\zip.dll
0x00007ff8ff920000 - 0x00007ff8ff930000 	C:\Users\TU\.jdks\openjdk-21\bin\net.dll
0x00007ff8f5910000 - 0x00007ff8f5a0d000 	C:\Windows\SYSTEM32\WINHTTP.dll
0x00007ff906c50000 - 0x00007ff906cb7000 	C:\Windows\system32\mswsock.dll
0x00007ff8ff690000 - 0x00007ff8ff6a6000 	C:\Users\TU\.jdks\openjdk-21\bin\nio.dll
0x00007ff8f4a30000 - 0x00007ff8f4a40000 	C:\Users\TU\.jdks\openjdk-21\bin\verify.dll
0x00007ff8efe80000 - 0x00007ff8efea7000 	C:\Users\TU\.gradle\native\c067742578af261105cb4f569cf0c3c89f3d7b1fecec35dd04571415982c5e48\windows-amd64\native-platform.dll
0x00007ff8e19d0000 - 0x00007ff8e1b14000 	C:\Users\TU\.gradle\native\38dada09dfb8b06ba9b0570ebf7e218e3eb74d4ef43ca46872605cf95ebc2f47\windows-amd64\native-platform-file-events.dll
0x00007ff8f36b0000 - 0x00007ff8f36ba000 	C:\Users\TU\.jdks\openjdk-21\bin\management.dll
0x00007ff8f36a0000 - 0x00007ff8f36ab000 	C:\Users\TU\.jdks\openjdk-21\bin\management_ext.dll
0x00007ff909ed0000 - 0x00007ff909ed8000 	C:\Windows\System32\PSAPI.DLL
0x00007ff9067d0000 - 0x00007ff906803000 	C:\Windows\system32\rsaenh.dll
0x00007ff908220000 - 0x00007ff908246000 	C:\Windows\System32\bcrypt.dll
0x00007ff907330000 - 0x00007ff907359000 	C:\Windows\SYSTEM32\USERENV.dll
0x00007ff906e20000 - 0x00007ff906e2c000 	C:\Windows\SYSTEM32\CRYPTBASE.dll
0x00007ff906960000 - 0x00007ff90699d000 	C:\Windows\SYSTEM32\IPHLPAPI.DLL
0x00007ff90a150000 - 0x00007ff90a158000 	C:\Windows\System32\NSI.dll
0x00007ff8fccc0000 - 0x00007ff8fccc7000 	C:\Users\TU\.jdks\openjdk-21\bin\extnet.dll
0x00007ff8f2090000 - 0x00007ff8f209e000 	C:\Users\TU\.jdks\openjdk-21\bin\sunmscapi.dll
0x00007ff908450000 - 0x00007ff908654000 	C:\Windows\System32\CRYPT32.dll
0x00007ff907420000 - 0x00007ff907432000 	C:\Windows\System32\MSASN1.dll
0x00007ff906f20000 - 0x00007ff906f4c000 	C:\Windows\SYSTEM32\ncrypt.dll
0x00007ff906ee0000 - 0x00007ff906f1c000 	C:\Windows\SYSTEM32\NTASN1.dll
0x00007ff8d5740000 - 0x00007ff8d5747000 	C:\Windows\system32\wshunix.dll

dbghelp: loaded successfully - version: 4.0.5 - missing functions: none
symbol engine: initialized successfully - sym options: 0x614 - pdb path: .;C:\Users\TU\.jdks\openjdk-21\bin;C:\Windows\SYSTEM32;C:\Windows\WinSxS\amd64_microsoft.windows.common-controls_6595b64144ccf1df_6.0.17763.4737_none_de704896534c368b;C:\Users\TU\.jdks\openjdk-21\bin\server;C:\Users\TU\.gradle\native\c067742578af261105cb4f569cf0c3c89f3d7b1fecec35dd04571415982c5e48\windows-amd64;C:\Users\TU\.gradle\native\38dada09dfb8b06ba9b0570ebf7e218e3eb74d4ef43ca46872605cf95ebc2f47\windows-amd64

VM Arguments:
jvm_args: --add-opens=java.base/java.util=ALL-UNNAMED --add-opens=java.base/java.lang=ALL-UNNAMED --add-opens=java.base/java.lang.invoke=ALL-UNNAMED --add-opens=java.prefs/java.util.prefs=ALL-UNNAMED --add-opens=java.base/java.nio.charset=ALL-UNNAMED --add-opens=java.base/java.net=ALL-UNNAMED --add-opens=java.base/java.util.concurrent.atomic=ALL-UNNAMED -XX:MaxMetaspaceSize=384m -XX:+HeapDumpOnOutOfMemoryError -Xms256m -Xmx512m -Dfile.encoding=windows-1252 -Duser.country=US -Duser.language=en -Duser.variant -javaagent:C:\Users\TU\.gradle\wrapper\dists\gradle-8.5-bin\5t9huq95ubn472n8rpzujfbqh\gradle-8.5\lib\agents\gradle-instrumentation-agent-8.5.jar 
java_command: org.gradle.launcher.daemon.bootstrap.GradleDaemon 8.5
java_class_path (initial): C:\Users\TU\.gradle\wrapper\dists\gradle-8.5-bin\5t9huq95ubn472n8rpzujfbqh\gradle-8.5\lib\gradle-launcher-8.5.jar
Launcher Type: SUN_STANDARD

[Global flags]
     intx CICompilerCount                          = 4                                         {product} {ergonomic}
   size_t CompressedClassSpaceSize                 = 335544320                                 {product} {ergonomic}
     uint ConcGCThreads                            = 3                                         {product} {ergonomic}
     uint G1ConcRefinementThreads                  = 10                                        {product} {ergonomic}
   size_t G1HeapRegionSize                         = 1048576                                   {product} {ergonomic}
    uintx GCDrainStackTargetSize                   = 64                                        {product} {ergonomic}
     bool HeapDumpOnOutOfMemoryError               = true                                   {manageable} {command line}
   size_t InitialHeapSize                          = 268435456                                 {product} {command line}
   size_t MarkStackSize                            = 4194304                                   {product} {ergonomic}
   size_t MaxHeapSize                              = 536870912                                 {product} {command line}
   size_t MaxMetaspaceSize                         = 402653184                                 {product} {command line}
   size_t MaxNewSize                               = 321912832                                 {product} {ergonomic}
   size_t MinHeapDeltaBytes                        = 1048576                                   {product} {ergonomic}
   size_t MinHeapSize                              = 268435456                                 {product} {command line}
    uintx NonNMethodCodeHeapSize                   = 5839372                                {pd product} {ergonomic}
    uintx NonProfiledCodeHeapSize                  = 122909434                              {pd product} {ergonomic}
    uintx ProfiledCodeHeapSize                     = 122909434                              {pd product} {ergonomic}
    uintx ReservedCodeCacheSize                    = 251658240                              {pd product} {ergonomic}
     bool SegmentedCodeCache                       = true                                      {product} {ergonomic}
   size_t SoftMaxHeapSize                          = 536870912                              {manageable} {ergonomic}
     bool UseCompressedOops                        = true                           {product lp64_product} {ergonomic}
     bool UseG1GC                                  = true                                      {product} {ergonomic}
     bool UseLargePagesIndividualAllocation        = false                                  {pd product} {ergonomic}

Logging:
Log output configuration:
 #0: stdout all=warning uptime,level,tags foldmultilines=false
 #1: stderr all=off uptime,level,tags foldmultilines=false

Environment Variables:
JAVA_HOME=C:\Program Files\Java\jdk-21
CLASSPATH=C:\Program Files\Java\jdk-18.0.2\mysql-connector-java-8.0.30.jar;
PATH=C:\Program Files\Common Files\Oracle\Java\javapath;C:\Windows\system32;C:\Windows;C:\Windows\System32\Wbem;C:\Windows\System32\WindowsPowerShell\v1.0\;C:\Windows\System32\OpenSSH\;C:\Program Files\Intel\WiFi\bin\;C:\Program Files\Common Files\Intel\WirelessCommon\;C:\Program Files (x86)\NVIDIA Corporation\PhysX\Common;C:\Program Files\NVIDIA Corporation\NVIDIA NvDLISR;C:\Program Files (x86)\dotnet\;C:\Program Files\dotnet\;C:\Program Files\Java\jdk-21\bin;C:\Program Files\Microsoft SQL Server\Client SDK\ODBC\170\Tools\Binn\;C:\Program Files (x86)\Microsoft SQL Server\150\Tools\Binn\;C:\Program Files\Microsoft SQL Server\150\Tools\Binn\;C:\Program Files\Microsoft SQL Server\150\DTS\Binn\;C:\Program Files (x86)\Microsoft SQL Server\150\DTS\Binn\;C:\Program Files\Azure Data Studio\bin;C:\Program Files\nodejs\;C:\Program Files\dotnet\sdk\7.0.201;C:\Program Files\Git\cmd;C:\mingw32\bin;C:\Program Files\apache-maven-3.9.4\bin;C:\Program Files\MySQL\MySQL Shell 8.0\bin\;C:\Users\TU\AppData\Local\Programs\Python\Python310\Scripts\;C:\Users\TU\AppData\Local\Programs\Python\Python310\;C:\Users\TU\AppData\Local\Microsoft\WindowsApps;C:\Program Files\Intel\WiFi\bin\;C:\Program Files\Common Files\Intel\WirelessCommon\;C:\Program Files\JetBrains\IntelliJ IDEA Community Edition 2022.2\bin;;C:\Users\TU\AppData\Local\Programs\Microsoft VS Code\bin;C:\Program Files\Azure Data Studio\bin;C:\Users\TU\AppData\Roaming\npm;C:\Users\TU\.dotnet\tools;C:\Program Files\dotnet\sdk\7.0.201;C:\Program Files\JetBrains\IntelliJ IDEA 2023.2\bin;;C:\Users\TU\Downloads\Compressed\flutter_windows_3.16.9-stable\flutter\bin;C:\Program Files\Java\jdk-21\bin;C:\Users\TU\AppData\Local\Android\Sdk\platforms;
USERNAME=TU
OS=Windows_NT
PROCESSOR_IDENTIFIER=Intel64 Family 6 Model 158 Stepping 10, GenuineIntel
TMP=C:\Users\TU\AppData\Local\Temp
TEMP=C:\Users\TU\AppData\Local\Temp




---------------  S Y S T E M  ---------------

OS:
 Windows 10 , 64 bit Build 17763 (10.0.17763.4720)
OS uptime: 0 days 5:11 hours

CPU: total 12 (initial active 12) (6 cores per cpu, 2 threads per core) family 6 model 158 stepping 10 microcode 0xde, cx8, cmov, fxsr, ht, mmx, 3dnowpref, sse, sse2, sse3, ssse3, sse4.1, sse4.2, popcnt, lzcnt, tsc, tscinvbit, avx, avx2, aes, erms, clmul, bmi1, bmi2, adx, fma, vzeroupper, clflush, clflushopt, rdtscp, f16c
Processor Information for all 12 processors :
  Max Mhz: 2601, Current Mhz: 2600, Mhz Limit: 2574

Memory: 4k page, system-wide physical 16225M (1795M free)
TotalPageFile size 57525M (AvailPageFile size 2M)
current process WorkingSet (physical memory assigned to process): 321M, peak: 322M
current process commit charge ("private bytes"): 474M, peak: 476M

vm_info: OpenJDK 64-Bit Server VM (21+35-2513) for windows-amd64 JRE (21+35-2513), built on 2023-08-09T20:25:10Z by "mach5one" with MS VC++ 17.1 (VS2022)

END.
